APPLICATION	Car_Generic &lt;insert.your.version.no&gt; #137 (win64-9.1.1)
COMPILED	student@desktop-35mn2a9 2021-07-12 20:55:01
 
FIRST_INIT	(internal default used)	2021-07-12 20:55:19
TIME	0.000
SIM_END			0s	0m
IDLE	20:55:20
SIM_START	Examples/BasicFunctions/Driver/ChangingLanes	2021-07-12 20:55:24
TIME	0.000
SIMULATE	Examples/BasicFunctions/Driver/ChangingLanes

		Input Vel: 0.055782
		Input ACC X,Y: -0.069734, 0.047015
		Input Road Speed Limit, Curvature: 38.888889, 0.000999
		Input Lane Dev Dist, Angl: -0.001885, -0.102216
		Input RelObject, DistX, DistY: 0.000000, 0.000000 
		

		Output Gas: 1.000000
		Output Brake: 0.000000
		Output Steering: 0.000000
		Debug Velocity Ego, Desired: 0.055782, 36.111111
		Debug Distance to Object, Desired: 0.000000, -1.000000
		



		Input Vel: 2.726631
		Input ACC X,Y: -0.041340, 8.132290
		Input Road Speed Limit, Curvature: 38.888889, 0.000999
		Input Lane Dev Dist, Angl: -0.003510, -0.102860
		Input RelObject, DistX, DistY: 0.000000, 0.000000 
		

		Output Gas: 1.000000
		Output Brake: 0.000000
		Output Steering: 0.000000
		Debug Velocity Ego, Desired: 2.726631, 36.111111
		Debug Distance to Object, Desired: 0.000000, -1.000000
		



TIME	2.998
		Input Vel: 12.930621
		Input ACC X,Y: 0.202709, 9.684321
		Input Road Speed Limit, Curvature: 38.888889, 0.001000
		Input Lane Dev Dist, Angl: -0.027400, -0.103876
		Input RelObject, DistX, DistY: 0.000000, 0.000000 
		

		Output Gas: 1.000000
		Output Brake: 0.000000
		Output Steering: 0.000000
		Debug Velocity Ego, Desired: 12.930621, 36.111111
		Debug Distance to Object, Desired: 0.000000, -1.000000
		



		Input Vel: 18.465676
		Input ACC X,Y: 0.841090, 10.971318
		Input Road Speed Limit, Curvature: 38.888889, 0.001000
		Input Lane Dev Dist, Angl: 0.516741, -0.040149
		Input RelObject, DistX, DistY: 0.000000, 0.000000 
		

		Output Gas: 1.000000
		Output Brake: 0.000000
		Output Steering: 0.000000
		Debug Velocity Ego, Desired: 18.465676, 36.111111
		Debug Distance to Object, Desired: 0.000000, -1.000000
		



TIME	4.998
		Input Vel: 25.132491
		Input ACC X,Y: -0.169050, 1.647513
		Input Road Speed Limit, Curvature: 38.888889, 0.001001
		Input Lane Dev Dist, Angl: 1.030477, -0.100136
		Input RelObject, DistX, DistY: 0.000000, 0.000000 
		

		Output Gas: 0.816522
		Output Brake: 0.000000
		Output Steering: 0.000000
		Debug Velocity Ego, Desired: 25.132491, 36.111111
		Debug Distance to Object, Desired: 0.000000, -1.000000
		



		Input Vel: 30.167719
		Input ACC X,Y: 1.336360, 4.401744
		Input Road Speed Limit, Curvature: 38.888889, 0.001001
		Input Lane Dev Dist, Angl: 0.861594, -0.109035
		Input RelObject, DistX, DistY: 0.000000, 0.000000 
		

		Output Gas: 0.581868
		Output Brake: 0.000000
		Output Steering: 0.000000
		Debug Velocity Ego, Desired: 30.167719, 36.111111
		Debug Distance to Object, Desired: 0.000000, -1.000000
		



		Input Vel: 32.750538
		Input ACC X,Y: 1.216211, 1.414301
		Input Road Speed Limit, Curvature: 38.888889, 0.000999
		Input Lane Dev Dist, Angl: 0.628102, -0.105895
		Input RelObject, DistX, DistY: 0.000000, 0.000000 
		

		Output Gas: 0.461627
		Output Brake: 0.000000
		Output Steering: 0.000000
		Debug Velocity Ego, Desired: 32.750538, 36.111111
		Debug Distance to Object, Desired: 0.000000, -1.000000
		



TIME	7.998
		Input Vel: 33.408134
		Input ACC X,Y: 1.923106, 3.335863
		Input Road Speed Limit, Curvature: 38.888889, 0.000999
		Input Lane Dev Dist, Angl: 0.518584, -0.101271
		Input RelObject, DistX, DistY: 0.000000, 0.000000 
		

		Output Gas: 0.435149
		Output Brake: 0.000000
		Output Steering: 0.000000
		Debug Velocity Ego, Desired: 33.408134, 36.111111
		Debug Distance to Object, Desired: 0.000000, -1.000000
		



		Input Vel: 33.391780
		Input ACC X,Y: 0.973097, -0.778884
		Input Road Speed Limit, Curvature: 38.888889, 0.001000
		Input Lane Dev Dist, Angl: 0.518494, -0.098648
		Input RelObject, DistX, DistY: 0.000000, 0.000000 
		

		Output Gas: 0.435967
		Output Brake: 0.000000
		Output Steering: 0.000000
		Debug Velocity Ego, Desired: 33.391780, 36.111111
		Debug Distance to Object, Desired: 0.000000, -1.000000
		



		Input Vel: 32.892594
		Input ACC X,Y: 0.832267, -1.025584
		Input Road Speed Limit, Curvature: 38.888889, 0.001001
		Input Lane Dev Dist, Angl: 0.547589, -0.098735
		Input RelObject, DistX, DistY: 0.000000, 0.000000 
		

		Output Gas: 0.460926
		Output Brake: 0.000000
		Output Steering: 0.000000
		Debug Velocity Ego, Desired: 32.892594, 36.111111
		Debug Distance to Object, Desired: 0.000000, -1.000000
		



TIME	10.998
		Input Vel: 32.204022
		Input ACC X,Y: 0.743626, -1.046774
		Input Road Speed Limit, Curvature: 38.888889, 0.001001
		Input Lane Dev Dist, Angl: 0.568719, -0.099116
		Input RelObject, DistX, DistY: 0.000000, 0.000000 
		

		Output Gas: 0.495354
		Output Brake: 0.000000
		Output Steering: 0.000000
		Debug Velocity Ego, Desired: 32.204022, 36.111111
		Debug Distance to Object, Desired: 0.000000, -1.000000
		



		Input Vel: 31.484700
		Input ACC X,Y: 0.702013, -0.927178
		Input Road Speed Limit, Curvature: 38.888889, 0.000999
		Input Lane Dev Dist, Angl: 0.580141, -0.099453
		Input RelObject, DistX, DistY: 0.000000, 0.000000 
		

		Output Gas: 0.531321
		Output Brake: 0.000000
		Output Steering: 0.000000
		Debug Velocity Ego, Desired: 31.484700, 36.111111
		Debug Distance to Object, Desired: 0.000000, -1.000000
		



		Input Vel: 30.852116
		Input ACC X,Y: 0.707881, -0.722300
		Input Road Speed Limit, Curvature: 38.888889, 0.000999
		Input Lane Dev Dist, Angl: 0.583574, -0.099683
		Input RelObject, DistX, DistY: 0.000000, 0.000000 
		

		Output Gas: 0.562950
		Output Brake: 0.000000
		Output Steering: 0.000000
		Debug Velocity Ego, Desired: 30.852116, 36.111111
		Debug Distance to Object, Desired: 0.000000, -1.000000
		



TIME	13.998
		Input Vel: 30.395974
		Input ACC X,Y: 0.760940, -0.464418
		Input Road Speed Limit, Curvature: 38.888889, 0.001000
		Input Lane Dev Dist, Angl: 0.580701, -0.099812
		Input RelObject, DistX, DistY: 0.000000, 0.000000 
		

		Output Gas: 0.585757
		Output Brake: 0.000000
		Output Steering: 0.000000
		Debug Velocity Ego, Desired: 30.395974, 36.111111
		Debug Distance to Object, Desired: 0.000000, -1.000000
		



		Input Vel: 30.189310
		Input ACC X,Y: 0.857199, -0.196949
		Input Road Speed Limit, Curvature: 38.888889, 0.001001
		Input Lane Dev Dist, Angl: 0.573542, -0.099865
		Input RelObject, DistX, DistY: 0.000000, 0.000000 
		

		Output Gas: 0.596090
		Output Brake: 0.000000
		Output Steering: 0.000000
		Debug Velocity Ego, Desired: 30.189310, 36.111111
		Debug Distance to Object, Desired: 0.000000, -1.000000
		



TIME	15.998
		Input Vel: 30.254997
		Input ACC X,Y: 0.941925, -0.027829
		Input Road Speed Limit, Curvature: 38.888889, 0.001001
		Input Lane Dev Dist, Angl: 0.565990, -0.099919
		Input RelObject, DistX, DistY: 0.000000, 0.000000 
		

		Output Gas: 0.592806
		Output Brake: 0.000000
		Output Steering: 0.000000
		Debug Velocity Ego, Desired: 30.254997, 36.111111
		Debug Distance to Object, Desired: 0.000000, -1.000000
		



		Input Vel: 30.548250
		Input ACC X,Y: 1.035489, 0.094779
		Input Road Speed Limit, Curvature: 38.888889, 0.001000
		Input Lane Dev Dist, Angl: 0.559210, -0.099867
		Input RelObject, DistX, DistY: 0.000000, 0.000000 
		

		Output Gas: 0.578143
		Output Brake: 0.000000
		Output Steering: 0.000000
		Debug Velocity Ego, Desired: 30.548250, 36.111111
		Debug Distance to Object, Desired: 0.000000, -1.000000
		



TIME	17.998
		Input Vel: 31.024500
		Input ACC X,Y: 1.129733, 0.173122
		Input Road Speed Limit, Curvature: 38.888889, 0.000999
		Input Lane Dev Dist, Angl: 0.553810, -0.099709
		Input RelObject, DistX, DistY: 0.000000, 0.000000 
		

		Output Gas: 0.554331
		Output Brake: 0.000000
		Output Steering: 0.000000
		Debug Velocity Ego, Desired: 31.024500, 36.111111
		Debug Distance to Object, Desired: 0.000000, -1.000000
		



		Input Vel: 31.645575
		Input ACC X,Y: 1.221118, 0.211566
		Input Road Speed Limit, Curvature: 38.888889, 0.000999
		Input Lane Dev Dist, Angl: 0.549379, -0.099499
		Input RelObject, DistX, DistY: 0.000000, 0.000000 
		

		Output Gas: 0.523277
		Output Brake: 0.000000
		Output Steering: 0.000000
		Debug Velocity Ego, Desired: 31.645575, 36.111111
		Debug Distance to Object, Desired: 0.000000, -1.000000
		



TIME	19.998
		Input Vel: 32.377829
		Input ACC X,Y: 1.306931, 0.214137
		Input Road Speed Limit, Curvature: 38.888889, 0.001001
		Input Lane Dev Dist, Angl: 0.545209, -0.099290
		Input RelObject, DistX, DistY: 0.000000, 0.000000 
		

		Output Gas: 0.486664
		Output Brake: 0.000000
		Output Steering: 0.000000
		Debug Velocity Ego, Desired: 32.377829, 36.111111
		Debug Distance to Object, Desired: 0.000000, -1.000000
		



		Input Vel: 33.191201
		Input ACC X,Y: 1.384724, 0.184230
		Input Road Speed Limit, Curvature: 38.888889, 0.001001
		Input Lane Dev Dist, Angl: 0.542377, -0.099114
		Input RelObject, DistX, DistY: 0.000000, 0.000000 
		

		Output Gas: 0.445996
		Output Brake: 0.000000
		Output Steering: 0.000000
		Debug Velocity Ego, Desired: 33.191201, 36.111111
		Debug Distance to Object, Desired: 0.000000, -1.000000
		



TIME	21.998
		Input Vel: 34.058396
		Input ACC X,Y: 1.451845, 0.125289
		Input Road Speed Limit, Curvature: 38.888889, 0.000999
		Input Lane Dev Dist, Angl: 0.541501, -0.098886
		Input RelObject, DistX, DistY: 0.000000, 0.000000 
		

		Output Gas: 0.402636
		Output Brake: 0.000000
		Output Steering: 0.000000
		Debug Velocity Ego, Desired: 34.058396, 36.111111
		Debug Distance to Object, Desired: 0.000000, -1.000000
		



		Input Vel: 34.954464
		Input ACC X,Y: 1.506219, 0.041357
		Input Road Speed Limit, Curvature: 38.888889, 0.000999
		Input Lane Dev Dist, Angl: 0.542146, -0.098609
		Input RelObject, DistX, DistY: 0.000000, 0.000000 
		

		Output Gas: 0.357832
		Output Brake: 0.000000
		Output Steering: 0.000000
		Debug Velocity Ego, Desired: 34.954464, 36.111111
		Debug Distance to Object, Desired: 0.000000, -1.000000
		



TIME	23.998
		Input Vel: 35.856549
		Input ACC X,Y: 1.545662, -0.063317
		Input Road Speed Limit, Curvature: 38.888889, 0.001000
		Input Lane Dev Dist, Angl: 0.542679, -0.098325
		Input RelObject, DistX, DistY: 0.000000, 0.000000 
		

		Output Gas: 0.312728
		Output Brake: 0.000000
		Output Steering: 0.000000
		Debug Velocity Ego, Desired: 35.856549, 36.111111
		Debug Distance to Object, Desired: 0.000000, -1.000000
		



		Input Vel: 36.743299
		Input ACC X,Y: 1.567252, -0.186446
		Input Road Speed Limit, Curvature: 38.888889, 0.001002
		Input Lane Dev Dist, Angl: 0.542830, -0.098087
		Input RelObject, DistX, DistY: 0.000000, 0.000000 
		

		Output Gas: 0.267936
		Output Brake: 0.000000
		Output Steering: 0.000000
		Debug Velocity Ego, Desired: 36.743299, 36.111111
		Debug Distance to Object, Desired: 0.000000, -1.000000
		



TIME	25.998
		Input Vel: 37.591428
		Input ACC X,Y: 1.566862, -0.326303
		Input Road Speed Limit, Curvature: 38.888889, 0.001000
		Input Lane Dev Dist, Angl: 0.544412, -0.097877
		Input RelObject, DistX, DistY: 0.000000, 0.000000 
		

		Output Gas: 0.223409
		Output Brake: 0.000000
		Output Steering: 0.000000
		Debug Velocity Ego, Desired: 37.591428, 36.111111
		Debug Distance to Object, Desired: 0.000000, -1.000000
		



		Input Vel: 38.378241
		Input ACC X,Y: 1.543760, -0.477236
		Input Road Speed Limit, Curvature: 38.888889, 0.000999
		Input Lane Dev Dist, Angl: 0.547792, -0.097620
		Input RelObject, DistX, DistY: 0.000000, 0.000000 
		

		Output Gas: 0.180309
		Output Brake: 0.000000
		Output Steering: 0.000000
		Debug Velocity Ego, Desired: 38.378241, 36.111111
		Debug Distance to Object, Desired: 0.000000, -1.000000
		



TIME	27.998
		Input Vel: 39.083961
		Input ACC X,Y: 1.497627, -0.633760
		Input Road Speed Limit, Curvature: 38.888889, 0.000999
		Input Lane Dev Dist, Angl: 0.551278, -0.097376
		Input RelObject, DistX, DistY: 0.000000, 0.000000 
		

		Output Gas: 0.139768
		Output Brake: 0.000000
		Output Steering: 0.000000
		Debug Velocity Ego, Desired: 39.083961, 36.111111
		Debug Distance to Object, Desired: 0.000000, -1.000000
		



		Input Vel: 39.691784
		Input ACC X,Y: 1.428678, -0.790875
		Input Road Speed Limit, Curvature: 38.888889, 0.001001
		Input Lane Dev Dist, Angl: 0.553359, -0.097207
		Input RelObject, DistX, DistY: 0.000000, 0.000000 
		

		Output Gas: 0.102806
		Output Brake: 0.000000
		Output Steering: 0.000000
		Debug Velocity Ego, Desired: 39.691784, 36.111111
		Debug Distance to Object, Desired: 0.000000, -1.000000
		



TIME	29.998
		Input Vel: 40.187318
		Input ACC X,Y: 1.334232, -0.946694
		Input Road Speed Limit, Curvature: 38.888889, 0.001000
		Input Lane Dev Dist, Angl: 0.556056, -0.097121
		Input RelObject, DistX, DistY: 0.000000, 0.000000 
		

		Output Gas: 0.070352
		Output Brake: 0.000000
		Output Steering: 0.000000
		Debug Velocity Ego, Desired: 40.187318, 36.111111
		Debug Distance to Object, Desired: 0.000000, -1.000000
		



		Input Vel: 40.548360
		Input ACC X,Y: 1.209666, -1.100628
		Input Road Speed Limit, Curvature: 38.888889, 0.000999
		Input Lane Dev Dist, Angl: 0.559949, -0.097006
		Input RelObject, DistX, DistY: 0.000000, 0.000000 
		

		Output Gas: 0.043763
		Output Brake: 0.000000
		Output Steering: 0.000000
		Debug Velocity Ego, Desired: 40.548360, 36.111111
		Debug Distance to Object, Desired: 0.000000, -1.000000
		



		Input Vel: 40.768044
		Input ACC X,Y: 1.065051, -1.240183
		Input Road Speed Limit, Curvature: 38.888889, 0.000999
		Input Lane Dev Dist, Angl: 0.563255, -0.096931
		Input RelObject, DistX, DistY: 0.000000, 0.000000 
		

		Output Gas: 0.023659
		Output Brake: 0.000000
		Output Steering: 0.000000
		Debug Velocity Ego, Desired: 40.768044, 36.111111
		Debug Distance to Object, Desired: 0.000000, -1.000000
		



TIME	32.998
		Input Vel: 40.842176
		Input ACC X,Y: 0.918365, -1.351685
		Input Road Speed Limit, Curvature: 38.888889, 0.001001
		Input Lane Dev Dist, Angl: 0.564136, -0.096972
		Input RelObject, DistX, DistY: 0.000000, 0.000000 
		

		Output Gas: 0.010543
		Output Brake: 0.000000
		Output Steering: 0.000000
		Debug Velocity Ego, Desired: 40.842176, 36.111111
		Debug Distance to Object, Desired: 0.000000, -1.000000
		



		Input Vel: 40.798219
		Input ACC X,Y: 0.781619, -1.433374
		Input Road Speed Limit, Curvature: 38.888889, 0.001000
		Input Lane Dev Dist, Angl: 0.564195, -0.097124
		Input RelObject, DistX, DistY: 0.000000, 0.000000 
		

		Output Gas: 0.003305
		Output Brake: 0.000000
		Output Steering: 0.000000
		Debug Velocity Ego, Desired: 40.798219, 36.111111
		Debug Distance to Object, Desired: 0.000000, -1.000000
		



		Input Vel: 40.095201
		Input ACC X,Y: -0.271788, -2.006475
		Input Road Speed Limit, Curvature: 38.888889, 0.000999
		Input Lane Dev Dist, Angl: 0.561848, -0.096870
		Input RelObject, DistX, DistY: 0.000000, 0.000000 
		

		Output Gas: 0.029484
		Output Brake: 0.000000
		Output Steering: 0.000000
		Debug Velocity Ego, Desired: 40.095201, 36.111111
		Debug Distance to Object, Desired: 0.000000, -1.000000
		



TIME	35.998
		Input Vel: 39.270118
		Input ACC X,Y: 0.281255, -1.537498
		Input Road Speed Limit, Curvature: 38.888889, 0.000999
		Input Lane Dev Dist, Angl: 0.565902, -0.097516
		Input RelObject, DistX, DistY: 0.000000, 0.000000 
		

		Output Gas: 0.063729
		Output Brake: 0.000000
		Output Steering: 0.000000
		Debug Velocity Ego, Desired: 39.270118, 36.111111
		Debug Distance to Object, Desired: 0.000000, -1.000000
		



		Input Vel: 38.976214
		Input ACC X,Y: 0.498387, -1.411558
		Input Road Speed Limit, Curvature: 38.888889, 0.001002
		Input Lane Dev Dist, Angl: 0.557575, -0.098070
		Input RelObject, DistX, DistY: 0.000000, 0.000000 
		

		Output Gas: 0.072450
		Output Brake: 0.000000
		Output Steering: 0.000000
		Debug Velocity Ego, Desired: 38.976214, 36.111111
		Debug Distance to Object, Desired: 0.000000, -1.000000
		



		Input Vel: 38.876978
		Input ACC X,Y: 0.543672, -1.392273
		Input Road Speed Limit, Curvature: 38.888889, 0.001000
		Input Lane Dev Dist, Angl: 0.542387, -0.098282
		Input RelObject, DistX, DistY: 0.000000, 0.000000 
		

		Output Gas: 0.071800
		Output Brake: 0.000000
		Output Steering: 0.000000
		Debug Velocity Ego, Desired: 38.876978, 36.111111
		Debug Distance to Object, Desired: 0.000000, -1.000000
		



TIME	38.998
		Input Vel: 38.823219
		Input ACC X,Y: 0.434151, -1.434488
		Input Road Speed Limit, Curvature: 38.888889, 0.000999
		Input Lane Dev Dist, Angl: 0.528154, -0.098207
		Input RelObject, DistX, DistY: 0.000000, 0.000000 
		

		Output Gas: 0.069000
		Output Brake: 0.000000
		Output Steering: 0.000000
		Debug Velocity Ego, Desired: 38.823219, 36.111111
		Debug Distance to Object, Desired: 0.000000, -1.000000
		



		Input Vel: 38.674065
		Input ACC X,Y: 0.282095, -1.470433
		Input Road Speed Limit, Curvature: 38.888889, 0.000999
		Input Lane Dev Dist, Angl: 0.517447, -0.098063
		Input RelObject, DistX, DistY: 0.000000, 0.000000 
		

		Output Gas: 0.071168
		Output Brake: 0.000000
		Output Steering: 0.000000
		Debug Velocity Ego, Desired: 38.674065, 36.111111
		Debug Distance to Object, Desired: 0.000000, -1.000000
		



		Input Vel: 38.452039
		Input ACC X,Y: 0.160208, -1.480388
		Input Road Speed Limit, Curvature: 38.888889, 0.001001
		Input Lane Dev Dist, Angl: 0.509667, -0.098012
		Input RelObject, DistX, DistY: 0.000000, 0.000000 
		

		Output Gas: 0.077356
		Output Brake: 0.000000
		Output Steering: 0.000000
		Debug Velocity Ego, Desired: 38.452039, 36.111111
		Debug Distance to Object, Desired: 0.000000, -1.000000
		



TIME	41.998
		Input Vel: 38.184933
		Input ACC X,Y: 0.055257, -1.477036
		Input Road Speed Limit, Curvature: 27.777778, 0.001000
		Input Lane Dev Dist, Angl: 0.506204, -0.098016
		Input RelObject, DistX, DistY: 0.000000, 0.000000 
		

		Output Gas: 0.084247
		Output Brake: 0.333801
		Output Steering: 0.000000
		Debug Velocity Ego, Desired: 38.184933, 27.777778
		Debug Distance to Object, Desired: 0.000000, -1.000000
		



		Input Vel: 37.863490
		Input ACC X,Y: -0.067941, -1.470691
		Input Road Speed Limit, Curvature: 27.777778, 0.000999
		Input Lane Dev Dist, Angl: 0.508696, -0.097891
		Input RelObject, DistX, DistY: 0.000000, 0.000000 
		

		Output Gas: 0.084247
		Output Brake: 0.338232
		Output Steering: 0.000000
		Debug Velocity Ego, Desired: 37.863490, 27.777778
		Debug Distance to Object, Desired: 0.000000, -1.000000
		



		Input Vel: 37.487229
		Input ACC X,Y: -0.176392, -1.450633
		Input Road Speed Limit, Curvature: 27.777778, 0.000999
		Input Lane Dev Dist, Angl: 0.519165, -0.097654
		Input RelObject, DistX, DistY: 0.000000, 0.000000 
		

		Output Gas: 0.084247
		Output Brake: 0.339223
		Output Steering: 0.000000
		Debug Velocity Ego, Desired: 37.487229, 27.777778
		Debug Distance to Object, Desired: 0.000000, -1.000000
		



TIME	44.998
		Input Vel: 37.069247
		Input ACC X,Y: -0.270776, -1.409603
		Input Road Speed Limit, Curvature: 27.777778, 0.001001
		Input Lane Dev Dist, Angl: 0.538507, -0.097480
		Input RelObject, DistX, DistY: 0.000000, 0.000000 
		

		Output Gas: 0.084247
		Output Brake: 0.337330
		Output Steering: 0.000000
		Debug Velocity Ego, Desired: 37.069247, 27.777778
		Debug Distance to Object, Desired: 0.000000, -1.000000
		



		Input Vel: 36.622274
		Input ACC X,Y: -0.352551, -1.298594
		Input Road Speed Limit, Curvature: 27.777778, 0.000000
		Input Lane Dev Dist, Angl: 0.555847, -0.079464
		Input RelObject, DistX, DistY: 0.000000, 0.000000 
		

		Output Gas: 0.084247
		Output Brake: 0.333121
		Output Steering: 0.000000
		Debug Velocity Ego, Desired: 36.622274, 27.777778
		Debug Distance to Object, Desired: 0.000000, -1.000000
		



		Input Vel: 36.159009
		Input ACC X,Y: -0.415358, -1.057254
		Input Road Speed Limit, Curvature: 27.777778, 0.000000
		Input Lane Dev Dist, Angl: 0.492016, -0.048132
		Input RelObject, DistX, DistY: 0.000000, 0.000000 
		

		Output Gas: 0.084247
		Output Brake: 0.327186
		Output Steering: 0.000000
		Debug Velocity Ego, Desired: 36.159009, 27.777778
		Debug Distance to Object, Desired: 0.000000, -1.000000
		



TIME	47.998
		Input Vel: 35.691027
		Input ACC X,Y: -0.448191, -0.748317
		Input Road Speed Limit, Curvature: 27.777778, 0.000000
		Input Lane Dev Dist, Angl: 0.154475, -0.024079
		Input RelObject, DistX, DistY: 0.000000, 0.000000 
		

		Output Gas: 0.084247
		Output Brake: 0.320081
		Output Steering: 0.000000
		Debug Velocity Ego, Desired: 35.691027, 27.777778
		Debug Distance to Object, Desired: 0.000000, -1.000000
		



		Input Vel: 35.228130
		Input ACC X,Y: -0.452974, -0.437280
		Input Road Speed Limit, Curvature: 27.777778, 0.000000
		Input Lane Dev Dist, Angl: -0.379229, -0.008328
		Input RelObject, DistX, DistY: 0.000000, 0.000000 
		

		Output Gas: 0.084247
		Output Brake: 0.312298
		Output Steering: 0.000000
		Debug Velocity Ego, Desired: 35.228130, 27.777778
		Debug Distance to Object, Desired: 0.000000, -1.000000
		



		Input Vel: 34.779181
		Input ACC X,Y: -0.438450, -0.194297
		Input Road Speed Limit, Curvature: 27.777778, 0.000000
		Input Lane Dev Dist, Angl: -0.523837, -0.000162
		Input RelObject, DistX, DistY: 0.000000, 0.000000 
		

		Output Gas: 0.084247
		Output Brake: 0.304299
		Output Steering: 0.000000
		Debug Velocity Ego, Desired: 34.779181, 27.777778
		Debug Distance to Object, Desired: 0.000000, -1.000000
		



TIME	50.998
		Input Vel: 34.352497
		Input ACC X,Y: -0.412038, -0.060396
		Input Road Speed Limit, Curvature: 27.777778, 0.000000
		Input Lane Dev Dist, Angl: -0.470670, 0.002993
		Input RelObject, DistX, DistY: 0.000000, 0.000000 
		

		Output Gas: 0.084247
		Output Brake: 0.296537
		Output Steering: 0.000000
		Debug Velocity Ego, Desired: 34.352497, 27.777778
		Debug Distance to Object, Desired: 0.000000, -1.000000
		



		Input Vel: 33.956237
		Input ACC X,Y: -0.377351, -0.003845
		Input Road Speed Limit, Curvature: 27.777778, 0.000000
		Input Lane Dev Dist, Angl: -0.353381, 0.003719
		Input RelObject, DistX, DistY: 0.000000, 0.000000 
		

		Output Gas: 0.084247
		Output Brake: 0.289471
		Output Steering: 0.000000
		Debug Velocity Ego, Desired: 33.956237, 27.777778
		Debug Distance to Object, Desired: 0.000000, -1.000000
		



		Input Vel: 33.598317
		Input ACC X,Y: -0.335324, 0.019341
		Input Road Speed Limit, Curvature: 27.777778, 0.000000
		Input Lane Dev Dist, Angl: -0.230737, 0.003430
		Input RelObject, DistX, DistY: 0.000000, 0.000000 
		

		Output Gas: 0.084247
		Output Brake: 0.283567
		Output Steering: 0.000000
		Debug Velocity Ego, Desired: 33.598317, 27.777778
		Debug Distance to Object, Desired: 0.000000, -1.000000
		



TIME	53.998
		Input Vel: 33.286296
		Input ACC X,Y: -0.286327, 0.028253
		Input Road Speed Limit, Curvature: 27.777778, 0.000000
		Input Lane Dev Dist, Angl: -0.126789, 0.002700
		Input RelObject, DistX, DistY: 0.000000, 0.000000 
		

		Output Gas: 0.084247
		Output Brake: 0.279287
		Output Steering: 0.000000
		Debug Velocity Ego, Desired: 33.286296, 27.777778
		Debug Distance to Object, Desired: 0.000000, -1.000000
		



		Input Vel: 33.006520
		Input ACC X,Y: -0.275095, 0.028236
		Input Road Speed Limit, Curvature: 27.777778, 0.000000
		Input Lane Dev Dist, Angl: -0.050483, 0.001851
		Input RelObject, DistX, DistY: 0.000000, 0.000000 
		

		Output Gas: 0.084247
		Output Brake: 0.276034
		Output Steering: 0.000000
		Debug Velocity Ego, Desired: 33.006520, 27.777778
		Debug Distance to Object, Desired: 0.000000, -1.000000
		



		Input Vel: 32.734115
		Input ACC X,Y: -0.268972, 0.023401
		Input Road Speed Limit, Curvature: 27.777778, 0.000000
		Input Lane Dev Dist, Angl: -0.001856, 0.001082
		Input RelObject, DistX, DistY: 0.000000, 0.000000 
		

		Output Gas: 0.084247
		Output Brake: 0.272598
		Output Steering: 0.000000
		Debug Velocity Ego, Desired: 32.734115, 27.777778
		Debug Distance to Object, Desired: 0.000000, -1.000000
		



TIME	56.998
		Input Vel: 32.468477
		Input ACC X,Y: -0.262318, 0.017452
		Input Road Speed Limit, Curvature: 27.777778, 0.000000
		Input Lane Dev Dist, Angl: 0.023662, 0.000474
		Input RelObject, DistX, DistY: 0.000000, 0.000000 
		

		Output Gas: 0.084247
		Output Brake: 0.268962
		Output Steering: 0.000000
		Debug Velocity Ego, Desired: 32.468477, 27.777778
		Debug Distance to Object, Desired: 0.000000, -1.000000
		



		Input Vel: 32.209388
		Input ACC X,Y: -0.255875, 0.011998
		Input Road Speed Limit, Curvature: 27.777778, 0.000000
		Input Lane Dev Dist, Angl: 0.031892, 0.000034
		Input RelObject, DistX, DistY: 0.000000, 0.000000 
		

		Output Gas: 0.084247
		Output Brake: 0.265128
		Output Steering: 0.000000
		Debug Velocity Ego, Desired: 32.209388, 27.777778
		Debug Distance to Object, Desired: 0.000000, -1.000000
		



TIME	59.934
		Input Vel: 31.956655
		Input ACC X,Y: -0.249616, 0.007448
		Input Road Speed Limit, Curvature: 27.777778, 0.000000
		Input Lane Dev Dist, Angl: 0.028233, -0.000258
		Input RelObject, DistX, DistY: 0.000000, 0.000000 
		

		Output Gas: 0.084247
		Output Brake: 0.261101
		Output Steering: 0.000000
		Debug Velocity Ego, Desired: 31.956655, 27.777778
		Debug Distance to Object, Desired: 0.000000, -1.000000
		



		Input Vel: 31.710094
		Input ACC X,Y: -0.243535, 0.004128
		Input Road Speed Limit, Curvature: 27.777778, 0.000000
		Input Lane Dev Dist, Angl: 0.017165, -0.000432
		Input RelObject, DistX, DistY: 0.000000, 0.000000 
		

		Output Gas: 0.084247
		Output Brake: 0.256883
		Output Steering: 0.000000
		Debug Velocity Ego, Desired: 31.710094, 27.777778
		Debug Distance to Object, Desired: 0.000000, -1.000000
		



		Input Vel: 31.469524
		Input ACC X,Y: -0.237630, 0.001996
		Input Road Speed Limit, Curvature: 27.777778, 0.000000
		Input Lane Dev Dist, Angl: 0.001962, -0.000526
		Input RelObject, DistX, DistY: 0.000000, 0.000000 
		

		Output Gas: 0.084247
		Output Brake: 0.252478
		Output Steering: 0.000000
		Debug Velocity Ego, Desired: 31.469524, 27.777778
		Debug Distance to Object, Desired: 0.000000, -1.000000
		



TIME	62.934
		Input Vel: 31.234774
		Input ACC X,Y: -0.231893, 0.000115
		Input Road Speed Limit, Curvature: 27.777778, 0.000000
		Input Lane Dev Dist, Angl: -0.015188, -0.000561
		Input RelObject, DistX, DistY: 0.000000, 0.000000 
		

		Output Gas: 0.084247
		Output Brake: 0.247888
		Output Steering: 0.000000
		Debug Velocity Ego, Desired: 31.234774, 27.777778
		Debug Distance to Object, Desired: 0.000000, -1.000000
		



		Input Vel: 31.005678
		Input ACC X,Y: -0.226320, -0.002950
		Input Road Speed Limit, Curvature: 27.777778, 0.000000
		Input Lane Dev Dist, Angl: -0.032252, -0.000519
		Input RelObject, DistX, DistY: 0.000000, 0.000000 
		

		Output Gas: 0.084247
		Output Brake: 0.243117
		Output Steering: 0.000000
		Debug Velocity Ego, Desired: 31.005678, 27.777778
		Debug Distance to Object, Desired: 0.000000, -1.000000
		



TIME	64.934
		Input Vel: 30.782073
		Input ACC X,Y: -0.220906, -0.008647
		Input Road Speed Limit, Curvature: 19.444444, 0.000000
		Input Lane Dev Dist, Angl: -0.045954, -0.000333
		Input RelObject, DistX, DistY: 0.000000, 0.000000 
		

		Output Gas: 0.084247
		Output Brake: 0.663860
		Output Steering: 0.000000
		Debug Velocity Ego, Desired: 30.782073, 19.444444
		Debug Distance to Object, Desired: 0.000000, -1.000000
		



		Input Vel: 30.563803
		Input ACC X,Y: -0.215653, -0.018050
		Input Road Speed Limit, Curvature: 19.444444, 0.000000
		Input Lane Dev Dist, Angl: -0.050364, 0.000107
		Input RelObject, DistX, DistY: 0.000000, 0.000000 
		

		Output Gas: 0.084247
		Output Brake: 0.675403
		Output Steering: 0.000000
		Debug Velocity Ego, Desired: 30.563803, 19.444444
		Debug Distance to Object, Desired: 0.000000, -1.000000
		



TIME	66.934
		Input Vel: 30.350715
		Input ACC X,Y: -0.210574, -0.033034
		Input Road Speed Limit, Curvature: 19.444444, 0.000000
		Input Lane Dev Dist, Angl: -0.035737, 0.000956
		Input RelObject, DistX, DistY: 0.000000, 0.000000 
		

		Output Gas: 0.084247
		Output Brake: 0.686773
		Output Steering: 0.000000
		Debug Velocity Ego, Desired: 30.350715, 19.444444
		Debug Distance to Object, Desired: 0.000000, -1.000000
		



		Input Vel: 30.142659
		Input ACC X,Y: -0.205712, -0.053644
		Input Road Speed Limit, Curvature: 19.444444, 0.000000
		Input Lane Dev Dist, Angl: 0.013325, 0.002437
		Input RelObject, DistX, DistY: 0.000000, 0.000000 
		

		Output Gas: 0.084247
		Output Brake: 0.697974
		Output Steering: 0.000000
		Debug Velocity Ego, Desired: 30.142659, 19.444444
		Debug Distance to Object, Desired: 0.000000, -1.000000
		



TIME	68.934
		Input Vel: 29.939499
		Input ACC X,Y: -0.200963, -0.051194
		Input Road Speed Limit, Curvature: 19.444444, -0.004547
		Input Lane Dev Dist, Angl: 0.115010, 0.136541
		Input RelObject, DistX, DistY: 0.000000, 0.000000 
		

		Output Gas: 0.084247
		Output Brake: 0.709008
		Output Steering: 0.000000
		Debug Velocity Ego, Desired: 29.939499, 19.444444
		Debug Distance to Object, Desired: 0.000000, -1.000000
		



		Input Vel: 29.741097
		Input ACC X,Y: -0.195633, 0.245569
		Input Road Speed Limit, Curvature: 19.444444, -0.004543
		Input Lane Dev Dist, Angl: 0.241286, 0.270272
		Input RelObject, DistX, DistY: 0.000000, 0.000000 
		

		Output Gas: 0.084247
		Output Brake: 0.719879
		Output Steering: 0.000000
		Debug Velocity Ego, Desired: 29.741097, 19.444444
		Debug Distance to Object, Desired: 0.000000, -1.000000
		



TIME	70.934
		Input Vel: 29.544388
		Input ACC X,Y: -0.229864, 1.365604
		Input Road Speed Limit, Curvature: 19.444444, -0.004541
		Input Lane Dev Dist, Angl: 0.011434, 0.378044
		Input RelObject, DistX, DistY: 0.000000, 0.000000 
		

		Output Gas: 0.084247
		Output Brake: 0.730441
		Output Steering: 0.000000
		Debug Velocity Ego, Desired: 29.544388, 19.444444
		Debug Distance to Object, Desired: 0.000000, -1.000000
		



		Input Vel: 29.638828
		Input ACC X,Y: -0.144622, 5.607026
		Input Road Speed Limit, Curvature: 27.777778, -0.004541
		Input Lane Dev Dist, Angl: -0.844195, 0.425235
		Input RelObject, DistX, DistY: 0.000000, 0.000000 
		

		Output Gas: 0.084247
		Output Brake: 0.676320
		Output Steering: 0.000000
		Debug Velocity Ego, Desired: 29.638828, 20.986497
		Debug Distance to Object, Desired: 0.000000, -1.000000
		



TIME	72.934
		Input Vel: 30.497844
		Input ACC X,Y: 0.136638, 4.144094
		Input Road Speed Limit, Curvature: 27.777778, -0.004542
		Input Lane Dev Dist, Angl: -1.023671, 0.455621
		Input RelObject, DistX, DistY: 0.000000, 0.000000 
		

		Output Gas: 0.084247
		Output Brake: 0.737583
		Output Steering: 0.000000
		Debug Velocity Ego, Desired: 30.497844, 20.983495
		Debug Distance to Object, Desired: 0.000000, -1.000000
		



TIME	75.635
		Input Vel: 30.910554
		Input ACC X,Y: -1.421123, 4.289880
		Input Road Speed Limit, Curvature: 27.777778, -0.004544
		Input Lane Dev Dist, Angl: -0.848414, 0.461501
		Input RelObject, DistX, DistY: 0.000000, 0.000000 
		

		Output Gas: 0.084247
		Output Brake: 0.777982
		Output Steering: 0.000000
		Debug Velocity Ego, Desired: 30.910554, 20.979697
		Debug Distance to Object, Desired: 0.000000, -1.000000
		



		Input Vel: 30.693352
		Input ACC X,Y: -2.674935, 3.761477
		Input Road Speed Limit, Curvature: 27.777778, -0.004546
		Input Lane Dev Dist, Angl: -0.655126, 0.458210
		Input RelObject, DistX, DistY: 0.000000, 0.000000 
		

		Output Gas: 0.084247
		Output Brake: 0.787105
		Output Steering: 0.000000
		Debug Velocity Ego, Desired: 30.693352, 20.974896
		Debug Distance to Object, Desired: 0.000000, -1.000000
		



TIME	77.635
		Input Vel: 30.011056
		Input ACC X,Y: -3.377474, 2.863670
		Input Road Speed Limit, Curvature: 27.777778, -0.004549
		Input Lane Dev Dist, Angl: -0.574552, 0.454779
		Input RelObject, DistX, DistY: 0.000000, 0.000000 
		

		Output Gas: 0.084247
		Output Brake: 0.772182
		Output Steering: 0.000000
		Debug Velocity Ego, Desired: 30.011056, 20.967354
		Debug Distance to Object, Desired: 0.000000, -1.000000
		



		Input Vel: 29.025014
		Input ACC X,Y: -3.635549, 1.953643
		Input Road Speed Limit, Curvature: 27.777778, -0.004555
		Input Lane Dev Dist, Angl: -0.571199, 0.453688
		Input RelObject, DistX, DistY: 0.000000, 0.000000 
		

		Output Gas: 0.084247
		Output Brake: 0.740636
		Output Steering: 0.000000
		Debug Velocity Ego, Desired: 29.025014, 20.954607
		Debug Distance to Object, Desired: 0.000000, -1.000000
		



TIME	79.635
		Input Vel: 27.878293
		Input ACC X,Y: -3.590803, 1.179006
		Input Road Speed Limit, Curvature: 27.777778, -0.004548
		Input Lane Dev Dist, Angl: -0.576084, 0.455085
		Input RelObject, DistX, DistY: 0.000000, 0.000000 
		

		Output Gas: 0.084247
		Output Brake: 0.697453
		Output Steering: 0.000000
		Debug Velocity Ego, Desired: 27.878293, 20.970782
		Debug Distance to Object, Desired: 0.000000, -1.000000
		



		Input Vel: 26.694233
		Input ACC X,Y: -3.390275, 0.603366
		Input Road Speed Limit, Curvature: 27.777778, -0.004542
		Input Lane Dev Dist, Angl: -0.528242, 0.458545
		Input RelObject, DistX, DistY: 0.000000, 0.000000 
		

		Output Gas: 0.084247
		Output Brake: 0.650247
		Output Steering: 0.000000
		Debug Velocity Ego, Desired: 26.694233, 20.983199
		Debug Distance to Object, Desired: 0.000000, -1.000000
		



TIME	81.635
		Input Vel: 25.577040
		Input ACC X,Y: -3.179313, 0.235230
		Input Road Speed Limit, Curvature: 27.777778, -0.004555
		Input Lane Dev Dist, Angl: -0.407639, 0.390439
		Input RelObject, DistX, DistY: 0.000000, 0.000000 
		

		Output Gas: 0.084247
		Output Brake: 0.606145
		Output Steering: 0.000000
		Debug Velocity Ego, Desired: 25.577040, 20.954627
		Debug Distance to Object, Desired: 0.000000, -1.000000
		



		Input Vel: 24.616206
		Input ACC X,Y: -2.976585, 0.013080
		Input Road Speed Limit, Curvature: 27.777778, -0.004555
		Input Lane Dev Dist, Angl: -0.257985, 0.273116
		Input RelObject, DistX, DistY: 0.000000, 0.000000 
		

		Output Gas: 0.084247
		Output Brake: 0.566355
		Output Steering: 0.000000
		Debug Velocity Ego, Desired: 24.616206, 20.954627
		Debug Distance to Object, Desired: 0.000000, -1.000000
		



TIME	83.635
		Input Vel: 23.886176
		Input ACC X,Y: -2.717419, -0.104801
		Input Road Speed Limit, Curvature: 27.777778, -0.004555
		Input Lane Dev Dist, Angl: -0.130238, 0.158474
		Input RelObject, DistX, DistY: 0.000000, 0.000000 
		

		Output Gas: 0.084247
		Output Brake: 0.536402
		Output Steering: 0.000000
		Debug Velocity Ego, Desired: 23.886176, 20.954627
		Debug Distance to Object, Desired: 0.000000, -1.000000
		



		Input Vel: 23.265242
		Input ACC X,Y: -1.761030, -3.348302
		Input Road Speed Limit, Curvature: 27.777778, -0.004555
		Input Lane Dev Dist, Angl: -0.015164, 0.051436
		Input RelObject, DistX, DistY: 0.000000, 0.000000 
		

		Output Gas: 0.084247
		Output Brake: 0.510666
		Output Steering: 0.000000
		Debug Velocity Ego, Desired: 23.265242, 20.954627
		Debug Distance to Object, Desired: 0.000000, -1.000000
		



SIM_END		Examples/BasicFunctions/Driver/ChangingLanes	82.317s	2630.37m
TIME	96.556
SIM_START	Examples/BasicFunctions/Driver/ChangingLanes	2021-07-12 20:58:37
TIME	0.000
SIMULATE	Examples/BasicFunctions/Driver/ChangingLanes

		Input Vel: 0.045038
		Input ACC X,Y: 0.113410, 0.045852
		Input Road Speed Limit, Curvature: 38.888889, 0.000999
		Input Lane Dev Dist, Angl: -0.001765, -0.102194
		Input RelObject, DistX, DistY: 0.000000, 0.000000 
		

		Output Gas: 1.000000
		Output Brake: 0.506347
		Output Steering: 0.000000
		Debug Velocity Ego, Desired: 0.045038, 36.111111
		Debug Distance to Object, Desired: 0.000000, -1.000000
		



		Input Vel: 0.929248
		Input ACC X,Y: -0.002527, 4.046870
		Input Road Speed Limit, Curvature: 38.888889, 0.000999
		Input Lane Dev Dist, Angl: -0.002219, -0.102377
		Input RelObject, DistX, DistY: 0.000000, 0.000000 
		

		Output Gas: 1.000000
		Output Brake: 0.506347
		Output Steering: 0.000000
		Debug Velocity Ego, Desired: 0.929248, 36.111111
		Debug Distance to Object, Desired: 0.000000, -1.000000
		



TIME	2.672
		Input Vel: 9.424895
		Input ACC X,Y: 0.070126, 11.924208
		Input Road Speed Limit, Curvature: 38.888889, 0.000999
		Input Lane Dev Dist, Angl: -0.014992, -0.104893
		Input RelObject, DistX, DistY: 0.000000, 0.000000 
		

		Output Gas: 1.000000
		Output Brake: 0.506347
		Output Steering: 0.000000
		Debug Velocity Ego, Desired: 9.424895, 36.111111
		Debug Distance to Object, Desired: 0.000000, -1.000000
		



		Input Vel: 15.621034
		Input ACC X,Y: 2.212126, 0.863757
		Input Road Speed Limit, Curvature: 38.888889, 0.001000
		Input Lane Dev Dist, Angl: 0.186795, -0.046438
		Input RelObject, DistX, DistY: 0.000000, 0.000000 
		

		Output Gas: 0.856441
		Output Brake: 0.506347
		Output Steering: 0.000000
		Debug Velocity Ego, Desired: 15.621034, 36.111111
		Debug Distance to Object, Desired: 0.000000, -1.000000
		



TIME	4.672
		Input Vel: 22.783319
		Input ACC X,Y: -0.411788, 3.878168
		Input Road Speed Limit, Curvature: 38.888889, 0.001001
		Input Lane Dev Dist, Angl: 0.799005, -0.117003
		Input RelObject, DistX, DistY: 0.000000, 0.000000 
		

		Output Gas: 0.531433
		Output Brake: 0.506347
		Output Steering: 0.000000
		Debug Velocity Ego, Desired: 22.783319, 36.111111
		Debug Distance to Object, Desired: 0.000000, -1.000000
		



		Input Vel: 26.615518
		Input ACC X,Y: 0.940796, 3.002918
		Input Road Speed Limit, Curvature: 38.888889, 0.001002
		Input Lane Dev Dist, Angl: 0.407210, -0.112182
		Input RelObject, DistX, DistY: 0.000000, 0.000000 
		

		Output Gas: 0.363557
		Output Brake: 0.506347
		Output Steering: 0.000000
		Debug Velocity Ego, Desired: 26.615518, 36.111111
		Debug Distance to Object, Desired: 0.000000, -1.000000
		



TIME	6.672
		Input Vel: 28.963555
		Input ACC X,Y: 1.135695, 1.743948
		Input Road Speed Limit, Curvature: 38.888889, 0.001000
		Input Lane Dev Dist, Angl: 0.286572, -0.101085
		Input RelObject, DistX, DistY: 0.000000, 0.000000 
		

		Output Gas: 0.262508
		Output Brake: 0.506347
		Output Steering: 0.000000
		Debug Velocity Ego, Desired: 28.963555, 36.111111
		Debug Distance to Object, Desired: 0.000000, -1.000000
		



		Input Vel: 29.589720
		Input ACC X,Y: 0.857533, -0.064005
		Input Road Speed Limit, Curvature: 38.888889, 0.000999
		Input Lane Dev Dist, Angl: 0.338876, -0.097320
		Input RelObject, DistX, DistY: 0.000000, 0.000000 
		

		Output Gas: 0.244688
		Output Brake: 0.506347
		Output Steering: 0.000000
		Debug Velocity Ego, Desired: 29.589720, 36.111111
		Debug Distance to Object, Desired: 0.000000, -1.000000
		



TIME	8.672
		Input Vel: 29.519351
		Input ACC X,Y: 0.753138, -0.590882
		Input Road Speed Limit, Curvature: 38.888889, 0.000999
		Input Lane Dev Dist, Angl: 0.434854, -0.097034
		Input RelObject, DistX, DistY: 0.000000, 0.000000 
		

		Output Gas: 0.261242
		Output Brake: 0.506347
		Output Steering: 0.000000
		Debug Velocity Ego, Desired: 29.519351, 36.111111
		Debug Distance to Object, Desired: 0.000000, -1.000000
		



		Input Vel: 29.101542
		Input ACC X,Y: 0.643987, -0.841449
		Input Road Speed Limit, Curvature: 38.888889, 0.001000
		Input Lane Dev Dist, Angl: 0.511423, -0.098082
		Input RelObject, DistX, DistY: 0.000000, 0.000000 
		

		Output Gas: 0.295695
		Output Brake: 0.506347
		Output Steering: 0.000000
		Debug Velocity Ego, Desired: 29.101542, 36.111111
		Debug Distance to Object, Desired: 0.000000, -1.000000
		



TIME	10.672
		Input Vel: 28.535156
		Input ACC X,Y: 0.582926, -0.881740
		Input Road Speed Limit, Curvature: 38.888889, 0.001002
		Input Lane Dev Dist, Angl: 0.554141, -0.099174
		Input RelObject, DistX, DistY: 0.000000, 0.000000 
		

		Output Gas: 0.338588
		Output Brake: 0.506347
		Output Steering: 0.000000
		Debug Velocity Ego, Desired: 28.535156, 36.111111
		Debug Distance to Object, Desired: 0.000000, -1.000000
		



		Input Vel: 27.958088
		Input ACC X,Y: 0.556172, -0.792474
		Input Road Speed Limit, Curvature: 38.888889, 0.001001
		Input Lane Dev Dist, Angl: 0.572525, -0.099920
		Input RelObject, DistX, DistY: 0.000000, 0.000000 
		

		Output Gas: 0.383177
		Output Brake: 0.506347
		Output Steering: 0.000000
		Debug Velocity Ego, Desired: 27.958088, 36.111111
		Debug Distance to Object, Desired: 0.000000, -1.000000
		



TIME	12.672
		Input Vel: 27.462673
		Input ACC X,Y: 0.559056, -0.627735
		Input Road Speed Limit, Curvature: 38.888889, 0.000999
		Input Lane Dev Dist, Angl: 0.578075, -0.100298
		Input RelObject, DistX, DistY: 0.000000, 0.000000 
		

		Output Gas: 0.424769
		Output Brake: 0.506347
		Output Steering: 0.000000
		Debug Velocity Ego, Desired: 27.462673, 36.111111
		Debug Distance to Object, Desired: 0.000000, -1.000000
		



		Input Vel: 27.110933
		Input ACC X,Y: 0.591948, -0.420187
		Input Road Speed Limit, Curvature: 38.888889, 0.000999
		Input Lane Dev Dist, Angl: 0.577745, -0.100458
		Input RelObject, DistX, DistY: 0.000000, 0.000000 
		

		Output Gas: 0.460033
		Output Brake: 0.506347
		Output Steering: 0.000000
		Debug Velocity Ego, Desired: 27.110933, 36.111111
		Debug Distance to Object, Desired: 0.000000, -1.000000
		



TIME	14.672
		Input Vel: 26.945940
		Input ACC X,Y: 0.655808, -0.188864
		Input Road Speed Limit, Curvature: 38.888889, 0.000999
		Input Lane Dev Dist, Angl: 0.574326, -0.100504
		Input RelObject, DistX, DistY: 0.000000, 0.000000 
		

		Output Gas: 0.486482
		Output Brake: 0.506347
		Output Steering: 0.000000
		Debug Velocity Ego, Desired: 26.945940, 36.111111
		Debug Distance to Object, Desired: 0.000000, -1.000000
		



		Input Vel: 27.000211
		Input ACC X,Y: 0.751686, 0.054825
		Input Road Speed Limit, Curvature: 38.888889, 0.001000
		Input Lane Dev Dist, Angl: 0.568536, -0.100494
		Input RelObject, DistX, DistY: 0.000000, 0.000000 
		

		Output Gas: 0.502083
		Output Brake: 0.506347
		Output Steering: 0.000000
		Debug Velocity Ego, Desired: 27.000211, 36.111111
		Debug Distance to Object, Desired: 0.000000, -1.000000
		



TIME	16.672
		Input Vel: 27.296823
		Input ACC X,Y: 0.859344, 0.247653
		Input Road Speed Limit, Curvature: 38.888889, 0.001002
		Input Lane Dev Dist, Angl: 0.561727, -0.100458
		Input RelObject, DistX, DistY: 0.000000, 0.000000 
		

		Output Gas: 0.505218
		Output Brake: 0.506347
		Output Steering: 0.000000
		Debug Velocity Ego, Desired: 27.296823, 36.111111
		Debug Distance to Object, Desired: 0.000000, -1.000000
		



		Input Vel: 27.805155
		Input ACC X,Y: 0.960122, 0.363758
		Input Road Speed Limit, Curvature: 38.888889, 0.001001
		Input Lane Dev Dist, Angl: 0.555579, -0.100407
		Input RelObject, DistX, DistY: 0.000000, 0.000000 
		

		Output Gas: 0.496952
		Output Brake: 0.506347
		Output Steering: 0.000000
		Debug Velocity Ego, Desired: 27.805155, 36.111111
		Debug Distance to Object, Desired: 0.000000, -1.000000
		



TIME	18.672
		Input Vel: 28.470741
		Input ACC X,Y: 1.056063, 0.425715
		Input Road Speed Limit, Curvature: 38.888889, 0.000999
		Input Lane Dev Dist, Angl: 0.550587, -0.100260
		Input RelObject, DistX, DistY: 0.000000, 0.000000 
		

		Output Gas: 0.479641
		Output Brake: 0.506347
		Output Steering: 0.000000
		Debug Velocity Ego, Desired: 28.470741, 36.111111
		Debug Distance to Object, Desired: 0.000000, -1.000000
		



		Input Vel: 29.247854
		Input ACC X,Y: 1.144613, 0.441788
		Input Road Speed Limit, Curvature: 38.888889, 0.000999
		Input Lane Dev Dist, Angl: 0.547014, -0.100044
		Input RelObject, DistX, DistY: 0.000000, 0.000000 
		

		Output Gas: 0.455305
		Output Brake: 0.506347
		Output Steering: 0.000000
		Debug Velocity Ego, Desired: 29.247854, 36.111111
		Debug Distance to Object, Desired: 0.000000, -1.000000
		



TIME	20.672
		Input Vel: 30.098589
		Input ACC X,Y: 1.223131, 0.418876
		Input Road Speed Limit, Curvature: 38.888889, 0.000999
		Input Lane Dev Dist, Angl: 0.544169, -0.099800
		Input RelObject, DistX, DistY: 0.000000, 0.000000 
		

		Output Gas: 0.425653
		Output Brake: 0.506347
		Output Steering: 0.000000
		Debug Velocity Ego, Desired: 30.098589, 36.111111
		Debug Distance to Object, Desired: 0.000000, -1.000000
		



		Input Vel: 30.990597
		Input ACC X,Y: 1.289678, 0.362874
		Input Road Speed Limit, Curvature: 38.888889, 0.001001
		Input Lane Dev Dist, Angl: 0.541410, -0.099567
		Input RelObject, DistX, DistY: 0.000000, 0.000000 
		

		Output Gas: 0.392190
		Output Brake: 0.506347
		Output Steering: 0.000000
		Debug Velocity Ego, Desired: 30.990597, 36.111111
		Debug Distance to Object, Desired: 0.000000, -1.000000
		



TIME	22.672
		Input Vel: 31.896229
		Input ACC X,Y: 1.342413, 0.279310
		Input Road Speed Limit, Curvature: 38.888889, 0.001001
		Input Lane Dev Dist, Angl: 0.539726, -0.099375
		Input RelObject, DistX, DistY: 0.000000, 0.000000 
		

		Output Gas: 0.356244
		Output Brake: 0.506347
		Output Steering: 0.000000
		Debug Velocity Ego, Desired: 31.896229, 36.111111
		Debug Distance to Object, Desired: 0.000000, -1.000000
		



		Input Vel: 32.791736
		Input ACC X,Y: 1.379914, 0.173607
		Input Road Speed Limit, Curvature: 38.888889, 0.001000
		Input Lane Dev Dist, Angl: 0.539734, -0.099146
		Input RelObject, DistX, DistY: 0.000000, 0.000000 
		

		Output Gas: 0.318999
		Output Brake: 0.506347
		Output Steering: 0.000000
		Debug Velocity Ego, Desired: 32.791736, 36.111111
		Debug Distance to Object, Desired: 0.000000, -1.000000
		



TIME	24.672
		Input Vel: 33.670165
		Input ACC X,Y: 1.730987, -0.309676
		Input Road Speed Limit, Curvature: 38.888889, 0.000999
		Input Lane Dev Dist, Angl: 0.548128, -0.099019
		Input RelObject, DistX, DistY: 0.000000, 0.000000 
		

		Output Gas: 0.281412
		Output Brake: 0.506347
		Output Steering: 0.000000
		Debug Velocity Ego, Desired: 33.670165, 36.111111
		Debug Distance to Object, Desired: 0.000000, -1.000000
		



		Input Vel: 34.315503
		Input ACC X,Y: 1.286491, -0.125059
		Input Road Speed Limit, Curvature: 38.888889, 0.000999
		Input Lane Dev Dist, Angl: 0.578480, -0.097976
		Input RelObject, DistX, DistY: 0.000000, 0.000000 
		

		Output Gas: 0.253399
		Output Brake: 0.506347
		Output Steering: 0.000000
		Debug Velocity Ego, Desired: 34.315503, 36.111111
		Debug Distance to Object, Desired: 0.000000, -1.000000
		



TIME	26.672
		Input Vel: 35.008689
		Input ACC X,Y: 1.355648, -0.217933
		Input Road Speed Limit, Curvature: 38.888889, 0.001001
		Input Lane Dev Dist, Angl: 0.579442, -0.098922
		Input RelObject, DistX, DistY: 0.000000, 0.000000 
		

		Output Gas: 0.221641
		Output Brake: 0.506347
		Output Steering: 0.000000
		Debug Velocity Ego, Desired: 35.008689, 36.111111
		Debug Distance to Object, Desired: 0.000000, -1.000000
		



		Input Vel: 35.707000
		Input ACC X,Y: 1.390903, -0.322422
		Input Road Speed Limit, Curvature: 38.888889, 0.001001
		Input Lane Dev Dist, Angl: 0.562723, -0.098779
		Input RelObject, DistX, DistY: 0.000000, 0.000000 
		

		Output Gas: 0.188231
		Output Brake: 0.506347
		Output Steering: 0.000000
		Debug Velocity Ego, Desired: 35.707000, 36.111111
		Debug Distance to Object, Desired: 0.000000, -1.000000
		



TIME	28.672
		Input Vel: 36.383671
		Input ACC X,Y: 1.388156, -0.431053
		Input Road Speed Limit, Curvature: 38.888889, 0.000999
		Input Lane Dev Dist, Angl: 0.552691, -0.098338
		Input RelObject, DistX, DistY: 0.000000, 0.000000 
		

		Output Gas: 0.154523
		Output Brake: 0.506347
		Output Steering: 0.000000
		Debug Velocity Ego, Desired: 36.383671, 36.111111
		Debug Distance to Object, Desired: 0.000000, -1.000000
		



		Input Vel: 37.015532
		Input ACC X,Y: 1.360681, -0.547807
		Input Road Speed Limit, Curvature: 38.888889, 0.000999
		Input Lane Dev Dist, Angl: 0.550970, -0.097963
		Input RelObject, DistX, DistY: 0.000000, 0.000000 
		

		Output Gas: 0.121744
		Output Brake: 0.506347
		Output Steering: 0.000000
		Debug Velocity Ego, Desired: 37.015532, 36.111111
		Debug Distance to Object, Desired: 0.000000, -1.000000
		



TIME	30.672
		Input Vel: 37.582740
		Input ACC X,Y: 1.313413, -0.671658
		Input Road Speed Limit, Curvature: 38.888889, 0.001000
		Input Lane Dev Dist, Angl: 0.552047, -0.097733
		Input RelObject, DistX, DistY: 0.000000, 0.000000 
		

		Output Gas: 0.090995
		Output Brake: 0.506347
		Output Steering: 0.000000
		Debug Velocity Ego, Desired: 37.582740, 36.111111
		Debug Distance to Object, Desired: 0.000000, -1.000000
		



		Input Vel: 38.067532
		Input ACC X,Y: 1.243080, -0.802164
		Input Road Speed Limit, Curvature: 38.888889, 0.001001
		Input Lane Dev Dist, Angl: 0.554135, -0.097645
		Input RelObject, DistX, DistY: 0.000000, 0.000000 
		

		Output Gas: 0.063312
		Output Brake: 0.506347
		Output Steering: 0.000000
		Debug Velocity Ego, Desired: 38.067532, 36.111111
		Debug Distance to Object, Desired: 0.000000, -1.000000
		



TIME	32.672
		Input Vel: 38.451289
		Input ACC X,Y: 1.296930, -0.807061
		Input Road Speed Limit, Curvature: 38.888889, 0.000999
		Input Lane Dev Dist, Angl: 0.557405, -0.097560
		Input RelObject, DistX, DistY: 0.000000, 0.000000 
		

		Output Gas: 0.039815
		Output Brake: 0.506347
		Output Steering: 0.000000
		Debug Velocity Ego, Desired: 38.451289, 36.111111
		Debug Distance to Object, Desired: 0.000000, -1.000000
		



		Input Vel: 38.929466
		Input ACC X,Y: 1.115352, -1.029857
		Input Road Speed Limit, Curvature: 38.888889, 0.000999
		Input Lane Dev Dist, Angl: 0.560319, -0.097520
		Input RelObject, DistX, DistY: 0.000000, 0.000000 
		

		Output Gas: 0.010693
		Output Brake: 0.506347
		Output Steering: 0.000000
		Debug Velocity Ego, Desired: 38.929466, 36.111111
		Debug Distance to Object, Desired: 0.000000, -1.000000
		



TIME	34.672
		Input Vel: 39.158734
		Input ACC X,Y: 1.024337, -1.118568
		Input Road Speed Limit, Curvature: 38.888889, 0.001000
		Input Lane Dev Dist, Angl: 0.561031, -0.097397
		Input RelObject, DistX, DistY: 0.000000, 0.000000 
		

		Output Gas: 0.000011
		Output Brake: 0.006650
		Output Steering: 0.000000
		Debug Velocity Ego, Desired: 39.158734, 36.111111
		Debug Distance to Object, Desired: 0.000000, -1.000000
		



		Input Vel: 39.043921
		Input ACC X,Y: 0.643417, -1.366073
		Input Road Speed Limit, Curvature: 38.888889, 0.001002
		Input Lane Dev Dist, Angl: 0.561278, -0.097361
		Input RelObject, DistX, DistY: 0.000000, 0.000000 
		

		Output Gas: 0.000011
		Output Brake: 0.006969
		Output Steering: 0.000000
		Debug Velocity Ego, Desired: 39.043921, 36.111111
		Debug Distance to Object, Desired: 0.000000, -1.000000
		



TIME	36.672
		Input Vel: 38.913489
		Input ACC X,Y: 0.703557, -1.304001
		Input Road Speed Limit, Curvature: 38.888889, 0.001000
		Input Lane Dev Dist, Angl: 0.563374, -0.097629
		Input RelObject, DistX, DistY: 0.000000, 0.000000 
		

		Output Gas: 0.000011
		Output Brake: 0.006161
		Output Steering: 0.000000
		Debug Velocity Ego, Desired: 38.913489, 36.111111
		Debug Distance to Object, Desired: 0.000000, -1.000000
		



		Input Vel: 38.863947
		Input ACC X,Y: 0.698634, -1.306439
		Input Road Speed Limit, Curvature: 38.888889, 0.000999
		Input Lane Dev Dist, Angl: 0.561291, -0.097820
		Input RelObject, DistX, DistY: 0.000000, 0.000000 
		

		Output Gas: 0.000011
		Output Brake: 0.009232
		Output Steering: 0.000000
		Debug Velocity Ego, Desired: 38.863947, 36.111111
		Debug Distance to Object, Desired: 0.000000, -1.000000
		



TIME	38.672
		Input Vel: 38.834796
		Input ACC X,Y: 0.630884, -1.342848
		Input Road Speed Limit, Curvature: 38.888889, 0.001000
		Input Lane Dev Dist, Angl: 0.553954, -0.097950
		Input RelObject, DistX, DistY: 0.000000, 0.000000 
		

		Output Gas: 0.000011
		Output Brake: 0.013253
		Output Steering: 0.000000
		Debug Velocity Ego, Desired: 38.834796, 36.111111
		Debug Distance to Object, Desired: 0.000000, -1.000000
		



		Input Vel: 38.718356
		Input ACC X,Y: 0.463826, -1.411897
		Input Road Speed Limit, Curvature: 38.888889, 0.001002
		Input Lane Dev Dist, Angl: 0.543683, -0.098080
		Input RelObject, DistX, DistY: 0.000000, 0.000000 
		

		Output Gas: 0.000011
		Output Brake: 0.012783
		Output Steering: 0.000000
		Debug Velocity Ego, Desired: 38.718356, 36.111111
		Debug Distance to Object, Desired: 0.000000, -1.000000
		



TIME	40.672
		Input Vel: 38.476950
		Input ACC X,Y: 0.281578, -1.463555
		Input Road Speed Limit, Curvature: 38.888889, 0.001000
		Input Lane Dev Dist, Angl: 0.533808, -0.098144
		Input RelObject, DistX, DistY: 0.000000, 0.000000 
		

		Output Gas: 0.000011
		Output Brake: 0.005706
		Output Steering: 0.000000
		Debug Velocity Ego, Desired: 38.476950, 36.111111
		Debug Distance to Object, Desired: 0.000000, -1.000000
		



		Input Vel: 38.133441
		Input ACC X,Y: 0.151392, -1.473998
		Input Road Speed Limit, Curvature: 38.888889, 0.000999
		Input Lane Dev Dist, Angl: 0.525784, -0.098147
		Input RelObject, DistX, DistY: 0.000000, 0.000000 
		

		Output Gas: 0.007071
		Output Brake: 0.000004
		Output Steering: 0.000000
		Debug Velocity Ego, Desired: 38.133441, 36.111111
		Debug Distance to Object, Desired: 0.000000, -1.000000
		



TIME	42.672
		Input Vel: 37.769000
		Input ACC X,Y: 0.080131, -1.456011
		Input Road Speed Limit, Curvature: 38.888889, 0.001000
		Input Lane Dev Dist, Angl: 0.518296, -0.098175
		Input RelObject, DistX, DistY: 0.000000, 0.000000 
		

		Output Gas: 0.021613
		Output Brake: 0.000004
		Output Steering: 0.000000
		Debug Velocity Ego, Desired: 37.769000, 36.111111
		Debug Distance to Object, Desired: 0.000000, -1.000000
		



		Input Vel: 37.410521
		Input ACC X,Y: 0.023796, -1.432527
		Input Road Speed Limit, Curvature: 38.888889, 0.001002
		Input Lane Dev Dist, Angl: 0.511306, -0.098239
		Input RelObject, DistX, DistY: 0.000000, 0.000000 
		

		Output Gas: 0.036581
		Output Brake: 0.000004
		Output Steering: 0.000000
		Debug Velocity Ego, Desired: 37.410521, 36.111111
		Debug Distance to Object, Desired: 0.000000, -1.000000
		



TIME	44.672
		Input Vel: 37.050489
		Input ACC X,Y: -0.064770, -1.416013
		Input Road Speed Limit, Curvature: 27.777778, 0.001000
		Input Lane Dev Dist, Angl: 0.507846, -0.098257
		Input RelObject, DistX, DistY: 0.000000, 0.000000 
		

		Output Gas: 0.045570
		Output Brake: 0.371218
		Output Steering: 0.000000
		Debug Velocity Ego, Desired: 37.050489, 27.777778
		Debug Distance to Object, Desired: 0.000000, -1.000000
		



		Input Vel: 36.639842
		Input ACC X,Y: -0.179624, -1.398291
		Input Road Speed Limit, Curvature: 27.777778, 0.000999
		Input Lane Dev Dist, Angl: 0.510574, -0.098119
		Input RelObject, DistX, DistY: 0.000000, 0.000000 
		

		Output Gas: 0.045570
		Output Brake: 0.368830
		Output Steering: 0.000000
		Debug Velocity Ego, Desired: 36.639842, 27.777778
		Debug Distance to Object, Desired: 0.000000, -1.000000
		



TIME	46.672
		Input Vel: 36.178835
		Input ACC X,Y: -0.280105, -1.367330
		Input Road Speed Limit, Curvature: 27.777778, 0.000999
		Input Lane Dev Dist, Angl: 0.521499, -0.097890
		Input RelObject, DistX, DistY: 0.000000, 0.000000 
		

		Output Gas: 0.045570
		Output Brake: 0.363050
		Output Steering: 0.000000
		Debug Velocity Ego, Desired: 36.178835, 27.777778
		Debug Distance to Object, Desired: 0.000000, -1.000000
		



		Input Vel: 35.679715
		Input ACC X,Y: -0.366800, -1.315861
		Input Road Speed Limit, Curvature: 27.777778, 0.001001
		Input Lane Dev Dist, Angl: 0.540997, -0.097767
		Input RelObject, DistX, DistY: 0.000000, 0.000000 
		

		Output Gas: 0.045570
		Output Brake: 0.354402
		Output Steering: 0.000000
		Debug Velocity Ego, Desired: 35.679715, 27.777778
		Debug Distance to Object, Desired: 0.000000, -1.000000
		



TIME	48.672
		Input Vel: 35.154280
		Input ACC X,Y: -0.440967, -1.198485
		Input Road Speed Limit, Curvature: 27.777778, 0.000000
		Input Lane Dev Dist, Angl: 0.556438, -0.077614
		Input RelObject, DistX, DistY: 0.000000, 0.000000 
		

		Output Gas: 0.045570
		Output Brake: 0.343413
		Output Steering: 0.000000
		Debug Velocity Ego, Desired: 35.154280, 27.777778
		Debug Distance to Object, Desired: 0.000000, -1.000000
		



		Input Vel: 34.614179
		Input ACC X,Y: -0.496780, -0.970506
		Input Road Speed Limit, Curvature: 27.777778, 0.000000
		Input Lane Dev Dist, Angl: 0.491358, -0.047732
		Input RelObject, DistX, DistY: 0.000000, 0.000000 
		

		Output Gas: 0.045570
		Output Brake: 0.330622
		Output Steering: 0.000000
		Debug Velocity Ego, Desired: 34.614179, 27.777778
		Debug Distance to Object, Desired: 0.000000, -1.000000
		



TIME	50.672
		Input Vel: 34.069948
		Input ACC X,Y: -0.525626, -0.690887
		Input Road Speed Limit, Curvature: 27.777778, 0.000000
		Input Lane Dev Dist, Angl: 0.172943, -0.024667
		Input RelObject, DistX, DistY: 0.000000, 0.000000 
		

		Output Gas: 0.045570
		Output Brake: 0.316539
		Output Steering: 0.000000
		Debug Velocity Ego, Desired: 34.069948, 27.777778
		Debug Distance to Object, Desired: 0.000000, -1.000000
		



		Input Vel: 33.530597
		Input ACC X,Y: -0.529576, -0.414321
		Input Road Speed Limit, Curvature: 27.777778, 0.000000
		Input Lane Dev Dist, Angl: -0.347813, -0.009251
		Input RelObject, DistX, DistY: 0.000000, 0.000000 
		

		Output Gas: 0.045570
		Output Brake: 0.301615
		Output Steering: 0.000000
		Debug Velocity Ego, Desired: 33.530597, 27.777778
		Debug Distance to Object, Desired: 0.000000, -1.000000
		



TIME	52.672
		Input Vel: 33.004247
		Input ACC X,Y: -0.516592, -0.193582
		Input Road Speed Limit, Curvature: 27.777778, 0.000000
		Input Lane Dev Dist, Angl: -0.511287, -0.000899
		Input RelObject, DistX, DistY: 0.000000, 0.000000 
		

		Output Gas: 0.045570
		Output Brake: 0.286274
		Output Steering: 0.000000
		Debug Velocity Ego, Desired: 33.004247, 27.777778
		Debug Distance to Object, Desired: 0.000000, -1.000000
		



		Input Vel: 32.498376
		Input ACC X,Y: -0.492482, -0.066661
		Input Road Speed Limit, Curvature: 27.777778, 0.000000
		Input Lane Dev Dist, Angl: -0.478874, 0.002586
		Input RelObject, DistX, DistY: 0.000000, 0.000000 
		

		Output Gas: 0.045570
		Output Brake: 0.270923
		Output Steering: 0.000000
		Debug Velocity Ego, Desired: 32.498376, 27.777778
		Debug Distance to Object, Desired: 0.000000, -1.000000
		



TIME	54.672
		Input Vel: 32.020412
		Input ACC X,Y: -0.460797, -0.010788
		Input Road Speed Limit, Curvature: 27.777778, 0.000000
		Input Lane Dev Dist, Angl: -0.376644, 0.003583
		Input RelObject, DistX, DistY: 0.000000, 0.000000 
		

		Output Gas: 0.045570
		Output Brake: 0.255983
		Output Steering: 0.000000
		Debug Velocity Ego, Desired: 32.020412, 27.777778
		Debug Distance to Object, Desired: 0.000000, -1.000000
		



		Input Vel: 31.576435
		Input ACC X,Y: -0.424250, 0.012217
		Input Road Speed Limit, Curvature: 27.777778, 0.000000
		Input Lane Dev Dist, Angl: -0.262184, 0.003514
		Input RelObject, DistX, DistY: 0.000000, 0.000000 
		

		Output Gas: 0.045570
		Output Brake: 0.241819
		Output Steering: 0.000000
		Debug Velocity Ego, Desired: 31.576435, 27.777778
		Debug Distance to Object, Desired: 0.000000, -1.000000
		



TIME	56.672
		Input Vel: 31.172481
		Input ACC X,Y: -0.381208, 0.022470
		Input Road Speed Limit, Curvature: 27.777778, 0.000000
		Input Lane Dev Dist, Angl: -0.159509, 0.002958
		Input RelObject, DistX, DistY: 0.000000, 0.000000 
		

		Output Gas: 0.045570
		Output Brake: 0.228808
		Output Steering: 0.000000
		Debug Velocity Ego, Desired: 31.172481, 27.777778
		Debug Distance to Object, Desired: 0.000000, -1.000000
		



		Input Vel: 30.808747
		Input ACC X,Y: -0.356827, 0.024802
		Input Road Speed Limit, Curvature: 27.777778, 0.000000
		Input Lane Dev Dist, Angl: -0.078884, 0.002202
		Input RelObject, DistX, DistY: 0.000000, 0.000000 
		

		Output Gas: 0.045570
		Output Brake: 0.217043
		Output Steering: 0.000000
		Debug Velocity Ego, Desired: 30.808747, 27.777778
		Debug Distance to Object, Desired: 0.000000, -1.000000
		



TIME	58.672
		Input Vel: 30.456209
		Input ACC X,Y: -0.349605, 0.022367
		Input Road Speed Limit, Curvature: 27.777778, 0.000000
		Input Lane Dev Dist, Angl: -0.022750, 0.001447
		Input RelObject, DistX, DistY: 0.000000, 0.000000 
		

		Output Gas: 0.045570
		Output Brake: 0.205124
		Output Steering: 0.000000
		Debug Velocity Ego, Desired: 30.456209, 27.777778
		Debug Distance to Object, Desired: 0.000000, -1.000000
		



		Input Vel: 30.108957
		Input ACC X,Y: -0.344971, 0.017725
		Input Road Speed Limit, Curvature: 27.777778, 0.000000
		Input Lane Dev Dist, Angl: 0.011337, 0.000805
		Input RelObject, DistX, DistY: 0.000000, 0.000000 
		

		Output Gas: 0.045570
		Output Brake: 0.192770
		Output Steering: 0.000000
		Debug Velocity Ego, Desired: 30.108957, 27.777778
		Debug Distance to Object, Desired: 0.000000, -1.000000
		



TIME	60.672
		Input Vel: 29.766176
		Input ACC X,Y: -0.340586, 0.013009
		Input Road Speed Limit, Curvature: 27.777778, 0.000000
		Input Lane Dev Dist, Angl: 0.027882, 0.000308
		Input RelObject, DistX, DistY: 0.000000, 0.000000 
		

		Output Gas: 0.045570
		Output Brake: 0.179950
		Output Steering: 0.000000
		Debug Velocity Ego, Desired: 29.766176, 27.777778
		Debug Distance to Object, Desired: 0.000000, -1.000000
		



		Input Vel: 29.427735
		Input ACC X,Y: -0.336305, 0.008910
		Input Road Speed Limit, Curvature: 27.777778, 0.000000
		Input Lane Dev Dist, Angl: 0.031534, -0.000051
		Input RelObject, DistX, DistY: 0.000000, 0.000000 
		

		Output Gas: 0.045570
		Output Brake: 0.166666
		Output Steering: 0.000000
		Debug Velocity Ego, Desired: 29.427735, 27.777778
		Debug Distance to Object, Desired: 0.000000, -1.000000
		



TIME	62.672
		Input Vel: 29.093526
		Input ACC X,Y: -0.332127, 0.005551
		Input Road Speed Limit, Curvature: 27.777778, 0.000000
		Input Lane Dev Dist, Angl: 0.026363, -0.000292
		Input RelObject, DistX, DistY: 0.000000, 0.000000 
		

		Output Gas: 0.045570
		Output Brake: 0.152920
		Output Steering: 0.000000
		Debug Velocity Ego, Desired: 29.093526, 27.777778
		Debug Distance to Object, Desired: 0.000000, -1.000000
		



		Input Vel: 28.763446
		Input ACC X,Y: -0.328050, 0.003139
		Input Road Speed Limit, Curvature: 27.777778, 0.000000
		Input Lane Dev Dist, Angl: 0.015674, -0.000439
		Input RelObject, DistX, DistY: 0.000000, 0.000000 
		

		Output Gas: 0.045570
		Output Brake: 0.138717
		Output Steering: 0.000000
		Debug Velocity Ego, Desired: 28.763446, 27.777778
		Debug Distance to Object, Desired: 0.000000, -1.000000
		



TIME	64.672
		Input Vel: 28.437393
		Input ACC X,Y: -0.324071, 0.001580
		Input Road Speed Limit, Curvature: 27.777778, 0.000000
		Input Lane Dev Dist, Angl: 0.001848, -0.000522
		Input RelObject, DistX, DistY: 0.000000, 0.000000 
		

		Output Gas: 0.045570
		Output Brake: 0.124059
		Output Steering: 0.000000
		Debug Velocity Ego, Desired: 28.437393, 27.777778
		Debug Distance to Object, Desired: 0.000000, -1.000000
		



		Input Vel: 28.115269
		Input ACC X,Y: -0.320189, 0.000251
		Input Road Speed Limit, Curvature: 27.777778, 0.000000
		Input Lane Dev Dist, Angl: -0.013519, -0.000559
		Input RelObject, DistX, DistY: 0.000000, 0.000000 
		

		Output Gas: 0.045570
		Output Brake: 0.108949
		Output Steering: 0.000000
		Debug Velocity Ego, Desired: 28.115269, 27.777778
		Debug Distance to Object, Desired: 0.000000, -1.000000
		



TIME	66.672
		Input Vel: 27.796981
		Input ACC X,Y: -0.316399, -0.001701
		Input Road Speed Limit, Curvature: 27.777778, 0.000000
		Input Lane Dev Dist, Angl: -0.029013, -0.000539
		Input RelObject, DistX, DistY: 0.000000, 0.000000 
		

		Output Gas: 0.045570
		Output Brake: 0.093391
		Output Steering: 0.000000
		Debug Velocity Ego, Desired: 27.796981, 27.777778
		Debug Distance to Object, Desired: 0.000000, -1.000000
		



		Input Vel: 27.482436
		Input ACC X,Y: -0.312700, -0.005102
		Input Road Speed Limit, Curvature: 19.444444, 0.000000
		Input Lane Dev Dist, Angl: -0.042556, -0.000422
		Input RelObject, DistX, DistY: 0.000000, 0.000000 
		

		Output Gas: 0.045570
		Output Brake: 0.498279
		Output Steering: 0.000000
		Debug Velocity Ego, Desired: 27.482436, 19.444444
		Debug Distance to Object, Desired: 0.000000, -1.000000
		



TIME	68.672
		Input Vel: 27.171544
		Input ACC X,Y: -0.309091, -0.010548
		Input Road Speed Limit, Curvature: 19.444444, 0.000000
		Input Lane Dev Dist, Angl: -0.050607, -0.000138
		Input RelObject, DistX, DistY: 0.000000, 0.000000 
		

		Output Gas: 0.045570
		Output Brake: 0.498499
		Output Steering: 0.000000
		Debug Velocity Ego, Desired: 27.171544, 19.444444
		Debug Distance to Object, Desired: 0.000000, -1.000000
		



		Input Vel: 26.864218
		Input ACC X,Y: -0.305576, -0.018451
		Input Road Speed Limit, Curvature: 19.444444, 0.000000
		Input Lane Dev Dist, Angl: -0.047583, 0.000403
		Input RelObject, DistX, DistY: 0.000000, 0.000000 
		

		Output Gas: 0.045570
		Output Brake: 0.498279
		Output Steering: 0.000000
		Debug Velocity Ego, Desired: 26.864218, 19.444444
		Debug Distance to Object, Desired: 0.000000, -1.000000
		



TIME	70.672
		Input Vel: 26.560375
		Input ACC X,Y: -0.302168, -0.030270
		Input Road Speed Limit, Curvature: 19.444444, 0.000000
		Input Lane Dev Dist, Angl: -0.025276, 0.001326
		Input RelObject, DistX, DistY: 0.000000, 0.000000 
		

		Output Gas: 0.045570
		Output Brake: 0.497621
		Output Steering: 0.000000
		Debug Velocity Ego, Desired: 26.560375, 19.444444
		Debug Distance to Object, Desired: 0.000000, -1.000000
		



		Input Vel: 26.259782
		Input ACC X,Y: -0.303639, -0.043829
		Input Road Speed Limit, Curvature: 19.444444, -0.004547
		Input Lane Dev Dist, Angl: 0.028174, 0.027457
		Input RelObject, DistX, DistY: 0.000000, 0.000000 
		

		Output Gas: 0.045570
		Output Brake: 0.496523
		Output Steering: 0.000000
		Debug Velocity Ego, Desired: 26.259782, 19.444444
		Debug Distance to Object, Desired: 0.000000, -1.000000
		



TIME	72.672
		Input Vel: 25.828121
		Input ACC X,Y: -0.293541, -0.054575
		Input Road Speed Limit, Curvature: 19.444444, -0.004550
		Input Lane Dev Dist, Angl: 0.124073, 0.147593
		Input RelObject, DistX, DistY: 0.000000, 0.000000 
		

		Output Gas: 0.045570
		Output Brake: 0.488151
		Output Steering: 0.000000
		Debug Velocity Ego, Desired: 25.828121, 19.444444
		Debug Distance to Object, Desired: 0.000000, -1.000000
		



		Input Vel: 25.530938
		Input ACC X,Y: -0.293166, 0.129764
		Input Road Speed Limit, Curvature: 19.444444, -0.004542
		Input Lane Dev Dist, Angl: 0.242346, 0.263437
		Input RelObject, DistX, DistY: 0.000000, 0.000000 
		

		Output Gas: 0.045570
		Output Brake: 0.485761
		Output Steering: 0.000000
		Debug Velocity Ego, Desired: 25.530938, 19.444444
		Debug Distance to Object, Desired: 0.000000, -1.000000
		



TIME	74.672
		Input Vel: 25.239560
		Input ACC X,Y: -0.298863, 0.758534
		Input Road Speed Limit, Curvature: 19.444444, -0.004541
		Input Lane Dev Dist, Angl: 0.167138, 0.362107
		Input RelObject, DistX, DistY: 0.000000, 0.000000 
		

		Output Gas: 0.045570
		Output Brake: 0.483073
		Output Steering: 0.000000
		Debug Velocity Ego, Desired: 25.239560, 19.444444
		Debug Distance to Object, Desired: 0.000000, -1.000000
		



		Input Vel: 25.023322
		Input ACC X,Y: -0.194853, 1.270463
		Input Road Speed Limit, Curvature: 27.777778, -0.004549
		Input Lane Dev Dist, Angl: -0.591687, 0.426448
		Input RelObject, DistX, DistY: 0.000000, 0.000000 
		

		Output Gas: 0.045570
		Output Brake: 0.406450
		Output Steering: 0.000000
		Debug Velocity Ego, Desired: 25.023322, 20.968515
		Debug Distance to Object, Desired: 0.000000, -1.000000
		



TIME	76.672
		Input Vel: 25.644695
		Input ACC X,Y: 0.361718, 2.758215
		Input Road Speed Limit, Curvature: 27.777778, -0.004549
		Input Lane Dev Dist, Angl: -0.917945, 0.453188
		Input RelObject, DistX, DistY: 0.000000, 0.000000 
		

		Output Gas: 0.045570
		Output Brake: 0.446118
		Output Steering: 0.000000
		Debug Velocity Ego, Desired: 25.644695, 20.968251
		Debug Distance to Object, Desired: 0.000000, -1.000000
		



		Input Vel: 26.371395
		Input ACC X,Y: -0.213521, 3.186326
		Input Road Speed Limit, Curvature: 27.777778, -0.004542
		Input Lane Dev Dist, Angl: -0.830746, 0.463679
		Input RelObject, DistX, DistY: 0.000000, 0.000000 
		

		Output Gas: 0.045570
		Output Brake: 0.491824
		Output Steering: 0.000000
		Debug Velocity Ego, Desired: 26.371395, 20.983649
		Debug Distance to Object, Desired: 0.000000, -1.000000
		



TIME	78.672
		Input Vel: 26.535720
		Input ACC X,Y: -1.361947, 3.139349
		Input Road Speed Limit, Curvature: 27.777778, -0.004541
		Input Lane Dev Dist, Angl: -0.659215, 0.462305
		Input RelObject, DistX, DistY: 0.000000, 0.000000 
		

		Output Gas: 0.045570
		Output Brake: 0.510937
		Output Steering: 0.000000
		Debug Velocity Ego, Desired: 26.535720, 20.986822
		Debug Distance to Object, Desired: 0.000000, -1.000000
		



		Input Vel: 26.191916
		Input ACC X,Y: -2.162470, 2.602114
		Input Road Speed Limit, Curvature: 27.777778, -0.004544
		Input Lane Dev Dist, Angl: -0.562838, 0.458798
		Input RelObject, DistX, DistY: 0.000000, 0.000000 
		

		Output Gas: 0.045570
		Output Brake: 0.504974
		Output Steering: 0.000000
		Debug Velocity Ego, Desired: 26.191916, 20.979350
		Debug Distance to Object, Desired: 0.000000, -1.000000
		



TIME	80.672
		Input Vel: 25.462738
		Input ACC X,Y: -2.606356, 1.911764
		Input Road Speed Limit, Curvature: 27.777778, -0.004553
		Input Lane Dev Dist, Angl: -0.546692, 0.456771
		Input RelObject, DistX, DistY: 0.000000, 0.000000 
		

		Output Gas: 0.045570
		Output Brake: 0.479277
		Output Steering: 0.000000
		Debug Velocity Ego, Desired: 25.462738, 20.959162
		Debug Distance to Object, Desired: 0.000000, -1.000000
		



		Input Vel: 24.464994
		Input ACC X,Y: -2.767971, 1.240344
		Input Road Speed Limit, Curvature: 27.777778, -0.004545
		Input Lane Dev Dist, Angl: -0.564775, 0.456640
		Input RelObject, DistX, DistY: 0.000000, 0.000000 
		

		Output Gas: 0.045570
		Output Brake: 0.436544
		Output Steering: 0.000000
		Debug Velocity Ego, Desired: 24.464994, 20.976155
		Debug Distance to Object, Desired: 0.000000, -1.000000
		



TIME	82.672
		Input Vel: 23.298471
		Input ACC X,Y: -2.727436, 0.656242
		Input Road Speed Limit, Curvature: 27.777778, -0.004541
		Input Lane Dev Dist, Angl: -0.579054, 0.457943
		Input RelObject, DistX, DistY: 0.000000, 0.000000 
		

		Output Gas: 0.045570
		Output Brake: 0.383511
		Output Steering: 0.000000
		Debug Velocity Ego, Desired: 23.298471, 20.987046
		Debug Distance to Object, Desired: 0.000000, -1.000000
		



		Input Vel: 22.048426
		Input ACC X,Y: -2.549655, 0.186323
		Input Road Speed Limit, Curvature: 27.777778, -0.004546
		Input Lane Dev Dist, Angl: -0.564725, 0.460432
		Input RelObject, DistX, DistY: 0.000000, 0.000000 
		

		Output Gas: 0.045570
		Output Brake: 0.325064
		Output Steering: 0.000000
		Debug Velocity Ego, Desired: 22.048426, 20.974110
		Debug Distance to Object, Desired: 0.000000, -1.000000
		



TIME	84.672
		Input Vel: 20.528055
		Input ACC X,Y: -2.408615, -0.271062
		Input Road Speed Limit, Curvature: 27.777778, -0.004547
		Input Lane Dev Dist, Angl: -0.502992, 0.463417
		Input RelObject, DistX, DistY: 0.000000, 0.000000 
		

		Output Gas: 0.045570
		Output Brake: 0.249914
		Output Steering: 0.000000
		Debug Velocity Ego, Desired: 20.528055, 20.973156
		Debug Distance to Object, Desired: 0.000000, -1.000000
		



		Input Vel: 19.305375
		Input ACC X,Y: -2.023060, -0.375861
		Input Road Speed Limit, Curvature: 27.777778, -0.004555
		Input Lane Dev Dist, Angl: -0.390776, 0.400513
		Input RelObject, DistX, DistY: 0.000000, 0.000000 
		

		Output Gas: 0.045570
		Output Brake: 0.187605
		Output Steering: 0.000000
		Debug Velocity Ego, Desired: 19.305375, 20.954627
		Debug Distance to Object, Desired: 0.000000, -1.000000
		



TIME	86.672
		Input Vel: 18.213626
		Input ACC X,Y: -1.793305, -0.452960
		Input Road Speed Limit, Curvature: 27.777778, -0.004555
		Input Lane Dev Dist, Angl: -0.265780, 0.312972
		Input RelObject, DistX, DistY: 0.000000, 0.000000 
		

		Output Gas: 0.045570
		Output Brake: 0.128602
		Output Steering: 0.000000
		Debug Velocity Ego, Desired: 18.213626, 20.954627
		Debug Distance to Object, Desired: 0.000000, -1.000000
		



		Input Vel: 17.287992
		Input ACC X,Y: -1.577251, -0.461921
		Input Road Speed Limit, Curvature: 27.777778, -0.004555
		Input Lane Dev Dist, Angl: -0.157661, 0.228857
		Input RelObject, DistX, DistY: 0.000000, 0.000000 
		

		Output Gas: 0.045570
		Output Brake: 0.075883
		Output Steering: 0.000000
		Debug Velocity Ego, Desired: 17.287992, 20.954627
		Debug Distance to Object, Desired: 0.000000, -1.000000
		



TIME	88.672
		Input Vel: 16.551806
		Input ACC X,Y: -1.402914, -0.411945
		Input Road Speed Limit, Curvature: 27.777778, -0.004555
		Input Lane Dev Dist, Angl: -0.083173, 0.147451
		Input RelObject, DistX, DistY: 0.000000, 0.000000 
		

		Output Gas: 0.045570
		Output Brake: 0.030970
		Output Steering: 0.000000
		Debug Velocity Ego, Desired: 16.551806, 20.954627
		Debug Distance to Object, Desired: 0.000000, -1.000000
		



		Input Vel: 15.975313
		Input ACC X,Y: -1.085763, -0.679563
		Input Road Speed Limit, Curvature: 27.777778, -0.004555
		Input Lane Dev Dist, Angl: -0.037277, 0.071056
		Input RelObject, DistX, DistY: 0.000000, 0.000000 
		

		Output Gas: 0.007228
		Output Brake: 0.000000
		Output Steering: 0.000000
		Debug Velocity Ego, Desired: 15.975313, 20.954627
		Debug Distance to Object, Desired: 0.000000, -1.000000
		



SIM_END		Examples/BasicFunctions/Driver/ChangingLanes	90.413s	2630.46m
TIME	90.854
SHUTDOWN	CarMaker quick shutdown initiated

