APPLICATION	Car_Generic &lt;insert.your.version.no&gt; #139 (win64-9.1.1)
COMPILED	student@desktop-35mn2a9 2021-07-15 14:48:19
 
FIRST_INIT	(internal default used)	2021-07-15 14:48:36
TIME	0.000
SIM_END			0s	0m
IDLE	14:48:37
SIM_START	Examples/BasicFunctions/Driver/ChangingLanes	2021-07-15 14:48:43
TIME	0.000
SIMULATE	Examples/BasicFunctions/Driver/ChangingLanes

		Input Vel: 0.055678
		Input ACC X,Y: -0.061666, 0.046954
		Input Road Speed Limit, Curvature: 38.888889, 0.000999
		Input Lane Dev Dist, Angl: -0.001871, -0.102214
		Input RelObject, DistX, DistY: 0.000000, 0.000000 
		

		Output Gas: 1.000000
		Output Brake: 0.000000
		Output Steering: 0.000000
		Debug Velocity Ego, Desired: 0.055678, 36.111111
		Debug Distance to Object, Desired: 0.000000, -1.000000
		



TIME	2.024
		Input Vel: 2.645712
		Input ACC X,Y: -0.043774, 8.454138
		Input Road Speed Limit, Curvature: 38.888889, 0.000999
		Input Lane Dev Dist, Angl: -0.003436, -0.102834
		Input RelObject, DistX, DistY: 0.000000, 0.000000 
		

		Output Gas: 1.000000
		Output Brake: 0.000000
		Output Steering: 0.000000
		Debug Velocity Ego, Desired: 2.645712, 36.111111
		Debug Distance to Object, Desired: 0.000000, -1.000000
		



		Input Vel: 12.780701
		Input ACC X,Y: 0.196074, 9.662696
		Input Road Speed Limit, Curvature: 38.888889, 0.001000
		Input Lane Dev Dist, Angl: -0.029341, -0.104046
		Input RelObject, DistX, DistY: 0.000000, 0.000000 
		

		Output Gas: 1.000000
		Output Brake: 0.000000
		Output Steering: 0.000000
		Debug Velocity Ego, Desired: 12.780701, 36.111111
		Debug Distance to Object, Desired: 0.000000, -1.000000
		



TIME	4.024
		Input Vel: 18.293398
		Input ACC X,Y: 0.746756, 10.938324
		Input Road Speed Limit, Curvature: 38.888889, 0.001000
		Input Lane Dev Dist, Angl: 0.468407, -0.044156
		Input RelObject, DistX, DistY: 0.000000, 0.000000 
		

		Output Gas: 1.000000
		Output Brake: 0.000000
		Output Steering: 0.000000
		Debug Velocity Ego, Desired: 18.293398, 36.111111
		Debug Distance to Object, Desired: 0.000000, -1.000000
		



		Input Vel: 25.059053
		Input ACC X,Y: -0.279180, 1.616864
		Input Road Speed Limit, Curvature: 38.888889, 0.001001
		Input Lane Dev Dist, Angl: 0.996996, -0.096693
		Input RelObject, DistX, DistY: 0.000000, 0.000000 
		

		Output Gas: 0.820879
		Output Brake: 0.000000
		Output Steering: 0.000000
		Debug Velocity Ego, Desired: 25.059053, 36.111111
		Debug Distance to Object, Desired: 0.000000, -1.000000
		



TIME	6.024
		Input Vel: 30.063504
		Input ACC X,Y: 1.245058, 4.414333
		Input Road Speed Limit, Curvature: 38.888889, 0.001001
		Input Lane Dev Dist, Angl: 0.880846, -0.108253
		Input RelObject, DistX, DistY: 0.000000, 0.000000 
		

		Output Gas: 0.588016
		Output Brake: 0.000000
		Output Steering: 0.000000
		Debug Velocity Ego, Desired: 30.063504, 36.111111
		Debug Distance to Object, Desired: 0.000000, -1.000000
		



		Input Vel: 32.699608
		Input ACC X,Y: 1.197826, 1.450187
		Input Road Speed Limit, Curvature: 38.888889, 0.000999
		Input Lane Dev Dist, Angl: 0.653992, -0.106148
		Input RelObject, DistX, DistY: 0.000000, 0.000000 
		

		Output Gas: 0.465267
		Output Brake: 0.000000
		Output Steering: 0.000000
		Debug Velocity Ego, Desired: 32.699608, 36.111111
		Debug Distance to Object, Desired: 0.000000, -1.000000
		



		Input Vel: 33.265554
		Input ACC X,Y: 1.963835, 3.348349
		Input Road Speed Limit, Curvature: 38.888889, 0.000999
		Input Lane Dev Dist, Angl: 0.533970, -0.101551
		Input RelObject, DistX, DistY: 0.000000, 0.000000 
		

		Output Gas: 0.442278
		Output Brake: 0.000000
		Output Steering: 0.000000
		Debug Velocity Ego, Desired: 33.265554, 36.111111
		Debug Distance to Object, Desired: 0.000000, -1.000000
		



TIME	9.024
		Input Vel: 33.395879
		Input ACC X,Y: 0.984311, -0.744559
		Input Road Speed Limit, Curvature: 38.888889, 0.001000
		Input Lane Dev Dist, Angl: 0.521760, -0.098913
		Input RelObject, DistX, DistY: 0.000000, 0.000000 
		

		Output Gas: 0.435762
		Output Brake: 0.000000
		Output Steering: 0.000000
		Debug Velocity Ego, Desired: 33.395879, 36.111111
		Debug Distance to Object, Desired: 0.000000, -1.000000
		



		Input Vel: 32.925439
		Input ACC X,Y: 0.844079, -1.003884
		Input Road Speed Limit, Curvature: 38.888889, 0.001001
		Input Lane Dev Dist, Angl: 0.546074, -0.098789
		Input RelObject, DistX, DistY: 0.000000, 0.000000 
		

		Output Gas: 0.459284
		Output Brake: 0.000000
		Output Steering: 0.000000
		Debug Velocity Ego, Desired: 32.925439, 36.111111
		Debug Distance to Object, Desired: 0.000000, -1.000000
		



		Input Vel: 32.258506
		Input ACC X,Y: 0.752115, -1.032170
		Input Road Speed Limit, Curvature: 38.888889, 0.001001
		Input Lane Dev Dist, Angl: 0.566802, -0.099093
		Input RelObject, DistX, DistY: 0.000000, 0.000000 
		

		Output Gas: 0.492630
		Output Brake: 0.000000
		Output Steering: 0.000000
		Debug Velocity Ego, Desired: 32.258506, 36.111111
		Debug Distance to Object, Desired: 0.000000, -1.000000
		



TIME	12.024
		Input Vel: 31.554263
		Input ACC X,Y: 0.708930, -0.918155
		Input Road Speed Limit, Curvature: 38.888889, 0.000999
		Input Lane Dev Dist, Angl: 0.579012, -0.099417
		Input RelObject, DistX, DistY: 0.000000, 0.000000 
		

		Output Gas: 0.527842
		Output Brake: 0.000000
		Output Steering: 0.000000
		Debug Velocity Ego, Desired: 31.554263, 36.111111
		Debug Distance to Object, Desired: 0.000000, -1.000000
		



		Input Vel: 30.931239
		Input ACC X,Y: 0.713920, -0.717427
		Input Road Speed Limit, Curvature: 38.888889, 0.000999
		Input Lane Dev Dist, Angl: 0.583159, -0.099654
		Input RelObject, DistX, DistY: 0.000000, 0.000000 
		

		Output Gas: 0.558994
		Output Brake: 0.000000
		Output Steering: 0.000000
		Debug Velocity Ego, Desired: 30.931239, 36.111111
		Debug Distance to Object, Desired: 0.000000, -1.000000
		



TIME	14.024
		Input Vel: 30.480283
		Input ACC X,Y: 0.766380, -0.462556
		Input Road Speed Limit, Curvature: 38.888889, 0.001000
		Input Lane Dev Dist, Angl: 0.580682, -0.099790
		Input RelObject, DistX, DistY: 0.000000, 0.000000 
		

		Output Gas: 0.581541
		Output Brake: 0.000000
		Output Steering: 0.000000
		Debug Velocity Ego, Desired: 30.480283, 36.111111
		Debug Distance to Object, Desired: 0.000000, -1.000000
		



		Input Vel: 30.275494
		Input ACC X,Y: 0.862475, -0.196130
		Input Road Speed Limit, Curvature: 38.888889, 0.001001
		Input Lane Dev Dist, Angl: 0.573658, -0.099846
		Input RelObject, DistX, DistY: 0.000000, 0.000000 
		

		Output Gas: 0.591781
		Output Brake: 0.000000
		Output Steering: 0.000000
		Debug Velocity Ego, Desired: 30.275494, 36.111111
		Debug Distance to Object, Desired: 0.000000, -1.000000
		



TIME	16.024
		Input Vel: 30.341808
		Input ACC X,Y: 0.947077, -0.028374
		Input Road Speed Limit, Curvature: 38.888889, 0.001001
		Input Lane Dev Dist, Angl: 0.566125, -0.099901
		Input RelObject, DistX, DistY: 0.000000, 0.000000 
		

		Output Gas: 0.588465
		Output Brake: 0.000000
		Output Steering: 0.000000
		Debug Velocity Ego, Desired: 30.341808, 36.111111
		Debug Distance to Object, Desired: 0.000000, -1.000000
		



		Input Vel: 30.635206
		Input ACC X,Y: 1.040498, 0.093422
		Input Road Speed Limit, Curvature: 38.888889, 0.001000
		Input Lane Dev Dist, Angl: 0.559329, -0.099850
		Input RelObject, DistX, DistY: 0.000000, 0.000000 
		

		Output Gas: 0.573795
		Output Brake: 0.000000
		Output Steering: 0.000000
		Debug Velocity Ego, Desired: 30.635206, 36.111111
		Debug Distance to Object, Desired: 0.000000, -1.000000
		



TIME	18.024
		Input Vel: 31.111369
		Input ACC X,Y: 1.134687, 0.171107
		Input Road Speed Limit, Curvature: 38.888889, 0.000999
		Input Lane Dev Dist, Angl: 0.553901, -0.099692
		Input RelObject, DistX, DistY: 0.000000, 0.000000 
		

		Output Gas: 0.549987
		Output Brake: 0.000000
		Output Steering: 0.000000
		Debug Velocity Ego, Desired: 31.111369, 36.111111
		Debug Distance to Object, Desired: 0.000000, -1.000000
		



		Input Vel: 31.732284
		Input ACC X,Y: 1.226057, 0.209034
		Input Road Speed Limit, Curvature: 38.888889, 0.000999
		Input Lane Dev Dist, Angl: 0.549441, -0.099481
		Input RelObject, DistX, DistY: 0.000000, 0.000000 
		

		Output Gas: 0.518941
		Output Brake: 0.000000
		Output Steering: 0.000000
		Debug Velocity Ego, Desired: 31.732284, 36.111111
		Debug Distance to Object, Desired: 0.000000, -1.000000
		



TIME	20.024
		Input Vel: 32.464406
		Input ACC X,Y: 1.311880, 0.211163
		Input Road Speed Limit, Curvature: 38.888889, 0.001001
		Input Lane Dev Dist, Angl: 0.545247, -0.099272
		Input RelObject, DistX, DistY: 0.000000, 0.000000 
		

		Output Gas: 0.482335
		Output Brake: 0.000000
		Output Steering: 0.000000
		Debug Velocity Ego, Desired: 32.464406, 36.111111
		Debug Distance to Object, Desired: 0.000000, -1.000000
		



		Input Vel: 33.277735
		Input ACC X,Y: 1.389693, 0.180859
		Input Road Speed Limit, Curvature: 38.888889, 0.001001
		Input Lane Dev Dist, Angl: 0.542409, -0.099095
		Input RelObject, DistX, DistY: 0.000000, 0.000000 
		

		Output Gas: 0.441669
		Output Brake: 0.000000
		Output Steering: 0.000000
		Debug Velocity Ego, Desired: 33.277735, 36.111111
		Debug Distance to Object, Desired: 0.000000, -1.000000
		



TIME	22.024
		Input Vel: 34.145008
		Input ACC X,Y: 1.456843, 0.121539
		Input Road Speed Limit, Curvature: 38.888889, 0.000999
		Input Lane Dev Dist, Angl: 0.541539, -0.098866
		Input RelObject, DistX, DistY: 0.000000, 0.000000 
		

		Output Gas: 0.398305
		Output Brake: 0.000000
		Output Steering: 0.000000
		Debug Velocity Ego, Desired: 34.145008, 36.111111
		Debug Distance to Object, Desired: 0.000000, -1.000000
		



		Input Vel: 35.040015
		Input ACC X,Y: 1.509368, 0.034664
		Input Road Speed Limit, Curvature: 38.888889, 0.000999
		Input Lane Dev Dist, Angl: 0.542187, -0.098587
		Input RelObject, DistX, DistY: 0.000000, 0.000000 
		

		Output Gas: 0.353555
		Output Brake: 0.000000
		Output Steering: 0.000000
		Debug Velocity Ego, Desired: 35.040015, 36.111111
		Debug Distance to Object, Desired: 0.000000, -1.000000
		



TIME	24.024
		Input Vel: 35.937459
		Input ACC X,Y: 1.546378, -0.072831
		Input Road Speed Limit, Curvature: 38.888889, 0.001000
		Input Lane Dev Dist, Angl: 0.542720, -0.098302
		Input RelObject, DistX, DistY: 0.000000, 0.000000 
		

		Output Gas: 0.308683
		Output Brake: 0.000000
		Output Steering: 0.000000
		Debug Velocity Ego, Desired: 35.937459, 36.111111
		Debug Distance to Object, Desired: 0.000000, -1.000000
		



		Input Vel: 36.816271
		Input ACC X,Y: 1.565073, -0.198419
		Input Road Speed Limit, Curvature: 38.888889, 0.001002
		Input Lane Dev Dist, Angl: 0.542918, -0.098065
		Input RelObject, DistX, DistY: 0.000000, 0.000000 
		

		Output Gas: 0.264172
		Output Brake: 0.000000
		Output Steering: 0.000000
		Debug Velocity Ego, Desired: 36.816271, 36.111111
		Debug Distance to Object, Desired: 0.000000, -1.000000
		



TIME	26.024
		Input Vel: 37.653408
		Input ACC X,Y: 1.561993, -0.339741
		Input Road Speed Limit, Curvature: 38.888889, 0.001000
		Input Lane Dev Dist, Angl: 0.544582, -0.097856
		Input RelObject, DistX, DistY: 0.000000, 0.000000 
		

		Output Gas: 0.220059
		Output Brake: 0.000000
		Output Steering: 0.000000
		Debug Velocity Ego, Desired: 37.653408, 36.111111
		Debug Distance to Object, Desired: 0.000000, -1.000000
		



		Input Vel: 38.427425
		Input ACC X,Y: 1.536977, -0.490593
		Input Road Speed Limit, Curvature: 38.888889, 0.000999
		Input Lane Dev Dist, Angl: 0.548032, -0.097601
		Input RelObject, DistX, DistY: 0.000000, 0.000000 
		

		Output Gas: 0.177487
		Output Brake: 0.000000
		Output Steering: 0.000000
		Debug Velocity Ego, Desired: 38.427425, 36.111111
		Debug Distance to Object, Desired: 0.000000, -1.000000
		



TIME	28.024
		Input Vel: 39.119457
		Input ACC X,Y: 1.489191, -0.646524
		Input Road Speed Limit, Curvature: 38.888889, 0.000999
		Input Lane Dev Dist, Angl: 0.551519, -0.097361
		Input RelObject, DistX, DistY: 0.000000, 0.000000 
		

		Output Gas: 0.137546
		Output Brake: 0.000000
		Output Steering: 0.000000
		Debug Velocity Ego, Desired: 39.119457, 36.111111
		Debug Distance to Object, Desired: 0.000000, -1.000000
		



		Input Vel: 39.711666
		Input ACC X,Y: 1.415908, -0.805179
		Input Road Speed Limit, Curvature: 38.888889, 0.001001
		Input Lane Dev Dist, Angl: 0.553602, -0.097198
		Input RelObject, DistX, DistY: 0.000000, 0.000000 
		

		Output Gas: 0.101308
		Output Brake: 0.000000
		Output Steering: 0.000000
		Debug Velocity Ego, Desired: 39.711666, 36.111111
		Debug Distance to Object, Desired: 0.000000, -1.000000
		



TIME	30.024
		Input Vel: 40.188070
		Input ACC X,Y: 1.317170, -0.961578
		Input Road Speed Limit, Curvature: 38.888889, 0.001000
		Input Lane Dev Dist, Angl: 0.556343, -0.097114
		Input RelObject, DistX, DistY: 0.000000, 0.000000 
		

		Output Gas: 0.069790
		Output Brake: 0.000000
		Output Steering: 0.000000
		Debug Velocity Ego, Desired: 40.188070, 36.111111
		Debug Distance to Object, Desired: 0.000000, -1.000000
		



		Input Vel: 40.528189
		Input ACC X,Y: 1.193083, -1.111719
		Input Road Speed Limit, Curvature: 38.888889, 0.000999
		Input Lane Dev Dist, Angl: 0.560284, -0.097004
		Input RelObject, DistX, DistY: 0.000000, 0.000000 
		

		Output Gas: 0.044267
		Output Brake: 0.000000
		Output Steering: 0.000000
		Debug Velocity Ego, Desired: 40.528189, 36.111111
		Debug Distance to Object, Desired: 0.000000, -1.000000
		



		Input Vel: 40.727784
		Input ACC X,Y: 1.047636, -1.248845
		Input Road Speed Limit, Curvature: 38.888889, 0.000999
		Input Lane Dev Dist, Angl: 0.563546, -0.096935
		Input RelObject, DistX, DistY: 0.000000, 0.000000 
		

		Output Gas: 0.025228
		Output Brake: 0.000000
		Output Steering: 0.000000
		Debug Velocity Ego, Desired: 40.727784, 36.111111
		Debug Distance to Object, Desired: 0.000000, -1.000000
		



TIME	33.024
		Input Vel: 40.787538
		Input ACC X,Y: 0.906212, -1.354382
		Input Road Speed Limit, Curvature: 38.888889, 0.001001
		Input Lane Dev Dist, Angl: 0.564384, -0.096987
		Input RelObject, DistX, DistY: 0.000000, 0.000000 
		

		Output Gas: 0.012926
		Output Brake: 0.000000
		Output Steering: 0.000000
		Debug Velocity Ego, Desired: 40.787538, 36.111111
		Debug Distance to Object, Desired: 0.000000, -1.000000
		



		Input Vel: 40.736109
		Input ACC X,Y: 0.774373, -1.431882
		Input Road Speed Limit, Curvature: 38.888889, 0.001000
		Input Lane Dev Dist, Angl: 0.564352, -0.097143
		Input RelObject, DistX, DistY: 0.000000, 0.000000 
		

		Output Gas: 0.006180
		Output Brake: 0.000000
		Output Steering: 0.000000
		Debug Velocity Ego, Desired: 40.736109, 36.111111
		Debug Distance to Object, Desired: 0.000000, -1.000000
		



		Input Vel: 40.594278
		Input ACC X,Y: 0.647905, -1.488695
		Input Road Speed Limit, Curvature: 38.888889, 0.000999
		Input Lane Dev Dist, Angl: 0.563224, -0.097281
		Input RelObject, DistX, DistY: 0.000000, 0.000000 
		

		Output Gas: 0.004149
		Output Brake: 0.000000
		Output Steering: 0.000000
		Debug Velocity Ego, Desired: 40.594278, 36.111111
		Debug Distance to Object, Desired: 0.000000, -1.000000
		



TIME	36.024
		Input Vel: 40.376472
		Input ACC X,Y: 0.523753, -1.529389
		Input Road Speed Limit, Curvature: 38.888889, 0.001000
		Input Lane Dev Dist, Angl: 0.558664, -0.097439
		Input RelObject, DistX, DistY: 0.000000, 0.000000 
		

		Output Gas: 0.006280
		Output Brake: 0.000000
		Output Steering: 0.000000
		Debug Velocity Ego, Desired: 40.376472, 36.111111
		Debug Distance to Object, Desired: 0.000000, -1.000000
		



		Input Vel: 40.092999
		Input ACC X,Y: 0.400020, -1.556820
		Input Road Speed Limit, Curvature: 38.888889, 0.001002
		Input Lane Dev Dist, Angl: 0.549942, -0.097662
		Input RelObject, DistX, DistY: 0.000000, 0.000000 
		

		Output Gas: 0.012196
		Output Brake: 0.000000
		Output Steering: 0.000000
		Debug Velocity Ego, Desired: 40.092999, 36.111111
		Debug Distance to Object, Desired: 0.000000, -1.000000
		



		Input Vel: 39.757255
		Input ACC X,Y: 0.283612, -1.569479
		Input Road Speed Limit, Curvature: 38.888889, 0.001000
		Input Lane Dev Dist, Angl: 0.539724, -0.097852
		Input RelObject, DistX, DistY: 0.000000, 0.000000 
		

		Output Gas: 0.021348
		Output Brake: 0.000000
		Output Steering: 0.000000
		Debug Velocity Ego, Desired: 39.757255, 36.111111
		Debug Distance to Object, Desired: 0.000000, -1.000000
		



TIME	39.024
		Input Vel: 39.397805
		Input ACC X,Y: 0.194100, -1.563493
		Input Road Speed Limit, Curvature: 38.888889, 0.000999
		Input Lane Dev Dist, Angl: 0.530059, -0.097904
		Input RelObject, DistX, DistY: 0.000000, 0.000000 
		

		Output Gas: 0.032386
		Output Brake: 0.000000
		Output Steering: 0.000000
		Debug Velocity Ego, Desired: 39.397805, 36.111111
		Debug Distance to Object, Desired: 0.000000, -1.000000
		



		Input Vel: 39.029433
		Input ACC X,Y: 0.106947, -1.550623
		Input Road Speed Limit, Curvature: 38.888889, 0.001000
		Input Lane Dev Dist, Angl: 0.521026, -0.097915
		Input RelObject, DistX, DistY: 0.000000, 0.000000 
		

		Output Gas: 0.044598
		Output Brake: 0.000000
		Output Steering: 0.000000
		Debug Velocity Ego, Desired: 39.029433, 36.111111
		Debug Distance to Object, Desired: 0.000000, -1.000000
		



		Input Vel: 38.654612
		Input ACC X,Y: 0.035811, -1.528363
		Input Road Speed Limit, Curvature: 38.888889, 0.001002
		Input Lane Dev Dist, Angl: 0.512938, -0.097956
		Input RelObject, DistX, DistY: 0.000000, 0.000000 
		

		Output Gas: 0.057877
		Output Brake: 0.000000
		Output Steering: 0.000000
		Debug Velocity Ego, Desired: 38.654612, 36.111111
		Debug Distance to Object, Desired: 0.000000, -1.000000
		



TIME	42.024
		Input Vel: 38.283400
		Input ACC X,Y: -0.045266, -1.506802
		Input Road Speed Limit, Curvature: 27.777778, 0.001000
		Input Lane Dev Dist, Angl: 0.508934, -0.097983
		Input RelObject, DistX, DistY: 0.000000, 0.000000 
		

		Output Gas: 0.066780
		Output Brake: 0.350704
		Output Steering: 0.000000
		Debug Velocity Ego, Desired: 38.283400, 27.777778
		Debug Distance to Object, Desired: 0.000000, -1.000000
		



		Input Vel: 37.869912
		Input ACC X,Y: -0.161636, -1.488276
		Input Road Speed Limit, Curvature: 27.777778, 0.000999
		Input Lane Dev Dist, Angl: 0.511456, -0.097846
		Input RelObject, DistX, DistY: 0.000000, 0.000000 
		

		Output Gas: 0.066780
		Output Brake: 0.350636
		Output Steering: 0.000000
		Debug Velocity Ego, Desired: 37.869912, 27.777778
		Debug Distance to Object, Desired: 0.000000, -1.000000
		



		Input Vel: 37.411642
		Input ACC X,Y: -0.261472, -1.456064
		Input Road Speed Limit, Curvature: 27.777778, 0.000999
		Input Lane Dev Dist, Angl: 0.522660, -0.097610
		Input RelObject, DistX, DistY: 0.000000, 0.000000 
		

		Output Gas: 0.066780
		Output Brake: 0.347455
		Output Steering: 0.000000
		Debug Velocity Ego, Desired: 37.411642, 27.777778
		Debug Distance to Object, Desired: 0.000000, -1.000000
		



TIME	45.024
		Input Vel: 36.920753
		Input ACC X,Y: -0.347872, -1.401252
		Input Road Speed Limit, Curvature: 27.777778, 0.001001
		Input Lane Dev Dist, Angl: 0.542864, -0.097502
		Input RelObject, DistX, DistY: 0.000000, 0.000000 
		

		Output Gas: 0.066780
		Output Brake: 0.341692
		Output Steering: 0.000000
		Debug Velocity Ego, Desired: 36.920753, 27.777778
		Debug Distance to Object, Desired: 0.000000, -1.000000
		



		Input Vel: 36.411627
		Input ACC X,Y: -0.429896, -1.267524
		Input Road Speed Limit, Curvature: 27.777778, 0.000000
		Input Lane Dev Dist, Angl: 0.555990, -0.074759
		Input RelObject, DistX, DistY: 0.000000, 0.000000 
		

		Output Gas: 0.066780
		Output Brake: 0.334015
		Output Steering: 0.000000
		Debug Velocity Ego, Desired: 36.411627, 27.777778
		Debug Distance to Object, Desired: 0.000000, -1.000000
		



		Input Vel: 35.869803
		Input ACC X,Y: -0.502717, -1.009387
		Input Road Speed Limit, Curvature: 27.777778, 0.000000
		Input Lane Dev Dist, Angl: 0.468981, -0.044449
		Input RelObject, DistX, DistY: 0.000000, 0.000000 
		

		Output Gas: 0.066780
		Output Brake: 0.323651
		Output Steering: 0.000000
		Debug Velocity Ego, Desired: 35.869803, 27.777778
		Debug Distance to Object, Desired: 0.000000, -1.000000
		



TIME	48.024
		Input Vel: 35.302616
		Input ACC X,Y: -0.570656, -0.698130
		Input Road Speed Limit, Curvature: 27.777778, 0.000000
		Input Lane Dev Dist, Angl: 0.080970, -0.021624
		Input RelObject, DistX, DistY: 0.000000, 0.000000 
		

		Output Gas: 0.066780
		Output Brake: 0.310915
		Output Steering: 0.000000
		Debug Velocity Ego, Desired: 35.302616, 27.777778
		Debug Distance to Object, Desired: 0.000000, -1.000000
		



		Input Vel: 34.693440
		Input ACC X,Y: -0.642822, -0.394389
		Input Road Speed Limit, Curvature: 27.777778, 0.000000
		Input Lane Dev Dist, Angl: -0.410318, -0.007032
		Input RelObject, DistX, DistY: 0.000000, 0.000000 
		

		Output Gas: 0.066780
		Output Brake: 0.294906
		Output Steering: 0.000000
		Debug Velocity Ego, Desired: 34.693440, 27.777778
		Debug Distance to Object, Desired: 0.000000, -1.000000
		



		Input Vel: 34.061368
		Input ACC X,Y: -0.608968, -0.168680
		Input Road Speed Limit, Curvature: 27.777778, 0.000000
		Input Lane Dev Dist, Angl: -0.521316, 0.000319
		Input RelObject, DistX, DistY: 0.000000, 0.000000 
		

		Output Gas: 0.066780
		Output Brake: 0.276496
		Output Steering: 0.000000
		Debug Velocity Ego, Desired: 34.061368, 27.777778
		Debug Distance to Object, Desired: 0.000000, -1.000000
		



TIME	51.024
		Input Vel: 33.492049
		Input ACC X,Y: -0.531869, -0.050084
		Input Road Speed Limit, Curvature: 27.777778, 0.000000
		Input Lane Dev Dist, Angl: -0.459756, 0.003085
		Input RelObject, DistX, DistY: 0.000000, 0.000000 
		

		Output Gas: 0.066780
		Output Brake: 0.260014
		Output Steering: 0.000000
		Debug Velocity Ego, Desired: 33.492049, 27.777778
		Debug Distance to Object, Desired: 0.000000, -1.000000
		



		Input Vel: 32.980787
		Input ACC X,Y: -0.488023, -0.001393
		Input Road Speed Limit, Curvature: 27.777778, 0.000000
		Input Lane Dev Dist, Angl: -0.344712, 0.003691
		Input RelObject, DistX, DistY: 0.000000, 0.000000 
		

		Output Gas: 0.066780
		Output Brake: 0.245361
		Output Steering: 0.000000
		Debug Velocity Ego, Desired: 32.980787, 27.777778
		Debug Distance to Object, Desired: 0.000000, -1.000000
		



		Input Vel: 32.516016
		Input ACC X,Y: -0.438717, 0.018553
		Input Road Speed Limit, Curvature: 27.777778, 0.000000
		Input Lane Dev Dist, Angl: -0.227007, 0.003396
		Input RelObject, DistX, DistY: 0.000000, 0.000000 
		

		Output Gas: 0.066780
		Output Brake: 0.232055
		Output Steering: 0.000000
		Debug Velocity Ego, Desired: 32.516016, 27.777778
		Debug Distance to Object, Desired: 0.000000, -1.000000
		



TIME	54.024
		Input Vel: 32.103536
		Input ACC X,Y: -0.384338, 0.026273
		Input Road Speed Limit, Curvature: 27.777778, 0.000000
		Input Lane Dev Dist, Angl: -0.127327, 0.002700
		Input RelObject, DistX, DistY: 0.000000, 0.000000 
		

		Output Gas: 0.066780
		Output Brake: 0.220486
		Output Steering: 0.000000
		Debug Velocity Ego, Desired: 32.103536, 27.777778
		Debug Distance to Object, Desired: 0.000000, -1.000000
		



		Input Vel: 31.729581
		Input ACC X,Y: -0.366050, 0.026265
		Input Road Speed Limit, Curvature: 27.777778, 0.000000
		Input Lane Dev Dist, Angl: -0.053405, 0.001890
		Input RelObject, DistX, DistY: 0.000000, 0.000000 
		

		Output Gas: 0.066780
		Output Brake: 0.210063
		Output Steering: 0.000000
		Debug Velocity Ego, Desired: 31.729581, 27.777778
		Debug Distance to Object, Desired: 0.000000, -1.000000
		



		Input Vel: 31.369195
		Input ACC X,Y: -0.354028, 0.021957
		Input Road Speed Limit, Curvature: 27.777778, 0.000000
		Input Lane Dev Dist, Angl: -0.005254, 0.001146
		Input RelObject, DistX, DistY: 0.000000, 0.000000 
		

		Output Gas: 0.066780
		Output Brake: 0.199585
		Output Steering: 0.000000
		Debug Velocity Ego, Desired: 31.369195, 27.777778
		Debug Distance to Object, Desired: 0.000000, -1.000000
		



TIME	57.024
		Input Vel: 31.021280
		Input ACC X,Y: -0.341855, 0.016599
		Input Road Speed Limit, Curvature: 27.777778, 0.000000
		Input Lane Dev Dist, Angl: 0.021207, 0.000548
		Input RelObject, DistX, DistY: 0.000000, 0.000000 
		

		Output Gas: 0.066780
		Output Brake: 0.189022
		Output Steering: 0.000000
		Debug Velocity Ego, Desired: 31.021280, 27.777778
		Debug Distance to Object, Desired: 0.000000, -1.000000
		



		Input Vel: 30.685295
		Input ACC X,Y: -0.330171, 0.011664
		Input Road Speed Limit, Curvature: 27.777778, 0.000000
		Input Lane Dev Dist, Angl: 0.031225, 0.000106
		Input RelObject, DistX, DistY: 0.000000, 0.000000 
		

		Output Gas: 0.066780
		Output Brake: 0.178372
		Output Steering: 0.000000
		Debug Velocity Ego, Desired: 30.685295, 27.777778
		Debug Distance to Object, Desired: 0.000000, -1.000000
		



		Input Vel: 30.360772
		Input ACC X,Y: -0.318937, 0.007524
		Input Road Speed Limit, Curvature: 27.777778, 0.000000
		Input Lane Dev Dist, Angl: 0.029684, -0.000199
		Input RelObject, DistX, DistY: 0.000000, 0.000000 
		

		Output Gas: 0.066780
		Output Brake: 0.167634
		Output Steering: 0.000000
		Debug Velocity Ego, Desired: 30.360772, 27.777778
		Debug Distance to Object, Desired: 0.000000, -1.000000
		



TIME	60.024
		Input Vel: 30.047268
		Input ACC X,Y: -0.308134, 0.004361
		Input Road Speed Limit, Curvature: 27.777778, 0.000000
		Input Lane Dev Dist, Angl: 0.020680, -0.000389
		Input RelObject, DistX, DistY: 0.000000, 0.000000 
		

		Output Gas: 0.066780
		Output Brake: 0.156810
		Output Steering: 0.000000
		Debug Velocity Ego, Desired: 30.047268, 27.777778
		Debug Distance to Object, Desired: 0.000000, -1.000000
		



		Input Vel: 29.744359
		Input ACC X,Y: -0.297744, 0.002296
		Input Road Speed Limit, Curvature: 27.777778, 0.000000
		Input Lane Dev Dist, Angl: 0.007317, -0.000499
		Input RelObject, DistX, DistY: 0.000000, 0.000000 
		

		Output Gas: 0.066780
		Output Brake: 0.145899
		Output Steering: 0.000000
		Debug Velocity Ego, Desired: 29.744359, 27.777778
		Debug Distance to Object, Desired: 0.000000, -1.000000
		



		Input Vel: 29.451641
		Input ACC X,Y: -0.287748, 0.000796
		Input Road Speed Limit, Curvature: 27.777778, 0.000000
		Input Lane Dev Dist, Angl: -0.008323, -0.000553
		Input RelObject, DistX, DistY: 0.000000, 0.000000 
		

		Output Gas: 0.066780
		Output Brake: 0.134902
		Output Steering: 0.000000
		Debug Velocity Ego, Desired: 29.451641, 27.777778
		Debug Distance to Object, Desired: 0.000000, -1.000000
		



TIME	63.024
		Input Vel: 29.168729
		Input ACC X,Y: -0.278127, -0.001126
		Input Road Speed Limit, Curvature: 27.777778, 0.000000
		Input Lane Dev Dist, Angl: -0.024652, -0.000552
		Input RelObject, DistX, DistY: 0.000000, 0.000000 
		

		Output Gas: 0.066780
		Output Brake: 0.123819
		Output Steering: 0.000000
		Debug Velocity Ego, Desired: 29.168729, 27.777778
		Debug Distance to Object, Desired: 0.000000, -1.000000
		



		Input Vel: 28.895293
		Input ACC X,Y: -0.268743, -0.004554
		Input Road Speed Limit, Curvature: 19.444444, 0.000000
		Input Lane Dev Dist, Angl: -0.039606, -0.000459
		Input RelObject, DistX, DistY: 0.000000, 0.000000 
		

		Output Gas: 0.066780
		Output Brake: 0.529613
		Output Steering: 0.000000
		Debug Velocity Ego, Desired: 28.895293, 19.444444
		Debug Distance to Object, Desired: 0.000000, -1.000000
		



TIME	65.024
		Input Vel: 28.631197
		Input ACC X,Y: -0.259479, -0.010385
		Input Road Speed Limit, Curvature: 19.444444, 0.000000
		Input Lane Dev Dist, Angl: -0.049586, -0.000201
		Input RelObject, DistX, DistY: 0.000000, 0.000000 
		

		Output Gas: 0.066780
		Output Brake: 0.535044
		Output Steering: 0.000000
		Debug Velocity Ego, Desired: 28.631197, 19.444444
		Debug Distance to Object, Desired: 0.000000, -1.000000
		



		Input Vel: 28.376122
		Input ACC X,Y: -0.250809, -0.019239
		Input Road Speed Limit, Curvature: 19.444444, 0.000000
		Input Lane Dev Dist, Angl: -0.048590, 0.000323
		Input RelObject, DistX, DistY: 0.000000, 0.000000 
		

		Output Gas: 0.066780
		Output Brake: 0.540407
		Output Steering: 0.000000
		Debug Velocity Ego, Desired: 28.376122, 19.444444
		Debug Distance to Object, Desired: 0.000000, -1.000000
		



TIME	67.024
		Input Vel: 28.129324
		Input ACC X,Y: -0.242939, -0.032920
		Input Road Speed Limit, Curvature: 19.444444, 0.000000
		Input Lane Dev Dist, Angl: -0.027412, 0.001257
		Input RelObject, DistX, DistY: 0.000000, 0.000000 
		

		Output Gas: 0.066780
		Output Brake: 0.545683
		Output Steering: 0.000000
		Debug Velocity Ego, Desired: 28.129324, 19.444444
		Debug Distance to Object, Desired: 0.000000, -1.000000
		



		Input Vel: 27.890072
		Input ACC X,Y: -0.235848, -0.049071
		Input Road Speed Limit, Curvature: 19.444444, -0.004548
		Input Lane Dev Dist, Angl: 0.027732, 0.025517
		Input RelObject, DistX, DistY: 0.000000, 0.000000 
		

		Output Gas: 0.066780
		Output Brake: 0.550849
		Output Steering: 0.000000
		Debug Velocity Ego, Desired: 27.890072, 19.444444
		Debug Distance to Object, Desired: 0.000000, -1.000000
		



TIME	69.024
		Input Vel: 27.657637
		Input ACC X,Y: -0.231960, -0.039819
		Input Road Speed Limit, Curvature: 19.444444, -0.004552
		Input Lane Dev Dist, Angl: 0.130530, 0.153520
		Input RelObject, DistX, DistY: 0.000000, 0.000000 
		

		Output Gas: 0.066780
		Output Brake: 0.555885
		Output Steering: 0.000000
		Debug Velocity Ego, Desired: 27.657637, 19.444444
		Debug Distance to Object, Desired: 0.000000, -1.000000
		



		Input Vel: 27.405630
		Input ACC X,Y: -0.271926, 0.221507
		Input Road Speed Limit, Curvature: 19.444444, -0.004544
		Input Lane Dev Dist, Angl: 0.248549, 0.276575
		Input RelObject, DistX, DistY: 0.000000, 0.000000 
		

		Output Gas: 0.066780
		Output Brake: 0.559466
		Output Steering: 0.000000
		Debug Velocity Ego, Desired: 27.405630, 19.444444
		Debug Distance to Object, Desired: 0.000000, -1.000000
		



TIME	71.024
		Input Vel: 27.109461
		Input ACC X,Y: -0.342815, 1.091697
		Input Road Speed Limit, Curvature: 19.444444, -0.004541
		Input Lane Dev Dist, Angl: 0.059731, 0.376729
		Input RelObject, DistX, DistY: 0.000000, 0.000000 
		

		Output Gas: 0.066780
		Output Brake: 0.560293
		Output Steering: 0.000000
		Debug Velocity Ego, Desired: 27.109461, 19.444444
		Debug Distance to Object, Desired: 0.000000, -1.000000
		



		Input Vel: 27.013675
		Input ACC X,Y: -0.152208, 3.611633
		Input Road Speed Limit, Curvature: 38.888889, -0.004542
		Input Lane Dev Dist, Angl: -0.772058, 0.427949
		Input RelObject, DistX, DistY: 0.000000, 0.000000 
		

		Output Gas: 0.066780
		Output Brake: 0.492010
		Output Steering: 0.000000
		Debug Velocity Ego, Desired: 27.013675, 20.983282
		Debug Distance to Object, Desired: 0.000000, -1.000000
		



TIME	73.024
		Input Vel: 27.736491
		Input ACC X,Y: 0.257255, 3.339254
		Input Road Speed Limit, Curvature: 38.888889, -0.004548
		Input Lane Dev Dist, Angl: -0.966753, 0.456396
		Input RelObject, DistX, DistY: 0.000000, 0.000000 
		

		Output Gas: 0.066780
		Output Brake: 0.541502
		Output Steering: 0.000000
		Debug Velocity Ego, Desired: 27.736491, 20.970934
		Debug Distance to Object, Desired: 0.000000, -1.000000
		



		Input Vel: 28.223235
		Input ACC X,Y: -0.884056, 3.681817
		Input Road Speed Limit, Curvature: 38.888889, -0.004554
		Input Lane Dev Dist, Angl: -0.818544, 0.463063
		Input RelObject, DistX, DistY: 0.000000, 0.000000 
		

		Output Gas: 0.066780
		Output Brake: 0.580714
		Output Steering: 0.000000
		Debug Velocity Ego, Desired: 28.223235, 20.955583
		Debug Distance to Object, Desired: 0.000000, -1.000000
		



TIME	75.024
		Input Vel: 28.111742
		Input ACC X,Y: -2.009481, 3.306320
		Input Road Speed Limit, Curvature: 38.888889, -0.004547
		Input Lane Dev Dist, Angl: -0.642730, 0.460270
		Input RelObject, DistX, DistY: 0.000000, 0.000000 
		

		Output Gas: 0.066780
		Output Brake: 0.588807
		Output Steering: 0.000000
		Debug Velocity Ego, Desired: 28.111742, 20.971604
		Debug Distance to Object, Desired: 0.000000, -1.000000
		



		Input Vel: 27.530991
		Input ACC X,Y: -2.721632, 2.585459
		Input Road Speed Limit, Curvature: 38.888889, -0.004543
		Input Lane Dev Dist, Angl: -0.564172, 0.456888
		Input RelObject, DistX, DistY: 0.000000, 0.000000 
		

		Output Gas: 0.066780
		Output Brake: 0.572979
		Output Steering: 0.000000
		Debug Velocity Ego, Desired: 27.530991, 20.982577
		Debug Distance to Object, Desired: 0.000000, -1.000000
		



TIME	77.024
		Input Vel: 26.600918
		Input ACC X,Y: -3.029455, 1.803559
		Input Road Speed Limit, Curvature: 38.888889, -0.004541
		Input Lane Dev Dist, Angl: -0.560462, 0.455556
		Input RelObject, DistX, DistY: 0.000000, 0.000000 
		

		Output Gas: 0.066780
		Output Brake: 0.538478
		Output Steering: 0.000000
		Debug Velocity Ego, Desired: 26.600918, 20.987020
		Debug Distance to Object, Desired: 0.000000, -1.000000
		



		Input Vel: 25.495425
		Input ACC X,Y: -3.051179, 1.130384
		Input Road Speed Limit, Curvature: 38.888889, -0.004543
		Input Lane Dev Dist, Angl: -0.577545, 0.456231
		Input RelObject, DistX, DistY: 0.000000, 0.000000 
		

		Output Gas: 0.066780
		Output Brake: 0.493679
		Output Steering: 0.000000
		Debug Velocity Ego, Desired: 25.495425, 20.980897
		Debug Distance to Object, Desired: 0.000000, -1.000000
		



TIME	79.024
		Input Vel: 24.316175
		Input ACC X,Y: -2.904983, 0.584676
		Input Road Speed Limit, Curvature: 38.888889, -0.004553
		Input Lane Dev Dist, Angl: -0.573451, 0.458397
		Input RelObject, DistX, DistY: 0.000000, 0.000000 
		

		Output Gas: 0.066780
		Output Brake: 0.443706
		Output Steering: 0.000000
		Debug Velocity Ego, Desired: 24.316175, 20.958328
		Debug Distance to Object, Desired: 0.000000, -1.000000
		



		Input Vel: 23.137588
		Input ACC X,Y: -2.683312, 0.182968
		Input Road Speed Limit, Curvature: 38.888889, -0.004544
		Input Lane Dev Dist, Angl: -0.516727, 0.461749
		Input RelObject, DistX, DistY: 0.000000, 0.000000 
		

		Output Gas: 0.066780
		Output Brake: 0.389209
		Output Steering: 0.000000
		Debug Velocity Ego, Desired: 23.137588, 20.979451
		Debug Distance to Object, Desired: 0.000000, -1.000000
		



TIME	81.024
		Input Vel: 21.961311
		Input ACC X,Y: -2.520714, -0.216497
		Input Road Speed Limit, Curvature: 38.888889, -0.004555
		Input Lane Dev Dist, Angl: -0.403040, 0.399141
		Input RelObject, DistX, DistY: 0.000000, 0.000000 
		

		Output Gas: 0.066780
		Output Brake: 0.334836
		Output Steering: 0.000000
		Debug Velocity Ego, Desired: 21.961311, 20.954627
		Debug Distance to Object, Desired: 0.000000, -1.000000
		



		Input Vel: 20.731845
		Input ACC X,Y: -2.180272, -0.194968
		Input Road Speed Limit, Curvature: 38.888889, -0.004555
		Input Lane Dev Dist, Angl: -0.266379, 0.300842
		Input RelObject, DistX, DistY: 0.000000, 0.000000 
		

		Output Gas: 0.066780
		Output Brake: 0.274002
		Output Steering: 0.000000
		Debug Velocity Ego, Desired: 20.731845, 20.954627
		Debug Distance to Object, Desired: 0.000000, -1.000000
		



TIME	83.024
		Input Vel: 19.960748
		Input ACC X,Y: -2.015246, -0.220107
		Input Road Speed Limit, Curvature: 38.888889, -0.004555
		Input Lane Dev Dist, Angl: -0.141257, 0.203758
		Input RelObject, DistX, DistY: 0.000000, 0.000000 
		

		Output Gas: 0.066780
		Output Brake: 0.234195
		Output Steering: 0.000000
		Debug Velocity Ego, Desired: 19.960748, 20.954627
		Debug Distance to Object, Desired: 0.000000, -1.000000
		



		Input Vel: 19.424073
		Input ACC X,Y: -1.861606, -0.179160
		Input Road Speed Limit, Curvature: 38.888889, -0.004555
		Input Lane Dev Dist, Angl: -0.065997, 0.108793
		Input RelObject, DistX, DistY: 0.000000, 0.000000 
		

		Output Gas: 0.066780
		Output Brake: 0.204794
		Output Steering: 0.000000
		Debug Velocity Ego, Desired: 19.424073, 20.954627
		Debug Distance to Object, Desired: 0.000000, -1.000000
		



TIME	85.024
		Input Vel: 19.168543
		Input ACC X,Y: -0.723914, -0.065801
		Input Road Speed Limit, Curvature: 38.888889, -0.004555
		Input Lane Dev Dist, Angl: 0.114560, 0.038366
		Input RelObject, DistX, DistY: 0.000000, 0.000000 
		

		Output Gas: 0.066780
		Output Brake: 0.188650
		Output Steering: 0.000000
		Debug Velocity Ego, Desired: 19.168543, 20.954627
		Debug Distance to Object, Desired: 0.000000, -1.000000
		



SIM_END		Examples/BasicFunctions/Driver/ChangingLanes	85.05s	2630.4m
TIME	89.692
SIM_START	Examples/BasicFunctions/Driver/ChangingLanes	2021-07-15 14:51:04
TIME	0.000
SIMULATE	Examples/BasicFunctions/Driver/ChangingLanes

		Input Vel: 0.053185
		Input ACC X,Y: -0.011002, 0.046407
		Input Road Speed Limit, Curvature: 38.888889, 0.000999
		Input Lane Dev Dist, Angl: -0.001804, -0.102207
		Input RelObject, DistX, DistY: 0.000000, 0.000000 
		

		Output Gas: 1.000000
		Output Brake: 0.188221
		Output Steering: 0.000000
		Debug Velocity Ego, Desired: 0.053185, 36.111111
		Debug Distance to Object, Desired: 0.000000, -1.000000
		



		Input Vel: 2.244837
		Input ACC X,Y: 0.012077, 6.186081
		Input Road Speed Limit, Curvature: 38.888889, 0.000999
		Input Lane Dev Dist, Angl: -0.003087, -0.102711
		Input RelObject, DistX, DistY: 0.000000, 0.000000 
		

		Output Gas: 1.000000
		Output Brake: 0.188221
		Output Steering: 0.000000
		Debug Velocity Ego, Desired: 2.244837, 36.111111
		Debug Distance to Object, Desired: 0.000000, -1.000000
		



TIME	2.939
		Input Vel: 12.202703
		Input ACC X,Y: 0.242766, 9.675709
		Input Road Speed Limit, Curvature: 38.888889, 0.000999
		Input Lane Dev Dist, Angl: -0.026818, -0.104216
		Input RelObject, DistX, DistY: 0.000000, 0.000000 
		

		Output Gas: 1.000000
		Output Brake: 0.188221
		Output Steering: 0.000000
		Debug Velocity Ego, Desired: 12.202703, 36.111111
		Debug Distance to Object, Desired: 0.000000, -1.000000
		



		Input Vel: 17.658084
		Input ACC X,Y: 0.746561, 10.537738
		Input Road Speed Limit, Curvature: 38.888889, 0.001000
		Input Lane Dev Dist, Angl: 0.408998, -0.043100
		Input RelObject, DistX, DistY: 0.000000, 0.000000 
		

		Output Gas: 0.884307
		Output Brake: 0.188221
		Output Steering: 0.000000
		Debug Velocity Ego, Desired: 17.658084, 36.111111
		Debug Distance to Object, Desired: 0.000000, -1.000000
		



TIME	4.939
		Input Vel: 23.868727
		Input ACC X,Y: 0.370473, 1.479030
		Input Road Speed Limit, Curvature: 38.888889, 0.001001
		Input Lane Dev Dist, Angl: 0.722524, -0.112821
		Input RelObject, DistX, DistY: 0.000000, 0.000000 
		

		Output Gas: 0.602744
		Output Brake: 0.188221
		Output Steering: 0.000000
		Debug Velocity Ego, Desired: 23.868727, 36.111111
		Debug Distance to Object, Desired: 0.000000, -1.000000
		



		Input Vel: 28.186267
		Input ACC X,Y: 1.395132, 3.591491
		Input Road Speed Limit, Curvature: 38.888889, 0.001001
		Input Lane Dev Dist, Angl: 0.483169, -0.106456
		Input RelObject, DistX, DistY: 0.000000, 0.000000 
		

		Output Gas: 0.407284
		Output Brake: 0.188221
		Output Steering: 0.000000
		Debug Velocity Ego, Desired: 28.186267, 36.111111
		Debug Distance to Object, Desired: 0.000000, -1.000000
		



TIME	6.939
		Input Vel: 30.308548
		Input ACC X,Y: 1.156196, 0.991553
		Input Road Speed Limit, Curvature: 38.888889, 0.001000
		Input Lane Dev Dist, Angl: 0.396463, -0.101377
		Input RelObject, DistX, DistY: 0.000000, 0.000000 
		

		Output Gas: 0.314529
		Output Brake: 0.188221
		Output Steering: 0.000000
		Debug Velocity Ego, Desired: 30.308548, 36.111111
		Debug Distance to Object, Desired: 0.000000, -1.000000
		



		Input Vel: 30.915633
		Input ACC X,Y: 1.009650, -0.040782
		Input Road Speed Limit, Curvature: 38.888889, 0.000999
		Input Lane Dev Dist, Angl: 0.416981, -0.098459
		Input RelObject, DistX, DistY: 0.000000, 0.000000 
		

		Output Gas: 0.295032
		Output Brake: 0.188221
		Output Steering: 0.000000
		Debug Velocity Ego, Desired: 30.915633, 36.111111
		Debug Distance to Object, Desired: 0.000000, -1.000000
		



TIME	8.939
		Input Vel: 30.891162
		Input ACC X,Y: 0.835216, -0.600512
		Input Road Speed Limit, Curvature: 38.888889, 0.000999
		Input Lane Dev Dist, Angl: 0.476890, -0.097978
		Input RelObject, DistX, DistY: 0.000000, 0.000000 
		

		Output Gas: 0.306592
		Output Brake: 0.188221
		Output Steering: 0.000000
		Debug Velocity Ego, Desired: 30.891162, 36.111111
		Debug Distance to Object, Desired: 0.000000, -1.000000
		



		Input Vel: 30.520418
		Input ACC X,Y: 0.728160, -0.826645
		Input Road Speed Limit, Curvature: 38.888889, 0.001001
		Input Lane Dev Dist, Angl: 0.529211, -0.098528
		Input RelObject, DistX, DistY: 0.000000, 0.000000 
		

		Output Gas: 0.335902
		Output Brake: 0.188221
		Output Steering: 0.000000
		Debug Velocity Ego, Desired: 30.520418, 36.111111
		Debug Distance to Object, Desired: 0.000000, -1.000000
		



TIME	10.939
		Input Vel: 30.006791
		Input ACC X,Y: 0.667360, -0.842054
		Input Road Speed Limit, Curvature: 38.888889, 0.001002
		Input Lane Dev Dist, Angl: 0.560727, -0.099258
		Input RelObject, DistX, DistY: 0.000000, 0.000000 
		

		Output Gas: 0.373268
		Output Brake: 0.188221
		Output Steering: 0.000000
		Debug Velocity Ego, Desired: 30.006791, 36.111111
		Debug Distance to Object, Desired: 0.000000, -1.000000
		



		Input Vel: 29.491261
		Input ACC X,Y: 0.646946, -0.729653
		Input Road Speed Limit, Curvature: 38.888889, 0.001000
		Input Lane Dev Dist, Angl: 0.575281, -0.099779
		Input RelObject, DistX, DistY: 0.000000, 0.000000 
		

		Output Gas: 0.411777
		Output Brake: 0.188221
		Output Steering: 0.000000
		Debug Velocity Ego, Desired: 29.491261, 36.111111
		Debug Distance to Object, Desired: 0.000000, -1.000000
		



TIME	12.939
		Input Vel: 29.070150
		Input ACC X,Y: 0.663286, -0.542650
		Input Road Speed Limit, Curvature: 38.888889, 0.000999
		Input Lane Dev Dist, Angl: 0.579702, -0.100057
		Input RelObject, DistX, DistY: 0.000000, 0.000000 
		

		Output Gas: 0.446516
		Output Brake: 0.188221
		Output Steering: 0.000000
		Debug Velocity Ego, Desired: 29.070150, 36.111111
		Debug Distance to Object, Desired: 0.000000, -1.000000
		



		Input Vel: 28.810068
		Input ACC X,Y: 0.716158, -0.313499
		Input Road Speed Limit, Curvature: 38.888889, 0.000999
		Input Lane Dev Dist, Angl: 0.578385, -0.100171
		Input RelObject, DistX, DistY: 0.000000, 0.000000 
		

		Output Gas: 0.473893
		Output Brake: 0.188221
		Output Steering: 0.000000
		Debug Velocity Ego, Desired: 28.810068, 36.111111
		Debug Distance to Object, Desired: 0.000000, -1.000000
		



TIME	14.939
		Input Vel: 28.759882
		Input ACC X,Y: 0.805831, -0.061429
		Input Road Speed Limit, Curvature: 38.888889, 0.001000
		Input Lane Dev Dist, Angl: 0.573133, -0.100191
		Input RelObject, DistX, DistY: 0.000000, 0.000000 
		

		Output Gas: 0.491093
		Output Brake: 0.188221
		Output Steering: 0.000000
		Debug Velocity Ego, Desired: 28.759882, 36.111111
		Debug Distance to Object, Desired: 0.000000, -1.000000
		



		Input Vel: 28.956742
		Input ACC X,Y: 0.918356, 0.154622
		Input Road Speed Limit, Curvature: 38.888889, 0.001001
		Input Lane Dev Dist, Angl: 0.565762, -0.100158
		Input RelObject, DistX, DistY: 0.000000, 0.000000 
		

		Output Gas: 0.495798
		Output Brake: 0.188221
		Output Steering: 0.000000
		Debug Velocity Ego, Desired: 28.956742, 36.111111
		Debug Distance to Object, Desired: 0.000000, -1.000000
		



TIME	16.939
		Input Vel: 29.384094
		Input ACC X,Y: 1.018128, 0.280742
		Input Road Speed Limit, Curvature: 38.888889, 0.001001
		Input Lane Dev Dist, Angl: 0.558923, -0.100125
		Input RelObject, DistX, DistY: 0.000000, 0.000000 
		

		Output Gas: 0.488346
		Output Brake: 0.188221
		Output Steering: 0.000000
		Debug Velocity Ego, Desired: 29.384094, 36.111111
		Debug Distance to Object, Desired: 0.000000, -1.000000
		



		Input Vel: 29.984147
		Input ACC X,Y: 1.115091, 0.347638
		Input Road Speed Limit, Curvature: 38.888889, 0.000999
		Input Lane Dev Dist, Angl: 0.553221, -0.099988
		Input RelObject, DistX, DistY: 0.000000, 0.000000 
		

		Output Gas: 0.471221
		Output Brake: 0.188221
		Output Steering: 0.000000
		Debug Velocity Ego, Desired: 29.984147, 36.111111
		Debug Distance to Object, Desired: 0.000000, -1.000000
		



TIME	18.939
		Input Vel: 30.706893
		Input ACC X,Y: 1.204263, 0.365509
		Input Road Speed Limit, Curvature: 38.888889, 0.000999
		Input Lane Dev Dist, Angl: 0.549008, -0.099769
		Input RelObject, DistX, DistY: 0.000000, 0.000000 
		

		Output Gas: 0.446632
		Output Brake: 0.188221
		Output Steering: 0.000000
		Debug Velocity Ego, Desired: 30.706893, 36.111111
		Debug Distance to Object, Desired: 0.000000, -1.000000
		



		Input Vel: 31.511037
		Input ACC X,Y: 1.282548, 0.341459
		Input Road Speed Limit, Curvature: 38.888889, 0.000999
		Input Lane Dev Dist, Angl: 0.545582, -0.099518
		Input RelObject, DistX, DistY: 0.000000, 0.000000 
		

		Output Gas: 0.416440
		Output Brake: 0.188221
		Output Steering: 0.000000
		Debug Velocity Ego, Desired: 31.511037, 36.111111
		Debug Distance to Object, Desired: 0.000000, -1.000000
		



TIME	20.939
		Input Vel: 32.361465
		Input ACC X,Y: 1.347590, 0.282487
		Input Road Speed Limit, Curvature: 38.888889, 0.001001
		Input Lane Dev Dist, Angl: 0.542411, -0.099281
		Input RelObject, DistX, DistY: 0.000000, 0.000000 
		

		Output Gas: 0.382273
		Output Brake: 0.188221
		Output Steering: 0.000000
		Debug Velocity Ego, Desired: 32.361465, 36.111111
		Debug Distance to Object, Desired: 0.000000, -1.000000
		



		Input Vel: 32.667719
		Input ACC X,Y: 0.577029, -1.134962
		Input Road Speed Limit, Curvature: 38.888889, 0.001001
		Input Lane Dev Dist, Angl: 0.539266, -0.098733
		Input RelObject, DistX, DistY: 0.000000, 0.000000 
		

		Output Gas: 0.373800
		Output Brake: 0.188221
		Output Steering: 0.000000
		Debug Velocity Ego, Desired: 32.667719, 36.111111
		Debug Distance to Object, Desired: 0.000000, -1.000000
		



TIME	22.939
		Input Vel: 33.822880
		Input ACC X,Y: 1.514891, -0.196307
		Input Road Speed Limit, Curvature: 38.888889, 0.000999
		Input Lane Dev Dist, Angl: 0.559441, -0.097181
		Input RelObject, DistX, DistY: 0.000000, 0.000000 
		

		Output Gas: 0.321737
		Output Brake: 0.188221
		Output Steering: 0.000000
		Debug Velocity Ego, Desired: 33.822880, 36.111111
		Debug Distance to Object, Desired: 0.000000, -1.000000
		



		Input Vel: 34.495007
		Input ACC X,Y: 1.329269, -0.084080
		Input Road Speed Limit, Curvature: 38.888889, 0.000999
		Input Lane Dev Dist, Angl: 0.584910, -0.098774
		Input RelObject, DistX, DistY: 0.000000, 0.000000 
		

		Output Gas: 0.292045
		Output Brake: 0.188221
		Output Steering: 0.000000
		Debug Velocity Ego, Desired: 34.495007, 36.111111
		Debug Distance to Object, Desired: 0.000000, -1.000000
		



TIME	24.939
		Input Vel: 35.213963
		Input ACC X,Y: 1.408542, -0.171542
		Input Road Speed Limit, Curvature: 38.888889, 0.001000
		Input Lane Dev Dist, Angl: 0.571574, -0.098985
		Input RelObject, DistX, DistY: 0.000000, 0.000000 
		

		Output Gas: 0.258616
		Output Brake: 0.188221
		Output Steering: 0.000000
		Debug Velocity Ego, Desired: 35.213963, 36.111111
		Debug Distance to Object, Desired: 0.000000, -1.000000
		



		Input Vel: 35.947063
		Input ACC X,Y: 1.441781, -0.266510
		Input Road Speed Limit, Curvature: 38.888889, 0.001002
		Input Lane Dev Dist, Angl: 0.554846, -0.098598
		Input RelObject, DistX, DistY: 0.000000, 0.000000 
		

		Output Gas: 0.223022
		Output Brake: 0.188221
		Output Steering: 0.000000
		Debug Velocity Ego, Desired: 35.947063, 36.111111
		Debug Distance to Object, Desired: 0.000000, -1.000000
		



TIME	26.939
		Input Vel: 36.666114
		Input ACC X,Y: 1.444482, -0.373731
		Input Road Speed Limit, Curvature: 38.888889, 0.001000
		Input Lane Dev Dist, Angl: 0.547573, -0.098205
		Input RelObject, DistX, DistY: 0.000000, 0.000000 
		

		Output Gas: 0.186674
		Output Brake: 0.188221
		Output Steering: 0.000000
		Debug Velocity Ego, Desired: 36.666114, 36.111111
		Debug Distance to Object, Desired: 0.000000, -1.000000
		



		Input Vel: 37.346247
		Input ACC X,Y: 1.425316, -0.493962
		Input Road Speed Limit, Curvature: 38.888889, 0.000999
		Input Lane Dev Dist, Angl: 0.548157, -0.097878
		Input RelObject, DistX, DistY: 0.000000, 0.000000 
		

		Output Gas: 0.150868
		Output Brake: 0.188221
		Output Steering: 0.000000
		Debug Velocity Ego, Desired: 37.346247, 36.111111
		Debug Distance to Object, Desired: 0.000000, -1.000000
		



TIME	28.939
		Input Vel: 37.966144
		Input ACC X,Y: 1.386535, -0.623740
		Input Road Speed Limit, Curvature: 38.888889, 0.000999
		Input Lane Dev Dist, Angl: 0.551357, -0.097638
		Input RelObject, DistX, DistY: 0.000000, 0.000000 
		

		Output Gas: 0.116772
		Output Brake: 0.188221
		Output Steering: 0.000000
		Debug Velocity Ego, Desired: 37.966144, 36.111111
		Debug Distance to Object, Desired: 0.000000, -1.000000
		



		Input Vel: 38.508250
		Input ACC X,Y: 1.328138, -0.757749
		Input Road Speed Limit, Curvature: 38.888889, 0.001001
		Input Lane Dev Dist, Angl: 0.553584, -0.097493
		Input RelObject, DistX, DistY: 0.000000, 0.000000 
		

		Output Gas: 0.085400
		Output Brake: 0.188221
		Output Steering: 0.000000
		Debug Velocity Ego, Desired: 38.508250, 36.111111
		Debug Distance to Object, Desired: 0.000000, -1.000000
		



TIME	30.939
		Input Vel: 38.954430
		Input ACC X,Y: 1.241665, -0.897837
		Input Road Speed Limit, Curvature: 38.888889, 0.001000
		Input Lane Dev Dist, Angl: 0.556050, -0.097430
		Input RelObject, DistX, DistY: 0.000000, 0.000000 
		

		Output Gas: 0.057832
		Output Brake: 0.188221
		Output Steering: 0.000000
		Debug Velocity Ego, Desired: 38.954430, 36.111111
		Debug Distance to Object, Desired: 0.000000, -1.000000
		



		Input Vel: 39.283253
		Input ACC X,Y: 1.138193, -1.029020
		Input Road Speed Limit, Curvature: 38.888889, 0.000999
		Input Lane Dev Dist, Angl: 0.559538, -0.097337
		Input RelObject, DistX, DistY: 0.000000, 0.000000 
		

		Output Gas: 0.035356
		Output Brake: 0.188221
		Output Steering: 0.000000
		Debug Velocity Ego, Desired: 39.283253, 36.111111
		Debug Distance to Object, Desired: 0.000000, -1.000000
		



TIME	32.939
		Input Vel: 39.484438
		Input ACC X,Y: 1.006579, -1.156844
		Input Road Speed Limit, Curvature: 38.888889, 0.000999
		Input Lane Dev Dist, Angl: 0.562723, -0.097262
		Input RelObject, DistX, DistY: 0.000000, 0.000000 
		

		Output Gas: 0.018729
		Output Brake: 0.188221
		Output Steering: 0.000000
		Debug Velocity Ego, Desired: 39.484438, 36.111111
		Debug Distance to Object, Desired: 0.000000, -1.000000
		



		Input Vel: 39.564706
		Input ACC X,Y: 0.884603, -1.252920
		Input Road Speed Limit, Curvature: 38.888889, 0.001001
		Input Lane Dev Dist, Angl: 0.563577, -0.097287
		Input RelObject, DistX, DistY: 0.000000, 0.000000 
		

		Output Gas: 0.007870
		Output Brake: 0.188221
		Output Steering: 0.000000
		Debug Velocity Ego, Desired: 39.564706, 36.111111
		Debug Distance to Object, Desired: 0.000000, -1.000000
		



TIME	34.939
		Input Vel: 39.547356
		Input ACC X,Y: 0.768833, -1.326148
		Input Road Speed Limit, Curvature: 38.888889, 0.001001
		Input Lane Dev Dist, Angl: 0.563343, -0.097430
		Input RelObject, DistX, DistY: 0.000000, 0.000000 
		

		Output Gas: 0.001833
		Output Brake: 0.188221
		Output Steering: 0.000000
		Debug Velocity Ego, Desired: 39.547356, 36.111111
		Debug Distance to Object, Desired: 0.000000, -1.000000
		



		Input Vel: 39.442034
		Input ACC X,Y: 0.524012, -1.449968
		Input Road Speed Limit, Curvature: 38.888889, 0.000999
		Input Lane Dev Dist, Angl: 0.562345, -0.097553
		Input RelObject, DistX, DistY: 0.000000, 0.000000 
		

		Output Gas: 0.000313
		Output Brake: 0.000001
		Output Steering: 0.000000
		Debug Velocity Ego, Desired: 39.442034, 36.111111
		Debug Distance to Object, Desired: 0.000000, -1.000000
		



TIME	36.939
		Input Vel: 39.056537
		Input ACC X,Y: 0.482334, -1.435430
		Input Road Speed Limit, Curvature: 38.888889, 0.000999
		Input Lane Dev Dist, Angl: 0.559781, -0.097645
		Input RelObject, DistX, DistY: 0.000000, 0.000000 
		

		Output Gas: 0.013334
		Output Brake: 0.000001
		Output Steering: 0.000000
		Debug Velocity Ego, Desired: 39.056537, 36.111111
		Debug Distance to Object, Desired: 0.000000, -1.000000
		



		Input Vel: 38.852525
		Input ACC X,Y: 0.508141, -1.394678
		Input Road Speed Limit, Curvature: 38.888889, 0.001001
		Input Lane Dev Dist, Angl: 0.553110, -0.097961
		Input RelObject, DistX, DistY: 0.000000, 0.000000 
		

		Output Gas: 0.017869
		Output Brake: 0.000001
		Output Steering: 0.000000
		Debug Velocity Ego, Desired: 38.852525, 36.111111
		Debug Distance to Object, Desired: 0.000000, -1.000000
		



TIME	38.939
		Input Vel: 38.644735
		Input ACC X,Y: 0.374024, -1.442368
		Input Road Speed Limit, Curvature: 38.888889, 0.001001
		Input Lane Dev Dist, Angl: 0.542031, -0.098158
		Input RelObject, DistX, DistY: 0.000000, 0.000000 
		

		Output Gas: 0.022970
		Output Brake: 0.000001
		Output Steering: 0.000000
		Debug Velocity Ego, Desired: 38.644735, 36.111111
		Debug Distance to Object, Desired: 0.000000, -1.000000
		



		Input Vel: 38.377623
		Input ACC X,Y: 0.266554, -1.458100
		Input Road Speed Limit, Curvature: 38.888889, 0.000999
		Input Lane Dev Dist, Angl: 0.531358, -0.098190
		Input RelObject, DistX, DistY: 0.000000, 0.000000 
		

		Output Gas: 0.031519
		Output Brake: 0.000001
		Output Steering: 0.000000
		Debug Velocity Ego, Desired: 38.377623, 36.111111
		Debug Distance to Object, Desired: 0.000000, -1.000000
		



TIME	40.939
		Input Vel: 38.079609
		Input ACC X,Y: 0.171290, -1.458734
		Input Road Speed Limit, Curvature: 38.888889, 0.000999
		Input Lane Dev Dist, Angl: 0.522535, -0.098175
		Input RelObject, DistX, DistY: 0.000000, 0.000000 
		

		Output Gas: 0.042180
		Output Brake: 0.000001
		Output Steering: 0.000000
		Debug Velocity Ego, Desired: 38.079609, 36.111111
		Debug Distance to Object, Desired: 0.000000, -1.000000
		



		Input Vel: 37.762095
		Input ACC X,Y: 0.095608, -1.446586
		Input Road Speed Limit, Curvature: 38.888889, 0.001001
		Input Lane Dev Dist, Angl: 0.514246, -0.098179
		Input RelObject, DistX, DistY: 0.000000, 0.000000 
		

		Output Gas: 0.054435
		Output Brake: 0.000001
		Output Steering: 0.000000
		Debug Velocity Ego, Desired: 37.762095, 36.111111
		Debug Distance to Object, Desired: 0.000000, -1.000000
		



TIME	42.939
		Input Vel: 37.444476
		Input ACC X,Y: 0.038426, -1.427077
		Input Road Speed Limit, Curvature: 38.888889, 0.001001
		Input Lane Dev Dist, Angl: 0.508476, -0.098230
		Input RelObject, DistX, DistY: 0.000000, 0.000000 
		

		Output Gas: 0.067333
		Output Brake: 0.000001
		Output Steering: 0.000000
		Debug Velocity Ego, Desired: 37.444476, 36.111111
		Debug Distance to Object, Desired: 0.000000, -1.000000
		



		Input Vel: 37.108650
		Input ACC X,Y: -0.071591, -1.417707
		Input Road Speed Limit, Curvature: 27.777778, 0.000999
		Input Lane Dev Dist, Angl: 0.507632, -0.098165
		Input RelObject, DistX, DistY: 0.000000, 0.000000 
		

		Output Gas: 0.069107
		Output Brake: 0.349275
		Output Steering: 0.000000
		Debug Velocity Ego, Desired: 37.108650, 27.777778
		Debug Distance to Object, Desired: 0.000000, -1.000000
		



TIME	44.939
		Input Vel: 36.719626
		Input ACC X,Y: -0.176935, -1.398186
		Input Road Speed Limit, Curvature: 27.777778, 0.000999
		Input Lane Dev Dist, Angl: 0.514119, -0.097966
		Input RelObject, DistX, DistY: 0.000000, 0.000000 
		

		Output Gas: 0.069107
		Output Brake: 0.348104
		Output Steering: 0.000000
		Debug Velocity Ego, Desired: 36.719626, 27.777778
		Debug Distance to Object, Desired: 0.000000, -1.000000
		



		Input Vel: 36.289154
		Input ACC X,Y: -0.268129, -1.364504
		Input Road Speed Limit, Curvature: 27.777778, 0.001000
		Input Lane Dev Dist, Angl: 0.529248, -0.097728
		Input RelObject, DistX, DistY: 0.000000, 0.000000 
		

		Output Gas: 0.069107
		Output Brake: 0.344040
		Output Steering: 0.000000
		Debug Velocity Ego, Desired: 36.289154, 27.777778
		Debug Distance to Object, Desired: 0.000000, -1.000000
		



TIME	46.939
		Input Vel: 35.830508
		Input ACC X,Y: -0.342649, -1.294467
		Input Road Speed Limit, Curvature: 27.777778, 0.000000
		Input Lane Dev Dist, Angl: 0.550864, -0.094988
		Input RelObject, DistX, DistY: 0.000000, 0.000000 
		

		Output Gas: 0.069107
		Output Brake: 0.337675
		Output Steering: 0.000000
		Debug Velocity Ego, Desired: 35.830508, 27.777778
		Debug Distance to Object, Desired: 0.000000, -1.000000
		



		Input Vel: 35.350708
		Input ACC X,Y: -0.433721, -1.123461
		Input Road Speed Limit, Curvature: 27.777778, 0.000000
		Input Lane Dev Dist, Angl: 0.542294, -0.062076
		Input RelObject, DistX, DistY: 0.000000, 0.000000 
		

		Output Gas: 0.069107
		Output Brake: 0.329318
		Output Steering: 0.000000
		Debug Velocity Ego, Desired: 35.350708, 27.777778
		Debug Distance to Object, Desired: 0.000000, -1.000000
		



TIME	48.939
		Input Vel: 34.841004
		Input ACC X,Y: -0.487289, -0.853854
		Input Road Speed Limit, Curvature: 27.777778, 0.000000
		Input Lane Dev Dist, Angl: 0.373484, -0.035053
		Input RelObject, DistX, DistY: 0.000000, 0.000000 
		

		Output Gas: 0.069107
		Output Brake: 0.318470
		Output Steering: 0.000000
		Debug Velocity Ego, Desired: 34.841004, 27.777778
		Debug Distance to Object, Desired: 0.000000, -1.000000
		



		Input Vel: 34.305403
		Input ACC X,Y: -0.543877, -0.561048
		Input Road Speed Limit, Curvature: 27.777778, 0.000000
		Input Lane Dev Dist, Angl: -0.143235, -0.015621
		Input RelObject, DistX, DistY: 0.000000, 0.000000 
		

		Output Gas: 0.069107
		Output Brake: 0.305287
		Output Steering: 0.000000
		Debug Velocity Ego, Desired: 34.305403, 27.777778
		Debug Distance to Object, Desired: 0.000000, -1.000000
		



TIME	50.939
		Input Vel: 33.724000
		Input ACC X,Y: -0.597638, -0.294070
		Input Road Speed Limit, Curvature: 27.777778, 0.000000
		Input Lane Dev Dist, Angl: -0.473642, -0.003962
		Input RelObject, DistX, DistY: 0.000000, 0.000000 
		

		Output Gas: 0.069107
		Output Brake: 0.288701
		Output Steering: 0.000000
		Debug Velocity Ego, Desired: 33.724000, 27.777778
		Debug Distance to Object, Desired: 0.000000, -1.000000
		



		Input Vel: 33.152398
		Input ACC X,Y: -0.539554, -0.115879
		Input Road Speed Limit, Curvature: 27.777778, 0.000000
		Input Lane Dev Dist, Angl: -0.509857, 0.001486
		Input RelObject, DistX, DistY: 0.000000, 0.000000 
		

		Output Gas: 0.069107
		Output Brake: 0.271432
		Output Steering: 0.000000
		Debug Velocity Ego, Desired: 33.152398, 27.777778
		Debug Distance to Object, Desired: 0.000000, -1.000000
		



TIME	52.939
		Input Vel: 32.645554
		Input ACC X,Y: -0.480474, -0.029864
		Input Road Speed Limit, Curvature: 27.777778, 0.000000
		Input Lane Dev Dist, Angl: -0.426534, 0.003363
		Input RelObject, DistX, DistY: 0.000000, 0.000000 
		

		Output Gas: 0.069107
		Output Brake: 0.256322
		Output Steering: 0.000000
		Debug Velocity Ego, Desired: 32.645554, 27.777778
		Debug Distance to Object, Desired: 0.000000, -1.000000
		



		Input Vel: 32.184816
		Input ACC X,Y: -0.438214, 0.004988
		Input Road Speed Limit, Curvature: 27.777778, 0.000000
		Input Lane Dev Dist, Angl: -0.310979, 0.003642
		Input RelObject, DistX, DistY: 0.000000, 0.000000 
		

		Output Gas: 0.069107
		Output Brake: 0.242553
		Output Steering: 0.000000
		Debug Velocity Ego, Desired: 32.184816, 27.777778
		Debug Distance to Object, Desired: 0.000000, -1.000000
		



TIME	54.939
		Input Vel: 31.769186
		Input ACC X,Y: -0.390452, 0.020067
		Input Road Speed Limit, Curvature: 27.777778, 0.000000
		Input Lane Dev Dist, Angl: -0.199658, 0.003233
		Input RelObject, DistX, DistY: 0.000000, 0.000000 
		

		Output Gas: 0.069107
		Output Brake: 0.230162
		Output Steering: 0.000000
		Debug Velocity Ego, Desired: 31.769186, 27.777778
		Debug Distance to Object, Desired: 0.000000, -1.000000
		



		Input Vel: 31.403982
		Input ACC X,Y: -0.345966, 0.025594
		Input Road Speed Limit, Curvature: 27.777778, 0.000000
		Input Lane Dev Dist, Angl: -0.107969, 0.002513
		Input RelObject, DistX, DistY: 0.000000, 0.000000 
		

		Output Gas: 0.069107
		Output Brake: 0.219511
		Output Steering: 0.000000
		Debug Velocity Ego, Desired: 31.403982, 27.777778
		Debug Distance to Object, Desired: 0.000000, -1.000000
		



TIME	56.939
		Input Vel: 31.066644
		Input ACC X,Y: -0.331644, 0.024472
		Input Road Speed Limit, Curvature: 27.777778, 0.000000
		Input Lane Dev Dist, Angl: -0.041324, 0.001725
		Input RelObject, DistX, DistY: 0.000000, 0.000000 
		

		Output Gas: 0.069107
		Output Brake: 0.209557
		Output Steering: 0.000000
		Debug Velocity Ego, Desired: 31.066644, 27.777778
		Debug Distance to Object, Desired: 0.000000, -1.000000
		



		Input Vel: 30.741073
		Input ACC X,Y: -0.319908, 0.020146
		Input Road Speed Limit, Curvature: 27.777778, 0.000000
		Input Lane Dev Dist, Angl: 0.001238, 0.001021
		Input RelObject, DistX, DistY: 0.000000, 0.000000 
		

		Output Gas: 0.069107
		Output Brake: 0.199528
		Output Steering: 0.000000
		Debug Velocity Ego, Desired: 30.741073, 27.777778
		Debug Distance to Object, Desired: 0.000000, -1.000000
		



TIME	58.939
		Input Vel: 30.426616
		Input ACC X,Y: -0.309036, 0.015121
		Input Road Speed Limit, Curvature: 27.777778, 0.000000
		Input Lane Dev Dist, Angl: 0.023893, 0.000463
		Input RelObject, DistX, DistY: 0.000000, 0.000000 
		

		Output Gas: 0.069107
		Output Brake: 0.189416
		Output Steering: 0.000000
		Debug Velocity Ego, Desired: 30.426616, 27.777778
		Debug Distance to Object, Desired: 0.000000, -1.000000
		



		Input Vel: 30.122836
		Input ACC X,Y: -0.298574, 0.010591
		Input Road Speed Limit, Curvature: 27.777778, 0.000000
		Input Lane Dev Dist, Angl: 0.031565, 0.000051
		Input RelObject, DistX, DistY: 0.000000, 0.000000 
		

		Output Gas: 0.069107
		Output Brake: 0.179219
		Output Steering: 0.000000
		Debug Velocity Ego, Desired: 30.122836, 27.777778
		Debug Distance to Object, Desired: 0.000000, -1.000000
		



TIME	60.939
		Input Vel: 29.829324
		Input ACC X,Y: -0.288506, 0.006795
		Input Road Speed Limit, Curvature: 27.777778, 0.000000
		Input Lane Dev Dist, Angl: 0.028745, -0.000230
		Input RelObject, DistX, DistY: 0.000000, 0.000000 
		

		Output Gas: 0.069107
		Output Brake: 0.168938
		Output Steering: 0.000000
		Debug Velocity Ego, Desired: 29.829324, 27.777778
		Debug Distance to Object, Desired: 0.000000, -1.000000
		



		Input Vel: 29.545689
		Input ACC X,Y: -0.278818, 0.003933
		Input Road Speed Limit, Curvature: 27.777778, 0.000000
		Input Lane Dev Dist, Angl: 0.019181, -0.000405
		Input RelObject, DistX, DistY: 0.000000, 0.000000 
		

		Output Gas: 0.069107
		Output Brake: 0.158575
		Output Steering: 0.000000
		Debug Velocity Ego, Desired: 29.545689, 27.777778
		Debug Distance to Object, Desired: 0.000000, -1.000000
		



TIME	62.939
		Input Vel: 29.271559
		Input ACC X,Y: -0.269494, 0.002070
		Input Road Speed Limit, Curvature: 27.777778, 0.000000
		Input Lane Dev Dist, Angl: 0.005686, -0.000506
		Input RelObject, DistX, DistY: 0.000000, 0.000000 
		

		Output Gas: 0.069107
		Output Brake: 0.148128
		Output Steering: 0.000000
		Debug Velocity Ego, Desired: 29.271559, 27.777778
		Debug Distance to Object, Desired: 0.000000, -1.000000
		



		Input Vel: 29.006583
		Input ACC X,Y: -0.260491, 0.000650
		Input Road Speed Limit, Curvature: 27.777778, 0.000000
		Input Lane Dev Dist, Angl: -0.009855, -0.000555
		Input RelObject, DistX, DistY: 0.000000, 0.000000 
		

		Output Gas: 0.069107
		Output Brake: 0.137600
		Output Steering: 0.000000
		Debug Velocity Ego, Desired: 29.006583, 27.777778
		Debug Distance to Object, Desired: 0.000000, -1.000000
		



TIME	64.939
		Input Vel: 28.750546
		Input ACC X,Y: -0.251587, -0.001272
		Input Road Speed Limit, Curvature: 27.777778, 0.000000
		Input Lane Dev Dist, Angl: -0.025934, -0.000549
		Input RelObject, DistX, DistY: 0.000000, 0.000000 
		

		Output Gas: 0.069107
		Output Brake: 0.126999
		Output Steering: 0.000000
		Debug Velocity Ego, Desired: 28.750546, 27.777778
		Debug Distance to Object, Desired: 0.000000, -1.000000
		



		Input Vel: 28.503318
		Input ACC X,Y: -0.242948, -0.004710
		Input Road Speed Limit, Curvature: 19.444444, 0.000000
		Input Lane Dev Dist, Angl: -0.040490, -0.000449
		Input RelObject, DistX, DistY: 0.000000, 0.000000 
		

		Output Gas: 0.069107
		Output Brake: 0.534392
		Output Steering: 0.000000
		Debug Velocity Ego, Desired: 28.503318, 19.444444
		Debug Distance to Object, Desired: 0.000000, -1.000000
		



TIME	66.939
		Input Vel: 28.264380
		Input ACC X,Y: -0.235038, -0.010494
		Input Road Speed Limit, Curvature: 19.444444, 0.000000
		Input Lane Dev Dist, Angl: -0.049922, -0.000182
		Input RelObject, DistX, DistY: 0.000000, 0.000000 
		

		Output Gas: 0.069107
		Output Brake: 0.540323
		Output Steering: 0.000000
		Debug Velocity Ego, Desired: 28.264380, 19.444444
		Debug Distance to Object, Desired: 0.000000, -1.000000
		



		Input Vel: 28.032998
		Input ACC X,Y: -0.227859, -0.019221
		Input Road Speed Limit, Curvature: 19.444444, 0.000000
		Input Lane Dev Dist, Angl: -0.048279, 0.000349
		Input RelObject, DistX, DistY: 0.000000, 0.000000 
		

		Output Gas: 0.069107
		Output Brake: 0.546161
		Output Steering: 0.000000
		Debug Velocity Ego, Desired: 28.032998, 19.444444
		Debug Distance to Object, Desired: 0.000000, -1.000000
		



TIME	68.939
		Input Vel: 27.808395
		Input ACC X,Y: -0.221414, -0.032672
		Input Road Speed Limit, Curvature: 19.444444, 0.000000
		Input Lane Dev Dist, Angl: -0.026483, 0.001289
		Input RelObject, DistX, DistY: 0.000000, 0.000000 
		

		Output Gas: 0.069107
		Output Brake: 0.551883
		Output Steering: 0.000000
		Debug Velocity Ego, Desired: 27.808395, 19.444444
		Debug Distance to Object, Desired: 0.000000, -1.000000
		



		Input Vel: 27.590073
		Input ACC X,Y: -0.215619, -0.048348
		Input Road Speed Limit, Curvature: 19.444444, -0.004547
		Input Lane Dev Dist, Angl: 0.028994, 0.027869
		Input RelObject, DistX, DistY: 0.000000, 0.000000 
		

		Output Gas: 0.069107
		Output Brake: 0.557475
		Output Steering: 0.000000
		Debug Velocity Ego, Desired: 27.590073, 19.444444
		Debug Distance to Object, Desired: 0.000000, -1.000000
		



TIME	70.939
		Input Vel: 27.375234
		Input ACC X,Y: -0.220190, -0.039004
		Input Road Speed Limit, Curvature: 19.444444, -0.004552
		Input Lane Dev Dist, Angl: 0.131411, 0.154538
		Input RelObject, DistX, DistY: 0.000000, 0.000000 
		

		Output Gas: 0.069107
		Output Brake: 0.562810
		Output Steering: 0.000000
		Debug Velocity Ego, Desired: 27.375234, 19.444444
		Debug Distance to Object, Desired: 0.000000, -1.000000
		



		Input Vel: 27.141626
		Input ACC X,Y: -0.251804, 0.214462
		Input Road Speed Limit, Curvature: 19.444444, -0.004544
		Input Lane Dev Dist, Angl: 0.248920, 0.276408
		Input RelObject, DistX, DistY: 0.000000, 0.000000 
		

		Output Gas: 0.069107
		Output Brake: 0.566764
		Output Steering: 0.000000
		Debug Velocity Ego, Desired: 27.141626, 19.444444
		Debug Distance to Object, Desired: 0.000000, -1.000000
		



TIME	72.939
		Input Vel: 26.866578
		Input ACC X,Y: -0.320059, 1.058961
		Input Road Speed Limit, Curvature: 19.444444, -0.004541
		Input Lane Dev Dist, Angl: 0.069088, 0.375981
		Input RelObject, DistX, DistY: 0.000000, 0.000000 
		

		Output Gas: 0.069107
		Output Brake: 0.568139
		Output Steering: 0.000000
		Debug Velocity Ego, Desired: 26.866578, 19.444444
		Debug Distance to Object, Desired: 0.000000, -1.000000
		



		Input Vel: 26.778025
		Input ACC X,Y: -0.135090, 3.394756
		Input Road Speed Limit, Curvature: 38.888889, -0.004543
		Input Lane Dev Dist, Angl: -0.758541, 0.428048
		Input RelObject, DistX, DistY: 0.000000, 0.000000 
		

		Output Gas: 0.069107
		Output Brake: 0.499830
		Output Steering: 0.000000
		Debug Velocity Ego, Desired: 26.778025, 20.982528
		Debug Distance to Object, Desired: 0.000000, -1.000000
		



TIME	74.939
		Input Vel: 27.513237
		Input ACC X,Y: 0.291350, 3.275984
		Input Road Speed Limit, Curvature: 38.888889, -0.004549
		Input Lane Dev Dist, Angl: -0.962291, 0.456268
		Input RelObject, DistX, DistY: 0.000000, 0.000000 
		

		Output Gas: 0.069107
		Output Brake: 0.549549
		Output Steering: 0.000000
		Debug Velocity Ego, Desired: 27.513237, 20.968747
		Debug Distance to Object, Desired: 0.000000, -1.000000
		



		Input Vel: 28.041001
		Input ACC X,Y: -0.807279, 3.651233
		Input Road Speed Limit, Curvature: 38.888889, -0.004553
		Input Lane Dev Dist, Angl: -0.818235, 0.463172
		Input RelObject, DistX, DistY: 0.000000, 0.000000 
		

		Output Gas: 0.069107
		Output Brake: 0.590113
		Output Steering: 0.000000
		Debug Velocity Ego, Desired: 28.041001, 20.959225
		Debug Distance to Object, Desired: 0.000000, -1.000000
		



TIME	76.939
		Input Vel: 27.970206
		Input ACC X,Y: -1.936755, 3.300271
		Input Road Speed Limit, Curvature: 38.888889, -0.004546
		Input Lane Dev Dist, Angl: -0.642525, 0.460452
		Input RelObject, DistX, DistY: 0.000000, 0.000000 
		

		Output Gas: 0.069107
		Output Brake: 0.599954
		Output Steering: 0.000000
		Debug Velocity Ego, Desired: 27.970206, 20.974534
		Debug Distance to Object, Desired: 0.000000, -1.000000
		



		Input Vel: 27.425879
		Input ACC X,Y: -2.659569, 2.601360
		Input Road Speed Limit, Curvature: 38.888889, -0.004542
		Input Lane Dev Dist, Angl: -0.562697, 0.457040
		Input RelObject, DistX, DistY: 0.000000, 0.000000 
		

		Output Gas: 0.069107
		Output Brake: 0.585766
		Output Steering: 0.000000
		Debug Velocity Ego, Desired: 27.425879, 20.984227
		Debug Distance to Object, Desired: 0.000000, -1.000000
		



TIME	78.939
		Input Vel: 26.526160
		Input ACC X,Y: -2.987146, 1.827260
		Input Road Speed Limit, Curvature: 38.888889, -0.004541
		Input Lane Dev Dist, Angl: -0.558332, 0.455642
		Input RelObject, DistX, DistY: 0.000000, 0.000000 
		

		Output Gas: 0.069107
		Output Brake: 0.552699
		Output Steering: 0.000000
		Debug Velocity Ego, Desired: 26.526160, 20.986808
		Debug Distance to Object, Desired: 0.000000, -1.000000
		



		Input Vel: 25.444152
		Input ACC X,Y: -3.022985, 1.158264
		Input Road Speed Limit, Curvature: 38.888889, -0.004545
		Input Lane Dev Dist, Angl: -0.576053, 0.456241
		Input RelObject, DistX, DistY: 0.000000, 0.000000 
		

		Output Gas: 0.069107
		Output Brake: 0.509069
		Output Steering: 0.000000
		Debug Velocity Ego, Desired: 25.444152, 20.978254
		Debug Distance to Object, Desired: 0.000000, -1.000000
		



TIME	80.939
		Input Vel: 24.282692
		Input ACC X,Y: -2.889297, 0.611930
		Input Road Speed Limit, Curvature: 38.888889, -0.004554
		Input Lane Dev Dist, Angl: -0.574220, 0.458294
		Input RelObject, DistX, DistY: 0.000000, 0.000000 
		

		Output Gas: 0.069107
		Output Brake: 0.459868
		Output Steering: 0.000000
		Debug Velocity Ego, Desired: 24.282692, 20.956309
		Debug Distance to Object, Desired: 0.000000, -1.000000
		



		Input Vel: 23.115603
		Input ACC X,Y: -2.674456, 0.204381
		Input Road Speed Limit, Curvature: 38.888889, -0.004543
		Input Lane Dev Dist, Angl: -0.521407, 0.461601
		Input RelObject, DistX, DistY: 0.000000, 0.000000 
		

		Output Gas: 0.069107
		Output Brake: 0.405667
		Output Steering: 0.000000
		Debug Velocity Ego, Desired: 23.115603, 20.981981
		Debug Distance to Object, Desired: 0.000000, -1.000000
		



TIME	82.939
		Input Vel: 21.943802
		Input ACC X,Y: -2.519827, -0.209026
		Input Road Speed Limit, Curvature: 38.888889, -0.004555
		Input Lane Dev Dist, Angl: -0.411133, 0.406151
		Input RelObject, DistX, DistY: 0.000000, 0.000000 
		

		Output Gas: 0.069107
		Output Brake: 0.351604
		Output Steering: 0.000000
		Debug Velocity Ego, Desired: 21.943802, 20.954627
		Debug Distance to Object, Desired: 0.000000, -1.000000
		



		Input Vel: 20.724057
		Input ACC X,Y: -2.173762, -0.178266
		Input Road Speed Limit, Curvature: 38.888889, -0.004555
		Input Lane Dev Dist, Angl: -0.275813, 0.307962
		Input RelObject, DistX, DistY: 0.000000, 0.000000 
		

		Output Gas: 0.069107
		Output Brake: 0.291235
		Output Steering: 0.000000
		Debug Velocity Ego, Desired: 20.724057, 20.954627
		Debug Distance to Object, Desired: 0.000000, -1.000000
		



TIME	84.939
		Input Vel: 19.954327
		Input ACC X,Y: -2.010910, -0.207117
		Input Road Speed Limit, Curvature: 38.888889, -0.004555
		Input Lane Dev Dist, Angl: -0.149212, 0.211121
		Input RelObject, DistX, DistY: 0.000000, 0.000000 
		

		Output Gas: 0.069107
		Output Brake: 0.251482
		Output Steering: 0.000000
		Debug Velocity Ego, Desired: 19.954327, 20.954627
		Debug Distance to Object, Desired: 0.000000, -1.000000
		



		Input Vel: 19.414532
		Input ACC X,Y: -1.865076, -0.169515
		Input Road Speed Limit, Curvature: 38.888889, -0.004555
		Input Lane Dev Dist, Angl: -0.070319, 0.116272
		Input RelObject, DistX, DistY: 0.000000, 0.000000 
		

		Output Gas: 0.069107
		Output Brake: 0.221910
		Output Steering: 0.000000
		Debug Velocity Ego, Desired: 19.414532, 20.954627
		Debug Distance to Object, Desired: 0.000000, -1.000000
		



TIME	86.939
		Input Vel: 19.150610
		Input ACC X,Y: -0.822065, -0.067671
		Input Road Speed Limit, Curvature: 38.888889, -0.004555
		Input Lane Dev Dist, Angl: 0.077046, 0.041629
		Input RelObject, DistX, DistY: 0.000000, 0.000000 
		

		Output Gas: 0.069107
		Output Brake: 0.205319
		Output Steering: 0.000000
		Debug Velocity Ego, Desired: 19.150610, 20.954627
		Debug Distance to Object, Desired: 0.000000, -1.000000
		



SIM_END		Examples/BasicFunctions/Driver/ChangingLanes	87.072s	2630.43m
TIME	94.589
SHUTDOWN	CarMaker quick shutdown initiated

