

SYSTEM_START	-	DESKTOP-35MN2A9	DESKTOP-35MN2A9	2021-06-24 16:45:53


SYSTEM_INFO	Car_Generic &lt;insert.your.version.no&gt; #3	student@desktop-35mn2a9 2021-06-24 16:43:11	(9.1.1 fh@obelix.ipg 2020-12-18 15:49:12)
SIM	1624545953	DESKTOP-35MN2A9			0	0	0


SYSTEM_START	-	DESKTOP-35MN2A9	DESKTOP-35MN2A9	2021-06-24 16:47:53


SYSTEM_INFO	Car_Generic &lt;insert.your.version.no&gt; #3	student@desktop-35mn2a9 2021-06-24 16:43:11	(9.1.1 fh@obelix.ipg 2020-12-18 15:49:12)
SIM	1624546073	DESKTOP-35MN2A9			0	0	0
SIM	1624546084	DESKTOP-35MN2A9	student	Examples/BasicFunctions/Driver/BackAndForth	0	61.799	475.541
SIM	1624546378	DESKTOP-35MN2A9	student	Examples/BasicFunctions/Driver/BackAndForth	0	61.799	475.541


SYSTEM_START	-	DESKTOP-35MN2A9	DESKTOP-35MN2A9	2021-06-24 17:20:24


SYSTEM_INFO	Car_Generic &lt;insert.your.version.no&gt; #4	student@desktop-35mn2a9 2021-06-24 17:13:52	(9.1.1 fh@obelix.ipg 2020-12-18 15:49:12)
SIM	1624548025	DESKTOP-35MN2A9			0	0	0


SYSTEM_START	-	DESKTOP-35MN2A9	DESKTOP-35MN2A9	2021-06-24 17:20:49


SYSTEM_INFO	Car_Generic &lt;insert.your.version.no&gt; #4	student@desktop-35mn2a9 2021-06-24 17:13:52	(9.1.1 fh@obelix.ipg 2020-12-18 15:49:12)
SIM	1624548049	DESKTOP-35MN2A9			0	0	0
SIM	1624548228	DESKTOP-35MN2A9	student	unknown	0	76.117	1780.79
SIM	1624548327	DESKTOP-35MN2A9	student	unknown	0	76.117	1780.79


SYSTEM_START	-	DESKTOP-35MN2A9	DESKTOP-35MN2A9	2021-07-01 10:15:00


SYSTEM_INFO	Car_Generic &lt;insert.your.version.no&gt; #7	student@desktop-35mn2a9 2021-07-01 10:13:19	(9.1.1 fh@obelix.ipg 2020-12-18 15:49:12)


SYSTEM_START	-	DESKTOP-35MN2A9	DESKTOP-35MN2A9	2021-07-01 10:15:59


SYSTEM_INFO	Car_Generic &lt;insert.your.version.no&gt; #7	student@desktop-35mn2a9 2021-07-01 10:13:19	(9.1.1 fh@obelix.ipg 2020-12-18 15:49:12)


SYSTEM_START	-	DESKTOP-35MN2A9	DESKTOP-35MN2A9	2021-07-01 10:16:39


SYSTEM_INFO	Car_Generic &lt;insert.your.version.no&gt; #7	student@desktop-35mn2a9 2021-07-01 10:13:19	(9.1.1 fh@obelix.ipg 2020-12-18 15:49:12)
SIM	1625127399	DESKTOP-35MN2A9			0	0	0


SYSTEM_START	-	DESKTOP-35MN2A9	DESKTOP-35MN2A9	2021-07-01 10:17:04


SYSTEM_INFO	Car_Generic &lt;insert.your.version.no&gt; #7	student@desktop-35mn2a9 2021-07-01 10:13:19	(9.1.1 fh@obelix.ipg 2020-12-18 15:49:12)
SIM	1625127424	DESKTOP-35MN2A9			0	0	0


SYSTEM_START	-	DESKTOP-35MN2A9	DESKTOP-35MN2A9	2021-07-01 10:18:41


SYSTEM_INFO	Car_Generic &lt;insert.your.version.no&gt; #7	student@desktop-35mn2a9 2021-07-01 10:13:19	(9.1.1 fh@obelix.ipg 2020-12-18 15:49:12)
SIM	1625127521	DESKTOP-35MN2A9			0	0	0


SYSTEM_START	-	DESKTOP-35MN2A9	DESKTOP-35MN2A9	2021-07-01 10:20:14


SYSTEM_INFO	Car_Generic &lt;insert.your.version.no&gt; #7	student@desktop-35mn2a9 2021-07-01 10:13:19	(9.1.1 fh@obelix.ipg 2020-12-18 15:49:12)
SIM	1625127614	DESKTOP-35MN2A9			0	0	0
SIM	1625127676	DESKTOP-35MN2A9	student	unknown	0	5.682	0.0108038
SIM	1625127799	DESKTOP-35MN2A9	student	unknown	0	13.879	0.010999
SIM	1625127834	DESKTOP-35MN2A9	student	unknown	0	16.087	0.0110349
SIM	1625127882	DESKTOP-35MN2A9	student	unknown	0	19.181	0.0110786


SYSTEM_START	-	DESKTOP-35MN2A9	DESKTOP-35MN2A9	2021-07-01 10:25:42


SYSTEM_INFO	Car_Generic &lt;insert.your.version.no&gt; #7	student@desktop-35mn2a9 2021-07-01 10:13:19	(9.1.1 fh@obelix.ipg 2020-12-18 15:49:12)
SIM	1625127943	DESKTOP-35MN2A9			0	0	0
SIM	1625127954	DESKTOP-35MN2A9	student	unknown	0	60.777	0.0113654


SYSTEM_START	-	DESKTOP-35MN2A9	DESKTOP-35MN2A9	2021-07-01 10:31:12


SYSTEM_INFO	Car_Generic &lt;insert.your.version.no&gt; #7	student@desktop-35mn2a9 2021-07-01 10:13:19	(9.1.1 fh@obelix.ipg 2020-12-18 15:49:12)
SIM	1625128273	DESKTOP-35MN2A9			0	0	0
SIM	1625128291	DESKTOP-35MN2A9	student	unknown	0	94.726	0.0114279
SIM	1625128388	DESKTOP-35MN2A9	student	unknown	0	4.174	0.0107473


SYSTEM_START	-	DESKTOP-35MN2A9	DESKTOP-35MN2A9	2021-07-01 10:44:04


SYSTEM_INFO	Car_Generic &lt;insert.your.version.no&gt; #7	student@desktop-35mn2a9 2021-07-01 10:13:19	(9.1.1 fh@obelix.ipg 2020-12-18 15:49:12)
SIM	1625129044	DESKTOP-35MN2A9			0	0	0
SIM	1625129053	DESKTOP-35MN2A9	student	unknown	0	206.251	0.0117005
SIM	1625129262	DESKTOP-35MN2A9	student	unknown	0	13.335	0.0109894
SIM	1625129279	DESKTOP-35MN2A9	student	unknown	0	5.789	64.0903


SYSTEM_START	-	DESKTOP-35MN2A9	DESKTOP-35MN2A9	2021-07-01 10:54:07


SYSTEM_INFO	Car_Generic &lt;insert.your.version.no&gt; #7	student@desktop-35mn2a9 2021-07-01 10:13:19	(9.1.1 fh@obelix.ipg 2020-12-18 15:49:12)
SIM	1625129648	DESKTOP-35MN2A9			0	0	0


SYSTEM_START	-	DESKTOP-35MN2A9	DESKTOP-35MN2A9	2021-07-01 10:54:18


SYSTEM_INFO	Car_Generic &lt;insert.your.version.no&gt; #7	student@desktop-35mn2a9 2021-07-01 10:13:19	(9.1.1 fh@obelix.ipg 2020-12-18 15:49:12)
SIM	1625129659	DESKTOP-35MN2A9			0	0	0
SIM	1625129664	DESKTOP-35MN2A9	student	unknown	0	30.74	1508.71
SIM	1625129750	DESKTOP-35MN2A9	student	unknown	0	30.74	1508.71
SIM	1625129806	DESKTOP-35MN2A9	student	unknown	0	69.962	4472.98
SIM	1625129973	DESKTOP-35MN2A9	student	unknown	0	69.962	4472.98
SIM	1625130081	DESKTOP-35MN2A9	student	unknown	0	69.962	4472.98
SIM	1625130183	DESKTOP-35MN2A9	student	unknown	0	69.962	4472.98
SIM	1625130267	DESKTOP-35MN2A9	student	unknown	0	24.565	984.413


SYSTEM_START	-	DESKTOP-35MN2A9	DESKTOP-35MN2A9	2021-07-01 11:19:04


SYSTEM_INFO	Car_Generic &lt;insert.your.version.no&gt; #7	student@desktop-35mn2a9 2021-07-01 10:13:19	(9.1.1 fh@obelix.ipg 2020-12-18 15:49:12)
SIM	1625131145	DESKTOP-35MN2A9			0	0	0
SIM	1625131155	DESKTOP-35MN2A9	student	unknown	0	69.962	4472.98


SYSTEM_START	-	DESKTOP-35MN2A9	DESKTOP-35MN2A9	2021-07-01 11:22:47


SYSTEM_INFO	Car_Generic &lt;insert.your.version.no&gt; #17	student@desktop-35mn2a9 2021-07-01 11:22:32	(9.1.1 fh@obelix.ipg 2020-12-18 15:49:12)
SIM	1625131367	DESKTOP-35MN2A9			0	0	0
SIM	1625131385	DESKTOP-35MN2A9	student	unknown	0	86.054	2204.3


SYSTEM_START	-	DESKTOP-35MN2A9	DESKTOP-35MN2A9	2021-07-01 11:25:04


SYSTEM_INFO	Car_Generic &lt;insert.your.version.no&gt; #18	student@desktop-35mn2a9 2021-07-01 11:24:50	(9.1.1 fh@obelix.ipg 2020-12-18 15:49:12)
SIM	1625131504	DESKTOP-35MN2A9			0	0	0
SIM	1625131511	DESKTOP-35MN2A9	student	unknown	0	47.332	1178.05


SYSTEM_START	-	DESKTOP-35MN2A9	DESKTOP-35MN2A9	2021-07-01 11:26:41


SYSTEM_INFO	Car_Generic &lt;insert.your.version.no&gt; #20	student@desktop-35mn2a9 2021-07-01 11:26:29	(9.1.1 fh@obelix.ipg 2020-12-18 15:49:12)
SIM	1625131601	DESKTOP-35MN2A9			0	0	0
SIM	1625131608	DESKTOP-35MN2A9	student	unknown	0	56.046	3321.81


SYSTEM_START	-	DESKTOP-35MN2A9	DESKTOP-35MN2A9	2021-07-01 11:28:06


SYSTEM_INFO	Car_Generic &lt;insert.your.version.no&gt; #21	student@desktop-35mn2a9 2021-07-01 11:27:54	(9.1.1 fh@obelix.ipg 2020-12-18 15:49:12)
SIM	1625131687	DESKTOP-35MN2A9			0	0	0
SIM	1625131693	DESKTOP-35MN2A9	student	unknown	0	72.554	0.00803078


SYSTEM_START	-	DESKTOP-35MN2A9	DESKTOP-35MN2A9	2021-07-01 11:31:45


SYSTEM_INFO	Car_Generic &lt;insert.your.version.no&gt; #22	student@desktop-35mn2a9 2021-07-01 11:31:32	(9.1.1 fh@obelix.ipg 2020-12-18 15:49:12)
SIM	1625131905	DESKTOP-35MN2A9			0	0	0
SIM	1625131921	DESKTOP-35MN2A9	student	unknown	1	5.83	60.3944
SIM	1625131940	DESKTOP-35MN2A9	student	unknown	0	0	0
SIM	1625131947	DESKTOP-35MN2A9	student	unknown	1	0	0
SIM	1625131955	DESKTOP-35MN2A9	student	unknown	1	5.83	60.3944


SYSTEM_START	-	DESKTOP-35MN2A9	DESKTOP-35MN2A9	2021-07-01 12:53:08


SYSTEM_INFO	Car_Generic &lt;insert.your.version.no&gt; #23	student@desktop-35mn2a9 2021-07-01 12:52:34	(9.1.1 fh@obelix.ipg 2020-12-18 15:49:12)
SIM	1625136788	DESKTOP-35MN2A9			0	0	0
SIM	1625136849	DESKTOP-35MN2A9	student	unknown	1	5.83	60.3944


SYSTEM_START	-	DESKTOP-35MN2A9	DESKTOP-35MN2A9	2021-07-01 13:00:56


SYSTEM_INFO	Car_Generic &lt;insert.your.version.no&gt; #25	student@desktop-35mn2a9 2021-07-01 13:00:44	(9.1.1 fh@obelix.ipg 2020-12-18 15:49:12)
SIM	1625137257	DESKTOP-35MN2A9			0	0	0
SIM	1625137274	DESKTOP-35MN2A9	student	unknown	1	4.462	30.6492
SIM	1625138670	DESKTOP-35MN2A9	student	unknown	0	3.077	8.92163
SIM	1625138891	DESKTOP-35MN2A9	student	unknown	1	4.462	30.6492


SYSTEM_START	-	DESKTOP-35MN2A9	DESKTOP-35MN2A9	2021-07-01 14:38:06


SYSTEM_INFO	Car_Generic &lt;insert.your.version.no&gt; #32	student@desktop-35mn2a9 2021-07-01 14:37:51	(9.1.1 fh@obelix.ipg 2020-12-18 15:49:12)
SIM	1625143086	DESKTOP-35MN2A9			0	0	0
SIM	1625143092	DESKTOP-35MN2A9	student	unknown	0	71.541	0.000211401


SYSTEM_START	-	DESKTOP-35MN2A9	DESKTOP-35MN2A9	2021-07-01 14:39:32


SYSTEM_INFO	Car_Generic &lt;insert.your.version.no&gt; #32	student@desktop-35mn2a9 2021-07-01 14:37:51	(9.1.1 fh@obelix.ipg 2020-12-18 15:49:12)
SIM	1625143172	DESKTOP-35MN2A9			0	0	0
SIM	1625143241	DESKTOP-35MN2A9	student	unknown	0	36.959	0.000210536
SIM	1625143285	DESKTOP-35MN2A9	student	unknown	0	706.169	0.000213766
SIM	1625144094	DESKTOP-35MN2A9	student	unknown	0	11.358	0.000207896


SYSTEM_START	-	DESKTOP-35MN2A9	DESKTOP-35MN2A9	2021-07-01 16:26:44


SYSTEM_INFO	Car_Generic &lt;insert.your.version.no&gt; #36	student@desktop-35mn2a9 2021-07-01 16:22:14	(9.1.1 fh@obelix.ipg 2020-12-18 15:49:12)
SIM	1625149605	DESKTOP-35MN2A9			0	0	0
SIM	1625149653	DESKTOP-35MN2A9	student	unknown	0	0	0


SYSTEM_START	-	DESKTOP-35MN2A9	DESKTOP-35MN2A9	2021-07-01 16:28:57


SYSTEM_INFO	Car_Generic &lt;insert.your.version.no&gt; #37	student@desktop-35mn2a9 2021-07-01 16:28:39	(9.1.1 fh@obelix.ipg 2020-12-18 15:49:12)
SIM	1625149738	DESKTOP-35MN2A9			0	0	0
SIM	1625149746	DESKTOP-35MN2A9	student	unknown	1	0	0


SYSTEM_START	-	DESKTOP-35MN2A9	DESKTOP-35MN2A9	2021-07-01 16:50:40


SYSTEM_INFO	Car_Generic &lt;insert.your.version.no&gt; #38	student@desktop-35mn2a9 2021-07-01 16:49:33	(9.1.1 fh@obelix.ipg 2020-12-18 15:49:12)
SIM	1625151041	DESKTOP-35MN2A9			0	0	0


SYSTEM_START	-	DESKTOP-35MN2A9	DESKTOP-35MN2A9	2021-07-01 16:50:45


SYSTEM_INFO	Car_Generic &lt;insert.your.version.no&gt; #38	student@desktop-35mn2a9 2021-07-01 16:49:33	(9.1.1 fh@obelix.ipg 2020-12-18 15:49:12)
SIM	1625151046	DESKTOP-35MN2A9			0	0	0
SIM	1625151054	DESKTOP-35MN2A9	student	unknown	0	0	0
SIM	1625151081	DESKTOP-35MN2A9	student	unknown	1	0	0


SYSTEM_START	-	DESKTOP-35MN2A9	DESKTOP-35MN2A9	2021-07-01 17:29:27


SYSTEM_INFO	Car_Generic &lt;insert.your.version.no&gt; #39	student@desktop-35mn2a9 2021-07-01 17:27:54	(9.1.1 fh@obelix.ipg 2020-12-18 15:49:12)
SIM	1625153367	DESKTOP-35MN2A9			0	0	0
SIM	1625153386	DESKTOP-35MN2A9	student	unknown	0	0	0
SIM	1625153450	DESKTOP-35MN2A9	student	unknown	0	0	0


SYSTEM_START	-	DESKTOP-35MN2A9	DESKTOP-35MN2A9	2021-07-01 17:33:43


SYSTEM_INFO	Car_Generic &lt;insert.your.version.no&gt; #40	student@desktop-35mn2a9 2021-07-01 17:33:30	(9.1.1 fh@obelix.ipg 2020-12-18 15:49:12)
SIM	1625153623	DESKTOP-35MN2A9			0	0	0
SIM	1625153627	DESKTOP-35MN2A9	student	unknown	0	0	0


SYSTEM_START	-	DESKTOP-35MN2A9	DESKTOP-35MN2A9	2021-07-01 17:35:53


SYSTEM_INFO	Car_Generic &lt;insert.your.version.no&gt; #41	student@desktop-35mn2a9 2021-07-01 17:35:38	(9.1.1 fh@obelix.ipg 2020-12-18 15:49:12)
SIM	1625153753	DESKTOP-35MN2A9			0	0	0
SIM	1625153757	DESKTOP-35MN2A9	student	unknown	0	0	0
SIM	1625153796	DESKTOP-35MN2A9	student	unknown	0	0	0


SYSTEM_START	-	DESKTOP-35MN2A9	DESKTOP-35MN2A9	2021-07-01 17:37:37


SYSTEM_INFO	Car_Generic &lt;insert.your.version.no&gt; #41	student@desktop-35mn2a9 2021-07-01 17:35:38	(9.1.1 fh@obelix.ipg 2020-12-18 15:49:12)
SIM	1625153858	DESKTOP-35MN2A9			0	0	0
SIM	1625153860	DESKTOP-35MN2A9	student	unknown	0	0	0
SIM	1625153873	DESKTOP-35MN2A9	student	unknown	0	0	0


SYSTEM_START	-	DESKTOP-35MN2A9	DESKTOP-35MN2A9	2021-07-01 17:40:03


SYSTEM_INFO	Car_Generic &lt;insert.your.version.no&gt; #42	student@desktop-35mn2a9 2021-07-01 17:38:51	(9.1.1 fh@obelix.ipg 2020-12-18 15:49:12)
SIM	1625154004	DESKTOP-35MN2A9			0	0	0
SIM	1625154007	DESKTOP-35MN2A9	student	unknown	0	69.962	4472.98
SIM	1625154036	DESKTOP-35MN2A9	student	unknown	0	69.962	4472.98
SIM	1625154063	DESKTOP-35MN2A9	student	unknown	0	597.17	0.0121375
SIM	1625154080	DESKTOP-35MN2A9	student	unknown	0	29.313	0.0111871
SIM	1625154123	DESKTOP-35MN2A9	student	unknown	0	13.707	369.572
SIM	1625154252	DESKTOP-35MN2A9	student	unknown	0	34.279	4.44595e-006
SIM	1625154364	DESKTOP-35MN2A9	student	unknown	0	6.909	96.3802


SYSTEM_START	-	DESKTOP-35MN2A9	DESKTOP-35MN2A9	2021-07-01 17:48:58


SYSTEM_INFO	Car_Generic &lt;insert.your.version.no&gt; #43	student@desktop-35mn2a9 2021-07-01 17:48:44	(9.1.1 fh@obelix.ipg 2020-12-18 15:49:12)
SIM	1625154538	DESKTOP-35MN2A9			0	0	0


SYSTEM_START	-	DESKTOP-35MN2A9	DESKTOP-35MN2A9	2021-07-01 17:49:07


SYSTEM_INFO	Car_Generic &lt;insert.your.version.no&gt; #43	student@desktop-35mn2a9 2021-07-01 17:48:44	(9.1.1 fh@obelix.ipg 2020-12-18 15:49:12)
SIM	1625154548	DESKTOP-35MN2A9			0	0	0
SIM	1625154555	DESKTOP-35MN2A9	student	unknown	0	0	0
SIM	1625154589	DESKTOP-35MN2A9	student	unknown	0	0	0
SIM	1625154594	DESKTOP-35MN2A9	student	unknown	0	0	0


SYSTEM_START	-	DESKTOP-35MN2A9	DESKTOP-35MN2A9	2021-07-01 17:51:17


SYSTEM_INFO	Car_Generic &lt;insert.your.version.no&gt; #44	student@desktop-35mn2a9 2021-07-01 17:50:55	(9.1.1 fh@obelix.ipg 2020-12-18 15:49:12)
SIM	1625154677	DESKTOP-35MN2A9			0	0	0


SYSTEM_START	-	DESKTOP-35MN2A9	DESKTOP-35MN2A9	2021-07-01 17:51:23


SYSTEM_INFO	Car_Generic &lt;insert.your.version.no&gt; #44	student@desktop-35mn2a9 2021-07-01 17:50:55	(9.1.1 fh@obelix.ipg 2020-12-18 15:49:12)
SIM	1625154684	DESKTOP-35MN2A9			0	0	0
SIM	1625154686	DESKTOP-35MN2A9	student	unknown	0	0	0


SYSTEM_START	-	DESKTOP-35MN2A9	DESKTOP-35MN2A9	2021-07-01 17:52:23


SYSTEM_INFO	Car_Generic &lt;insert.your.version.no&gt; #46	student@desktop-35mn2a9 2021-07-01 17:52:10	(9.1.1 fh@obelix.ipg 2020-12-18 15:49:12)
SIM	1625154743	DESKTOP-35MN2A9			0	0	0
SIM	1625154749	DESKTOP-35MN2A9	student	unknown	0	0	0


SYSTEM_START	-	DESKTOP-35MN2A9	DESKTOP-35MN2A9	2021-07-01 17:53:44


SYSTEM_INFO	Car_Generic &lt;insert.your.version.no&gt; #47	student@desktop-35mn2a9 2021-07-01 17:53:31	(9.1.1 fh@obelix.ipg 2020-12-18 15:49:12)
SIM	1625154824	DESKTOP-35MN2A9			0	0	0


SYSTEM_START	-	DESKTOP-35MN2A9	DESKTOP-35MN2A9	2021-07-01 17:53:48


SYSTEM_INFO	Car_Generic &lt;insert.your.version.no&gt; #47	student@desktop-35mn2a9 2021-07-01 17:53:31	(9.1.1 fh@obelix.ipg 2020-12-18 15:49:12)
SIM	1625154828	DESKTOP-35MN2A9			0	0	0
SIM	1625154833	DESKTOP-35MN2A9	student	unknown	0	6.142	73.6995


SYSTEM_START	-	DESKTOP-35MN2A9	DESKTOP-35MN2A9	2021-07-01 17:55:20


SYSTEM_INFO	Car_Generic &lt;insert.your.version.no&gt; #48	student@desktop-35mn2a9 2021-07-01 17:54:55	(9.1.1 fh@obelix.ipg 2020-12-18 15:49:12)
SIM	1625154920	DESKTOP-35MN2A9			0	0	0


SYSTEM_START	-	DESKTOP-35MN2A9	DESKTOP-35MN2A9	2021-07-01 17:55:33


SYSTEM_INFO	Car_Generic &lt;insert.your.version.no&gt; #48	student@desktop-35mn2a9 2021-07-01 17:54:55	(9.1.1 fh@obelix.ipg 2020-12-18 15:49:12)
SIM	1625154933	DESKTOP-35MN2A9			0	0	0
SIM	1625154936	DESKTOP-35MN2A9	student	unknown	0	9.149	172.838
SIM	1625154949	DESKTOP-35MN2A9	student	unknown	0	37.005	1837.43


SYSTEM_START	-	DESKTOP-35MN2A9	DESKTOP-35MN2A9	2021-07-01 18:08:18


SYSTEM_INFO	Car_Generic &lt;insert.your.version.no&gt; #51	student@desktop-35mn2a9 2021-07-01 18:08:04	(9.1.1 fh@obelix.ipg 2020-12-18 15:49:12)
SIM	1625155699	DESKTOP-35MN2A9			0	0	0


SYSTEM_START	-	DESKTOP-35MN2A9	DESKTOP-35MN2A9	2021-07-01 18:08:23


SYSTEM_INFO	Car_Generic &lt;insert.your.version.no&gt; #51	student@desktop-35mn2a9 2021-07-01 18:08:04	(9.1.1 fh@obelix.ipg 2020-12-18 15:49:12)
SIM	1625155704	DESKTOP-35MN2A9			0	0	0
SIM	1625155722	DESKTOP-35MN2A9	student	unknown	0	0	0


SYSTEM_START	-	DESKTOP-35MN2A9	DESKTOP-35MN2A9	2021-07-01 18:09:36


SYSTEM_INFO	Car_Generic &lt;insert.your.version.no&gt; #52	student@desktop-35mn2a9 2021-07-01 18:09:20	(9.1.1 fh@obelix.ipg 2020-12-18 15:49:12)
SIM	1625155777	DESKTOP-35MN2A9			0	0	0


SYSTEM_START	-	DESKTOP-35MN2A9	DESKTOP-35MN2A9	2021-07-01 18:09:45


SYSTEM_INFO	Car_Generic &lt;insert.your.version.no&gt; #52	student@desktop-35mn2a9 2021-07-01 18:09:20	(9.1.1 fh@obelix.ipg 2020-12-18 15:49:12)
SIM	1625155785	DESKTOP-35MN2A9			0	0	0
SIM	1625155791	DESKTOP-35MN2A9	student	unknown	1	8.62	153.548
SIM	1625155840	DESKTOP-35MN2A9	student	unknown	1	8.62	153.548
SIM	1625155930	DESKTOP-35MN2A9	student	unknown	1	8.62	153.548


SYSTEM_START	-	DESKTOP-35MN2A9	DESKTOP-35MN2A9	2021-07-01 18:14:22


SYSTEM_INFO	Car_Generic &lt;insert.your.version.no&gt; #53	student@desktop-35mn2a9 2021-07-01 18:14:07	(9.1.1 fh@obelix.ipg 2020-12-18 15:49:12)
SIM	1625156063	DESKTOP-35MN2A9			0	0	0
SIM	1625156069	DESKTOP-35MN2A9	student	unknown	0	49.663	2808.35


SYSTEM_START	-	DESKTOP-35MN2A9	DESKTOP-35MN2A9	2021-07-08 08:12:33


SYSTEM_INFO	Car_Generic &lt;insert.your.version.no&gt; #54	student@desktop-35mn2a9 2021-07-08 08:12:10	(9.1.1 fh@obelix.ipg 2020-12-18 15:49:12)
SIM	1625724754	DESKTOP-35MN2A9			0	0	0
SIM	1625724838	DESKTOP-35MN2A9	student	unknown	1	8.62	153.548
SIM	1625724954	DESKTOP-35MN2A9	student	unknown	0	0	0
SIM	1625724957	DESKTOP-35MN2A9	student	unknown	1	8.62	153.548


SYSTEM_START	-	DESKTOP-35MN2A9	DESKTOP-35MN2A9	2021-07-08 08:20:55


SYSTEM_INFO	Car_Generic &lt;insert.your.version.no&gt; #56	student@desktop-35mn2a9 2021-07-08 08:20:41	(9.1.1 fh@obelix.ipg 2020-12-18 15:49:12)
SIM	1625725255	DESKTOP-35MN2A9			0	0	0


SYSTEM_START	-	DESKTOP-35MN2A9	DESKTOP-35MN2A9	2021-07-08 08:21:00


SYSTEM_INFO	Car_Generic &lt;insert.your.version.no&gt; #56	student@desktop-35mn2a9 2021-07-08 08:20:41	(9.1.1 fh@obelix.ipg 2020-12-18 15:49:12)
SIM	1625725260	DESKTOP-35MN2A9			0	0	0
SIM	1625725286	DESKTOP-35MN2A9	student	unknown	1	8.62	153.548
SIM	1625725317	DESKTOP-35MN2A9	student	unknown	0	5.367	53.5595
SIM	1625725337	DESKTOP-35MN2A9	student	unknown	1	8.62	153.548
SIM	1625725368	DESKTOP-35MN2A9	student	unknown	1	8.62	153.548


SYSTEM_START	-	DESKTOP-35MN2A9	DESKTOP-35MN2A9	2021-07-08 08:24:07


SYSTEM_INFO	Car_Generic &lt;insert.your.version.no&gt; #57	student@desktop-35mn2a9 2021-07-08 08:23:55	(9.1.1 fh@obelix.ipg 2020-12-18 15:49:12)
SIM	1625725448	DESKTOP-35MN2A9			0	0	0
SIM	1625725464	DESKTOP-35MN2A9	student	unknown	1	8.62	153.548
SIM	1625725515	DESKTOP-35MN2A9	student	unknown	1	8.62	153.548


SYSTEM_START	-	DESKTOP-35MN2A9	DESKTOP-35MN2A9	2021-07-08 08:33:24


SYSTEM_INFO	Car_Generic &lt;insert.your.version.no&gt; #57	student@desktop-35mn2a9 2021-07-08 08:23:55	(9.1.1 fh@obelix.ipg 2020-12-18 15:49:12)
SIM	1625726005	DESKTOP-35MN2A9			0	0	0
SIM	1625726019	DESKTOP-35MN2A9	student	unknown	0	5.213	49.9823
SIM	1625726051	DESKTOP-35MN2A9	student	unknown	1	8.62	153.548


SYSTEM_START	-	DESKTOP-35MN2A9	DESKTOP-35MN2A9	2021-07-08 08:40:23


SYSTEM_INFO	Car_Generic &lt;insert.your.version.no&gt; #58	student@desktop-35mn2a9 2021-07-08 08:40:09	(9.1.1 fh@obelix.ipg 2020-12-18 15:49:12)
SIM	1625726423	DESKTOP-35MN2A9			0	0	0
SIM	1625726436	DESKTOP-35MN2A9	student	unknown	1	8.62	153.548
SIM	1625726524	DESKTOP-35MN2A9	student	unknown	1	8.62	153.548


SYSTEM_START	-	DESKTOP-35MN2A9	DESKTOP-35MN2A9	2021-07-08 08:44:37


SYSTEM_INFO	Car_Generic &lt;insert.your.version.no&gt; #59	student@desktop-35mn2a9 2021-07-08 08:44:25	(9.1.1 fh@obelix.ipg 2020-12-18 15:49:12)
SIM	1625726677	DESKTOP-35MN2A9			0	0	0
SIM	1625726688	DESKTOP-35MN2A9	student	unknown	1	8.62	153.548


SYSTEM_START	-	DESKTOP-35MN2A9	DESKTOP-35MN2A9	2021-07-08 08:48:32


SYSTEM_INFO	Car_Generic &lt;insert.your.version.no&gt; #60	student@desktop-35mn2a9 2021-07-08 08:48:22	(9.1.1 fh@obelix.ipg 2020-12-18 15:49:12)
SIM	1625726913	DESKTOP-35MN2A9			0	0	0


SYSTEM_START	-	DESKTOP-35MN2A9	DESKTOP-35MN2A9	2021-07-08 08:48:37


SYSTEM_INFO	Car_Generic &lt;insert.your.version.no&gt; #60	student@desktop-35mn2a9 2021-07-08 08:48:22	(9.1.1 fh@obelix.ipg 2020-12-18 15:49:12)
SIM	1625726917	DESKTOP-35MN2A9			0	0	0
SIM	1625726925	DESKTOP-35MN2A9	student	unknown	0	3.024	8.37673


SYSTEM_START	-	DESKTOP-35MN2A9	DESKTOP-35MN2A9	2021-07-08 08:50:54


SYSTEM_INFO	Car_Generic &lt;insert.your.version.no&gt; #61	student@desktop-35mn2a9 2021-07-08 08:50:42	(9.1.1 fh@obelix.ipg 2020-12-18 15:49:12)
SIM	1625727055	DESKTOP-35MN2A9			0	0	0
SIM	1625727063	DESKTOP-35MN2A9	student	unknown	1	8.62	153.548
SIM	1625727135	DESKTOP-35MN2A9	student	unknown	1	8.62	153.548


SYSTEM_START	-	DESKTOP-35MN2A9	DESKTOP-35MN2A9	2021-07-08 08:57:22


SYSTEM_INFO	Car_Generic &lt;insert.your.version.no&gt; #62	student@desktop-35mn2a9 2021-07-08 08:57:09	(9.1.1 fh@obelix.ipg 2020-12-18 15:49:12)
SIM	1625727443	DESKTOP-35MN2A9			0	0	0
SIM	1625727455	DESKTOP-35MN2A9	student	unknown	0	4.953	43.9573


SYSTEM_START	-	DESKTOP-35MN2A9	DESKTOP-35MN2A9	2021-07-08 08:58:59


SYSTEM_INFO	Car_Generic &lt;insert.your.version.no&gt; #63	student@desktop-35mn2a9 2021-07-08 08:58:50	(9.1.1 fh@obelix.ipg 2020-12-18 15:49:12)
SIM	1625727540	DESKTOP-35MN2A9			0	0	0
SIM	1625727547	DESKTOP-35MN2A9	student	unknown	1	8.62	153.548


SYSTEM_START	-	DESKTOP-35MN2A9	DESKTOP-35MN2A9	2021-07-08 10:38:37


SYSTEM_INFO	Car_Generic &lt;insert.your.version.no&gt; #73	student@desktop-35mn2a9 2021-07-08 10:38:27	(9.1.1 fh@obelix.ipg 2020-12-18 15:49:12)
SIM	1625733518	DESKTOP-35MN2A9			0	0	0


SYSTEM_START	-	DESKTOP-35MN2A9	DESKTOP-35MN2A9	2021-07-08 10:38:44


SYSTEM_INFO	Car_Generic &lt;insert.your.version.no&gt; #73	student@desktop-35mn2a9 2021-07-08 10:38:27	(9.1.1 fh@obelix.ipg 2020-12-18 15:49:12)
SIM	1625733525	DESKTOP-35MN2A9			0	0	0
SIM	1625733533	DESKTOP-35MN2A9	student	unknown	0	1.413	0.0133329
SIM	1625733585	DESKTOP-35MN2A9	student	unknown	0	2.001	0.650514


SYSTEM_START	-	DESKTOP-35MN2A9	DESKTOP-35MN2A9	2021-07-08 10:54:24


SYSTEM_INFO	Car_Generic &lt;insert.your.version.no&gt; #75	student@desktop-35mn2a9 2021-07-08 10:54:09	(9.1.1 fh@obelix.ipg 2020-12-18 15:49:12)
SIM	1625734465	DESKTOP-35MN2A9			0	0	0


SYSTEM_START	-	DESKTOP-35MN2A9	DESKTOP-35MN2A9	2021-07-08 10:54:28


SYSTEM_INFO	Car_Generic &lt;insert.your.version.no&gt; #75	student@desktop-35mn2a9 2021-07-08 10:54:09	(9.1.1 fh@obelix.ipg 2020-12-18 15:49:12)
SIM	1625734468	DESKTOP-35MN2A9			0	0	0
SIM	1625734475	DESKTOP-35MN2A9	student	unknown	0	1.354	0.0104723


SYSTEM_START	-	DESKTOP-35MN2A9	DESKTOP-35MN2A9	2021-07-08 11:19:16


SYSTEM_INFO	Car_Generic &lt;insert.your.version.no&gt; #77	student@desktop-35mn2a9 2021-07-08 11:18:07	(9.1.1 fh@obelix.ipg 2020-12-18 15:49:12)
SIM	1625735956	DESKTOP-35MN2A9			0	0	0


SYSTEM_START	-	DESKTOP-35MN2A9	DESKTOP-35MN2A9	2021-07-08 11:19:21


SYSTEM_INFO	Car_Generic &lt;insert.your.version.no&gt; #77	student@desktop-35mn2a9 2021-07-08 11:18:07	(9.1.1 fh@obelix.ipg 2020-12-18 15:49:12)
SIM	1625735961	DESKTOP-35MN2A9			0	0	0
SIM	1625735965	DESKTOP-35MN2A9	student	unknown	0	4.322	12.5124


SYSTEM_START	-	DESKTOP-35MN2A9	DESKTOP-35MN2A9	2021-07-08 11:20:58


SYSTEM_INFO	Car_Generic &lt;insert.your.version.no&gt; #78	student@desktop-35mn2a9 2021-07-08 11:20:47	(9.1.1 fh@obelix.ipg 2020-12-18 15:49:12)
SIM	1625736059	DESKTOP-35MN2A9			0	0	0
SIM	1625736066	DESKTOP-35MN2A9	student	unknown	1	8.62	153.548


SYSTEM_START	-	DESKTOP-35MN2A9	DESKTOP-35MN2A9	2021-07-08 13:59:13


SYSTEM_INFO	Car_Generic &lt;insert.your.version.no&gt; #82	student@desktop-35mn2a9 2021-07-08 13:58:27	(9.1.1 fh@obelix.ipg 2020-12-18 15:49:12)
SIM	1625745554	DESKTOP-35MN2A9			0	0	0


SYSTEM_START	-	DESKTOP-35MN2A9	DESKTOP-35MN2A9	2021-07-08 15:05:24


SYSTEM_INFO	Car_Generic &lt;insert.your.version.no&gt; #82	student@desktop-35mn2a9 2021-07-08 13:58:27	(9.1.1 fh@obelix.ipg 2020-12-18 15:49:12)
SIM	1625749526	DESKTOP-35MN2A9			0	0	0


SYSTEM_START	-	DESKTOP-35MN2A9	DESKTOP-35MN2A9	2021-07-08 15:05:34


SYSTEM_INFO	Car_Generic &lt;insert.your.version.no&gt; #82	student@desktop-35mn2a9 2021-07-08 13:58:27	(9.1.1 fh@obelix.ipg 2020-12-18 15:49:12)
SIM	1625749534	DESKTOP-35MN2A9			0	0	0
SIM	1625749573	DESKTOP-35MN2A9	student	unknown	0	1.346	0.00161873


SYSTEM_START	-	DESKTOP-35MN2A9	DESKTOP-35MN2A9	2021-07-08 15:11:46


SYSTEM_INFO	Car_Generic &lt;insert.your.version.no&gt; #83	student@desktop-35mn2a9 2021-07-08 15:11:24	(9.1.1 fh@obelix.ipg 2020-12-18 15:49:12)
SIM	1625749907	DESKTOP-35MN2A9			0	0	0


SYSTEM_START	-	DESKTOP-35MN2A9	DESKTOP-35MN2A9	2021-07-08 15:13:22


SYSTEM_INFO	Car_Generic &lt;insert.your.version.no&gt; #83	student@desktop-35mn2a9 2021-07-08 15:11:24	(9.1.1 fh@obelix.ipg 2020-12-18 15:49:12)
SIM	1625750002	DESKTOP-35MN2A9			0	0	0
SIM	1625750014	DESKTOP-35MN2A9	student	unknown	1	8.62	153.548


SYSTEM_START	-	DESKTOP-35MN2A9	DESKTOP-35MN2A9	2021-07-08 15:45:50


SYSTEM_INFO	Car_Generic &lt;insert.your.version.no&gt; #83	student@desktop-35mn2a9 2021-07-08 15:11:24	(9.1.1 fh@obelix.ipg 2020-12-18 15:49:12)
SIM	1625751951	DESKTOP-35MN2A9			0	0	0
SIM	1625751970	DESKTOP-35MN2A9	student	unknown	1	8.261	166.119


SYSTEM_START	-	DESKTOP-35MN2A9	DESKTOP-35MN2A9	2021-07-08 16:21:34


SYSTEM_INFO	Car_Generic &lt;insert.your.version.no&gt; #87	student@desktop-35mn2a9 2021-07-08 16:16:46	(9.1.1 fh@obelix.ipg 2020-12-18 15:49:12)
SIM	1625754094	DESKTOP-35MN2A9			0	0	0
SIM	1625754098	DESKTOP-35MN2A9	student	unknown	1	14.619	317.318


SYSTEM_START	-	DESKTOP-35MN2A9	DESKTOP-35MN2A9	2021-07-08 16:29:12


SYSTEM_INFO	Car_Generic &lt;insert.your.version.no&gt; #89	student@desktop-35mn2a9 2021-07-08 16:28:59	(9.1.1 fh@obelix.ipg 2020-12-18 15:49:12)
SIM	1625754552	DESKTOP-35MN2A9			0	0	0
SIM	1625754801	DESKTOP-35MN2A9	student	unknown	1	13.973	331.535


SYSTEM_START	-	DESKTOP-35MN2A9	DESKTOP-35MN2A9	2021-07-08 16:38:23


SYSTEM_INFO	Car_Generic &lt;insert.your.version.no&gt; #90	student@desktop-35mn2a9 2021-07-08 16:38:14	(9.1.1 fh@obelix.ipg 2020-12-18 15:49:12)
SIM	1625755104	DESKTOP-35MN2A9			0	0	0
SIM	1625755109	DESKTOP-35MN2A9	student	unknown	1	17.817	199.584


SYSTEM_START	-	DESKTOP-35MN2A9	DESKTOP-35MN2A9	2021-07-08 16:41:09


SYSTEM_INFO	Car_Generic &lt;insert.your.version.no&gt; #91	student@desktop-35mn2a9 2021-07-08 16:40:54	(9.1.1 fh@obelix.ipg 2020-12-18 15:49:12)
SIM	1625755270	DESKTOP-35MN2A9			0	0	0
SIM	1625755283	DESKTOP-35MN2A9	student	unknown	1	19.006	240.669


SYSTEM_START	-	DESKTOP-35MN2A9	DESKTOP-35MN2A9	2021-07-08 16:44:05


SYSTEM_INFO	Car_Generic &lt;insert.your.version.no&gt; #93	student@desktop-35mn2a9 2021-07-08 16:43:56	(9.1.1 fh@obelix.ipg 2020-12-18 15:49:12)
SIM	1625755445	DESKTOP-35MN2A9			0	0	0
SIM	1625755451	DESKTOP-35MN2A9	student	unknown	0	122.163	1684.59


SYSTEM_START	-	DESKTOP-35MN2A9	DESKTOP-35MN2A9	2021-07-08 16:50:36


SYSTEM_INFO	Car_Generic &lt;insert.your.version.no&gt; #94	student@desktop-35mn2a9 2021-07-08 16:46:41	(9.1.1 fh@obelix.ipg 2020-12-18 15:49:12)
SIM	1625755836	DESKTOP-35MN2A9			0	0	0
SIM	1625755842	DESKTOP-35MN2A9	student	unknown	0	41.752	539.607
SIM	1625756021	DESKTOP-35MN2A9	student	unknown	0	14.374	166.42
SIM	1625756055	DESKTOP-35MN2A9	student	unknown	0	18.558	245.377
SIM	1625756080	DESKTOP-35MN2A9	student	unknown	0	37.289	540.318


SYSTEM_START	-	DESKTOP-35MN2A9	DESKTOP-35MN2A9	2021-07-08 17:18:06


SYSTEM_INFO	Car_Generic &lt;insert.your.version.no&gt; #96	student@desktop-35mn2a9 2021-07-08 17:17:01	(9.1.1 fh@obelix.ipg 2020-12-18 15:49:12)
SIM	1625757486	DESKTOP-35MN2A9			0	0	0
SIM	1625757491	DESKTOP-35MN2A9	student	Examples/BasicFunctions/Driver/ChangingLanes	0	0	0


SYSTEM_START	-	DESKTOP-35MN2A9	DESKTOP-35MN2A9	2021-07-08 17:18:18


SYSTEM_INFO	Car_Generic &lt;insert.your.version.no&gt; #96	student@desktop-35mn2a9 2021-07-08 17:17:01	(9.1.1 fh@obelix.ipg 2020-12-18 15:49:12)
SIM	1625757498	DESKTOP-35MN2A9			0	0	0
SIM	1625757502	DESKTOP-35MN2A9	student	Examples/BasicFunctions/Driver/ChangingLanes	0	120.831	4263.03


SYSTEM_START	-	DESKTOP-35MN2A9	DESKTOP-35MN2A9	2021-07-08 17:40:57


SYSTEM_INFO	Car_Generic &lt;insert.your.version.no&gt; #98	student@desktop-35mn2a9 2021-07-08 17:40:34	(9.1.1 fh@obelix.ipg 2020-12-18 15:49:12)
SIM	1625758857	DESKTOP-35MN2A9			0	0	0
SIM	1625758863	DESKTOP-35MN2A9	student	Examples/BasicFunctions/Driver/ChangingLanes	0	120.831	4263.03


SYSTEM_START	-	DESKTOP-35MN2A9	DESKTOP-35MN2A9	2021-07-08 17:45:05


SYSTEM_INFO	Car_Generic &lt;insert.your.version.no&gt; #99	student@desktop-35mn2a9 2021-07-08 17:44:45	(9.1.1 fh@obelix.ipg 2020-12-18 15:49:12)
SIM	1625759106	DESKTOP-35MN2A9			0	0	0


SYSTEM_START	-	DESKTOP-35MN2A9	DESKTOP-35MN2A9	2021-07-08 17:45:09


SYSTEM_INFO	Car_Generic &lt;insert.your.version.no&gt; #99	student@desktop-35mn2a9 2021-07-08 17:44:45	(9.1.1 fh@obelix.ipg 2020-12-18 15:49:12)
SIM	1625759110	DESKTOP-35MN2A9			0	0	0
SIM	1625759117	DESKTOP-35MN2A9	student	Examples/BasicFunctions/Driver/ChangingLanes	0	62.444	2145.74
SIM	1625759205	DESKTOP-35MN2A9	student	Examples/BasicFunctions/Driver/ChangingLanes	0	117.268	4134.83
SIM	1625759272	DESKTOP-35MN2A9	student	Examples/BasicFunctions/Driver/ChangingLanes	1	71.309	2404.41
SIM	1625759332	DESKTOP-35MN2A9	student	Examples/BasicFunctions/Driver/ChangingLanes	0	11.239	255.782
SIM	1625759360	DESKTOP-35MN2A9	student	Examples/BasicFunctions/Driver/ChangingLanes	1	71.309	2404.41
SIM	1625759545	DESKTOP-35MN2A9	student	Examples/BasicFunctions/Driver/ChangingLanes	1	71.309	2404.41
SIM	1625759690	DESKTOP-35MN2A9	student	Examples/BasicFunctions/Driver/ChangingLanes	0	61.364	2044.01


SYSTEM_START	-	DESKTOP-35MN2A9	DESKTOP-35MN2A9	2021-07-12 18:34:34


SYSTEM_INFO	Car_Generic &lt;insert.your.version.no&gt; #99	student@desktop-35mn2a9 2021-07-08 17:44:45	(9.1.1 fh@obelix.ipg 2020-12-18 15:49:12)
SIM	1626107678	DESKTOP-35MN2A9			0	0	0


SYSTEM_START	-	DESKTOP-35MN2A9	DESKTOP-35MN2A9	2021-07-12 18:34:45


SYSTEM_INFO	Car_Generic &lt;insert.your.version.no&gt; #99	student@desktop-35mn2a9 2021-07-08 17:44:45	(9.1.1 fh@obelix.ipg 2020-12-18 15:49:12)
SIM	1626107685	DESKTOP-35MN2A9			0	0	0
SIM	1626107716	DESKTOP-35MN2A9	student	Examples/BasicFunctions/Driver/ChangingLanes	0	69.902	2417.82


SYSTEM_START	-	DESKTOP-35MN2A9	DESKTOP-35MN2A9	2021-07-12 19:10:07


SYSTEM_INFO	Car_Generic &lt;insert.your.version.no&gt; #101	student@desktop-35mn2a9 2021-07-12 19:09:46	(9.1.1 fh@obelix.ipg 2020-12-18 15:49:12)
SIM	1626109807	DESKTOP-35MN2A9			0	0	0


SYSTEM_START	-	DESKTOP-35MN2A9	DESKTOP-35MN2A9	2021-07-12 19:10:11


SYSTEM_INFO	Car_Generic &lt;insert.your.version.no&gt; #101	student@desktop-35mn2a9 2021-07-12 19:09:46	(9.1.1 fh@obelix.ipg 2020-12-18 15:49:12)
SIM	1626109812	DESKTOP-35MN2A9			0	0	0
SIM	1626109836	DESKTOP-35MN2A9	student	Examples/BasicFunctions/Driver/ChangingLanes	0	86.722	3028.94


SYSTEM_START	-	DESKTOP-35MN2A9	DESKTOP-35MN2A9	2021-07-12 19:18:04


SYSTEM_INFO	Car_Generic &lt;insert.your.version.no&gt; #102	student@desktop-35mn2a9 2021-07-12 19:17:09	(9.1.1 fh@obelix.ipg 2020-12-18 15:49:12)
SIM	1626110284	DESKTOP-35MN2A9			0	0	0


SYSTEM_START	-	DESKTOP-35MN2A9	DESKTOP-35MN2A9	2021-07-12 19:18:08


SYSTEM_INFO	Car_Generic &lt;insert.your.version.no&gt; #102	student@desktop-35mn2a9 2021-07-12 19:17:09	(9.1.1 fh@obelix.ipg 2020-12-18 15:49:12)
SIM	1626110289	DESKTOP-35MN2A9			0	0	0
SIM	1626110294	DESKTOP-35MN2A9	student	Examples/BasicFunctions/Driver/ChangingLanes	0	56.215	1856.67


SYSTEM_START	-	DESKTOP-35MN2A9	DESKTOP-35MN2A9	2021-07-12 19:21:51


SYSTEM_INFO	Car_Generic &lt;insert.your.version.no&gt; #104	student@desktop-35mn2a9 2021-07-12 19:21:41	(9.1.1 fh@obelix.ipg 2020-12-18 15:49:12)
SIM	1626110511	DESKTOP-35MN2A9			0	0	0


SYSTEM_START	-	DESKTOP-35MN2A9	DESKTOP-35MN2A9	2021-07-12 19:21:56


SYSTEM_INFO	Car_Generic &lt;insert.your.version.no&gt; #104	student@desktop-35mn2a9 2021-07-12 19:21:41	(9.1.1 fh@obelix.ipg 2020-12-18 15:49:12)
SIM	1626110517	DESKTOP-35MN2A9			0	0	0


SYSTEM_START	-	DESKTOP-35MN2A9	DESKTOP-35MN2A9	2021-07-12 19:28:27


SYSTEM_INFO	Car_Generic &lt;insert.your.version.no&gt; #113	student@desktop-35mn2a9 2021-07-12 19:27:45	(9.1.1 fh@obelix.ipg 2020-12-18 15:49:12)
SIM	1626110907	DESKTOP-35MN2A9			0	0	0
SIM	1626110910	DESKTOP-35MN2A9	student	Examples/BasicFunctions/Driver/ChangingLanes	1	71.394	2404.29


SYSTEM_START	-	DESKTOP-35MN2A9	DESKTOP-35MN2A9	2021-07-12 19:32:30


SYSTEM_INFO	Car_Generic &lt;insert.your.version.no&gt; #115	student@desktop-35mn2a9 2021-07-12 19:32:16	(9.1.1 fh@obelix.ipg 2020-12-18 15:49:12)
SIM	1626111151	DESKTOP-35MN2A9			0	0	0
SIM	1626111161	DESKTOP-35MN2A9	student	Examples/BasicFunctions/Driver/ChangingLanes	0	54.631	1800.31


SYSTEM_START	-	DESKTOP-35MN2A9	DESKTOP-35MN2A9	2021-07-12 19:37:12


SYSTEM_INFO	Car_Generic &lt;insert.your.version.no&gt; #117	student@desktop-35mn2a9 2021-07-12 19:37:01	(9.1.1 fh@obelix.ipg 2020-12-18 15:49:12)
SIM	1626111432	DESKTOP-35MN2A9			0	0	0
SIM	1626111441	DESKTOP-35MN2A9	student	Examples/BasicFunctions/Driver/ChangingLanes	0	1.711	0.523662


SYSTEM_START	-	DESKTOP-35MN2A9	DESKTOP-35MN2A9	2021-07-12 19:39:57


SYSTEM_INFO	Car_Generic &lt;insert.your.version.no&gt; #117	student@desktop-35mn2a9 2021-07-12 19:37:01	(9.1.1 fh@obelix.ipg 2020-12-18 15:49:12)
SIM	1626111598	DESKTOP-35MN2A9			0	0	0
SIM	1626111604	DESKTOP-35MN2A9	student	Examples/BasicFunctions/Driver/ChangingLanes	0	27.833	830.373
SIM	1626111983	DESKTOP-35MN2A9	student	Examples/BasicFunctions/Driver/ChangingLanes	0	5.944	82.1447


SYSTEM_START	-	DESKTOP-35MN2A9	DESKTOP-35MN2A9	2021-07-12 19:47:02


SYSTEM_INFO	Car_Generic &lt;insert.your.version.no&gt; #117	student@desktop-35mn2a9 2021-07-12 19:37:01	(9.1.1 fh@obelix.ipg 2020-12-18 15:49:12)
SIM	1626112023	DESKTOP-35MN2A9			0	0	0
SIM	1626112042	DESKTOP-35MN2A9	student	Examples/BasicFunctions/Driver/ChangingLanes	0	7.542	137.156


SYSTEM_START	-	DESKTOP-35MN2A9	DESKTOP-35MN2A9	2021-07-12 19:53:46


SYSTEM_INFO	Car_Generic &lt;insert.your.version.no&gt; #119	student@desktop-35mn2a9 2021-07-12 19:53:36	(9.1.1 fh@obelix.ipg 2020-12-18 15:49:12)
SIM	1626112426	DESKTOP-35MN2A9			0	0	0


SYSTEM_START	-	DESKTOP-35MN2A9	DESKTOP-35MN2A9	2021-07-12 19:53:53


SYSTEM_INFO	Car_Generic &lt;insert.your.version.no&gt; #119	student@desktop-35mn2a9 2021-07-12 19:53:36	(9.1.1 fh@obelix.ipg 2020-12-18 15:49:12)
SIM	1626112434	DESKTOP-35MN2A9			0	0	0
SIM	1626112438	DESKTOP-35MN2A9	student	Examples/BasicFunctions/Driver/ChangingLanes	0	7.032	42.7119


SYSTEM_START	-	DESKTOP-35MN2A9	DESKTOP-35MN2A9	2021-07-12 19:56:17


SYSTEM_INFO	Car_Generic &lt;insert.your.version.no&gt; #120	student@desktop-35mn2a9 2021-07-12 19:56:06	(9.1.1 fh@obelix.ipg 2020-12-18 15:49:12)
SIM	1626112577	DESKTOP-35MN2A9			0	0	0
SIM	1626112586	DESKTOP-35MN2A9	student	Examples/BasicFunctions/Driver/ChangingLanes	0	122.694	1195.57
SIM	1626112682	DESKTOP-35MN2A9	student	Examples/BasicFunctions/Driver/ChangingLanes	0	217.236	2168.5


SYSTEM_START	-	DESKTOP-35MN2A9	DESKTOP-35MN2A9	2021-07-12 19:59:19


SYSTEM_INFO	Car_Generic &lt;insert.your.version.no&gt; #120	student@desktop-35mn2a9 2021-07-12 19:56:06	(9.1.1 fh@obelix.ipg 2020-12-18 15:49:12)
SIM	1626112760	DESKTOP-35MN2A9			0	0	0


SYSTEM_START	-	DESKTOP-35MN2A9	DESKTOP-35MN2A9	2021-07-12 20:07:19


SYSTEM_INFO	Car_Generic &lt;insert.your.version.no&gt; #125	student@desktop-35mn2a9 2021-07-12 20:05:30	(9.1.1 fh@obelix.ipg 2020-12-18 15:49:12)
SIM	1626113239	DESKTOP-35MN2A9			0	0	0
SIM	1626113243	DESKTOP-35MN2A9	student	Examples/BasicFunctions/Driver/ChangingLanes	0	115.834	2643.45


SYSTEM_START	-	DESKTOP-35MN2A9	DESKTOP-35MN2A9	2021-07-12 20:10:05


SYSTEM_INFO	Car_Generic &lt;insert.your.version.no&gt; #126	student@desktop-35mn2a9 2021-07-12 20:09:41	(9.1.1 fh@obelix.ipg 2020-12-18 15:49:12)
SIM	1626113406	DESKTOP-35MN2A9			0	0	0
SIM	1626113410	DESKTOP-35MN2A9	student	Examples/BasicFunctions/Driver/ChangingLanes	0	80.881	2648.7


SYSTEM_START	-	DESKTOP-35MN2A9	DESKTOP-35MN2A9	2021-07-12 20:14:48


SYSTEM_INFO	Car_Generic &lt;insert.your.version.no&gt; #127	student@desktop-35mn2a9 2021-07-12 20:14:35	(9.1.1 fh@obelix.ipg 2020-12-18 15:49:12)
SIM	1626113688	DESKTOP-35MN2A9			0	0	0
SIM	1626113699	DESKTOP-35MN2A9	student	Examples/BasicFunctions/Driver/ChangingLanes	0	9.889	212.275


SYSTEM_START	-	DESKTOP-35MN2A9	DESKTOP-35MN2A9	2021-07-12 20:22:54


SYSTEM_INFO	Car_Generic &lt;insert.your.version.no&gt; #130	student@desktop-35mn2a9 2021-07-12 20:22:30	(9.1.1 fh@obelix.ipg 2020-12-18 15:49:12)
SIM	1626114175	DESKTOP-35MN2A9			0	0	0
SIM	1626114181	DESKTOP-35MN2A9	student	Examples/BasicFunctions/Driver/ChangingLanes	0	22.15	562.766


SYSTEM_START	-	DESKTOP-35MN2A9	DESKTOP-35MN2A9	2021-07-12 20:25:20


SYSTEM_INFO	Car_Generic &lt;insert.your.version.no&gt; #132	student@desktop-35mn2a9 2021-07-12 20:25:06	(9.1.1 fh@obelix.ipg 2020-12-18 15:49:12)
SIM	1626114321	DESKTOP-35MN2A9			0	0	0
SIM	1626114331	DESKTOP-35MN2A9	student	Examples/BasicFunctions/Driver/ChangingLanes	0	8.655	171.626


SYSTEM_START	-	DESKTOP-35MN2A9	DESKTOP-35MN2A9	2021-07-12 20:29:39


SYSTEM_INFO	Car_Generic &lt;insert.your.version.no&gt; #134	student@desktop-35mn2a9 2021-07-12 20:29:18	(9.1.1 fh@obelix.ipg 2020-12-18 15:49:12)
SIM	1626114580	DESKTOP-35MN2A9			0	0	0


SYSTEM_START	-	DESKTOP-35MN2A9	DESKTOP-35MN2A9	2021-07-12 20:29:54


SYSTEM_INFO	Car_Generic &lt;insert.your.version.no&gt; #134	student@desktop-35mn2a9 2021-07-12 20:29:18	(9.1.1 fh@obelix.ipg 2020-12-18 15:49:12)
SIM	1626114594	DESKTOP-35MN2A9			0	0	0
SIM	1626114599	DESKTOP-35MN2A9	student	Examples/BasicFunctions/Driver/ChangingLanes	0	80.881	2648.7


SYSTEM_START	-	DESKTOP-35MN2A9	DESKTOP-35MN2A9	2021-07-12 20:42:15


SYSTEM_INFO	Car_Generic &lt;insert.your.version.no&gt; #134	student@desktop-35mn2a9 2021-07-12 20:29:18	(9.1.1 fh@obelix.ipg 2020-12-18 15:49:12)
SIM	1626115336	DESKTOP-35MN2A9			0	0	0
SIM	1626115339	DESKTOP-35MN2A9	student	Examples/BasicFunctions/Driver/ChangingLanes	0	82.312	2630.37


SYSTEM_START	-	DESKTOP-35MN2A9	DESKTOP-35MN2A9	2021-07-12 20:46:45


SYSTEM_INFO	Car_Generic &lt;insert.your.version.no&gt; #135	student@desktop-35mn2a9 2021-07-12 20:45:43	(9.1.1 fh@obelix.ipg 2020-12-18 15:49:12)
SIM	1626115605	DESKTOP-35MN2A9			0	0	0
SIM	1626115610	DESKTOP-35MN2A9	student	Examples/BasicFunctions/Driver/ChangingLanes	0	74.166	2413.43


SYSTEM_START	-	DESKTOP-35MN2A9	DESKTOP-35MN2A9	2021-07-12 20:53:24


SYSTEM_INFO	Car_Generic &lt;insert.your.version.no&gt; #136	student@desktop-35mn2a9 2021-07-12 20:53:09	(9.1.1 fh@obelix.ipg 2020-12-18 15:49:12)
SIM	1626116004	DESKTOP-35MN2A9			0	0	0
SIM	1626116010	DESKTOP-35MN2A9	student	Examples/BasicFunctions/Driver/ChangingLanes	0	72.765	2370.23


SYSTEM_START	-	DESKTOP-35MN2A9	DESKTOP-35MN2A9	2021-07-12 20:55:19


SYSTEM_INFO	Car_Generic &lt;insert.your.version.no&gt; #137	student@desktop-35mn2a9 2021-07-12 20:55:01	(9.1.1 fh@obelix.ipg 2020-12-18 15:49:12)
SIM	1626116119	DESKTOP-35MN2A9			0	0	0
SIM	1626116124	DESKTOP-35MN2A9	student	Examples/BasicFunctions/Driver/ChangingLanes	0	82.317	2630.37
SIM	1626116317	DESKTOP-35MN2A9	student	Examples/BasicFunctions/Driver/ChangingLanes	0	90.413	2630.46


SYSTEM_START	-	DESKTOP-35MN2A9	DESKTOP-35MN2A9	2021-07-12 21:00:56


SYSTEM_INFO	Car_Generic &lt;insert.your.version.no&gt; #137	student@desktop-35mn2a9 2021-07-12 20:55:01	(9.1.1 fh@obelix.ipg 2020-12-18 15:49:12)
SIM	1626116457	DESKTOP-35MN2A9			0	0	0


SYSTEM_START	-	DESKTOP-35MN2A9	DESKTOP-35MN2A9	2021-07-15 14:34:01


SYSTEM_INFO	Car_Generic &lt;insert.your.version.no&gt; #138	student@desktop-35mn2a9 2021-07-15 14:30:41	(9.1.1 fh@obelix.ipg 2020-12-18 15:49:12)
SIM	1626352442	DESKTOP-35MN2A9			0	0	0
SIM	1626352463	DESKTOP-35MN2A9	student	Examples/BasicFunctions/Driver/ChangingLanes	0	23.861	647.97
SIM	1626352611	DESKTOP-35MN2A9	student	Examples/BasicFunctions/Driver/ChangingLanes	0	82.294	2630.37
SIM	1626352725	DESKTOP-35MN2A9	student	Examples/BasicFunctions/Driver/ChangingLanes	0	20.394	477.516
SIM	1626352764	DESKTOP-35MN2A9	student	Examples/BasicFunctions/Driver/ChangingLanes	0	82.294	2630.37
SIM	1626352890	DESKTOP-35MN2A9	student	Examples/BasicFunctions/Driver/ChangingLanes	0	77.481	2352.56


SYSTEM_START	-	DESKTOP-35MN2A9	DESKTOP-35MN2A9	2021-07-15 14:48:36


SYSTEM_INFO	Car_Generic &lt;insert.your.version.no&gt; #139	student@desktop-35mn2a9 2021-07-15 14:48:19	(9.1.1 fh@obelix.ipg 2020-12-18 15:49:12)
SIM	1626353316	DESKTOP-35MN2A9			0	0	0
SIM	1626353323	DESKTOP-35MN2A9	student	Examples/BasicFunctions/Driver/ChangingLanes	0	85.05	2630.4
SIM	1626353464	DESKTOP-35MN2A9	student	Examples/BasicFunctions/Driver/ChangingLanes	0	87.072	2630.43


SYSTEM_START	-	DESKTOP-35MN2A9	DESKTOP-35MN2A9	2021-07-15 14:53:51


SYSTEM_INFO	Car_Generic &lt;insert.your.version.no&gt; #139	student@desktop-35mn2a9 2021-07-15 14:48:19	(9.1.1 fh@obelix.ipg 2020-12-18 15:49:12)
SIM	1626353632	DESKTOP-35MN2A9			0	0	0


SYSTEM_START	-	DESKTOP-35MN2A9	DESKTOP-35MN2A9	2021-07-15 14:53:55


SYSTEM_INFO	Car_Generic &lt;insert.your.version.no&gt; #139	student@desktop-35mn2a9 2021-07-15 14:48:19	(9.1.1 fh@obelix.ipg 2020-12-18 15:49:12)
SIM	1626353635	DESKTOP-35MN2A9			0	0	0


SYSTEM_START	-	DESKTOP-35MN2A9	DESKTOP-35MN2A9	2021-07-15 14:59:21


SYSTEM_INFO	Car_Generic &lt;insert.your.version.no&gt; #142	student@desktop-35mn2a9 2021-07-15 14:56:16	(9.1.1 fh@obelix.ipg 2020-12-18 15:49:12)
SIM	1626353962	DESKTOP-35MN2A9			0	0	0
SIM	1626353984	DESKTOP-35MN2A9	student	Examples/BasicFunctions/Driver/ChangingLanes	0	85.05	2630.4


SYSTEM_START	-	DESKTOP-35MN2A9	DESKTOP-35MN2A9	2021-07-15 15:05:16


SYSTEM_INFO	Car_Generic &lt;insert.your.version.no&gt; #143	student@desktop-35mn2a9 2021-07-15 15:04:38	(9.1.1 fh@obelix.ipg 2020-12-18 15:49:12)
SIM	1626354317	DESKTOP-35MN2A9			0	0	0
SIM	1626354339	DESKTOP-35MN2A9	student	Examples/BasicFunctions/Driver/ChangingLanes	0	84.645	2622.63


SYSTEM_START	-	DESKTOP-35MN2A9	DESKTOP-35MN2A9	2021-07-15 15:32:21


SYSTEM_INFO	Car_Generic &lt;insert.your.version.no&gt; #144	student@desktop-35mn2a9 2021-07-15 15:30:49	(9.1.1 fh@obelix.ipg 2020-12-18 15:49:12)
SIM	1626355941	DESKTOP-35MN2A9			0	0	0
SIM	1626355949	DESKTOP-35MN2A9	student	Examples/BasicFunctions/Driver/ChangingLanes	0	83.132	2433.21
SIM	1626356113	DESKTOP-35MN2A9	student	Examples/BasicFunctions/Driver/ChangingLanes	0	79.244	2349.93
SIM	1626356172	DESKTOP-35MN2A9	student	Examples/BasicFunctions/Driver/ChangingLanes	0	54.807	1748.43


SYSTEM_START	-	DESKTOP-35MN2A9	DESKTOP-35MN2A9	2021-07-15 16:16:36


SYSTEM_INFO	Car_Generic &lt;insert.your.version.no&gt; #146	student@desktop-35mn2a9 2021-07-15 16:16:21	(9.1.1 fh@obelix.ipg 2020-12-18 15:49:12)
SIM	1626358596	DESKTOP-35MN2A9			0	0	0
SIM	1626358604	DESKTOP-35MN2A9	student	Examples/BasicFunctions/Driver/ChangingLanes	0	66.097	2061.14


SYSTEM_START	-	DESKTOP-35MN2A9	DESKTOP-35MN2A9	2021-07-15 17:18:57


SYSTEM_INFO	Car_Generic &lt;insert.your.version.no&gt; #152	student@desktop-35mn2a9 2021-07-15 17:18:36	(9.1.1 fh@obelix.ipg 2020-12-18 15:49:12)
SIM	1626362337	DESKTOP-35MN2A9			0	0	0


SYSTEM_START	-	DESKTOP-35MN2A9	DESKTOP-35MN2A9	2021-07-15 17:20:07


SYSTEM_INFO	Car_Generic &lt;insert.your.version.no&gt; #152	student@desktop-35mn2a9 2021-07-15 17:18:36	(9.1.1 fh@obelix.ipg 2020-12-18 15:49:12)
SIM	1626362408	DESKTOP-35MN2A9			0	0	0


SYSTEM_START	-	DESKTOP-35MN2A9	DESKTOP-35MN2A9	2021-07-15 17:23:55


SYSTEM_INFO	Car_Generic &lt;insert.your.version.no&gt; #154	student@desktop-35mn2a9 2021-07-15 17:23:38	(9.1.1 fh@obelix.ipg 2020-12-18 15:49:12)
SIM	1626362635	DESKTOP-35MN2A9			0	0	0


SYSTEM_START	-	DESKTOP-35MN2A9	DESKTOP-35MN2A9	2021-07-15 17:23:59


SYSTEM_INFO	Car_Generic &lt;insert.your.version.no&gt; #154	student@desktop-35mn2a9 2021-07-15 17:23:38	(9.1.1 fh@obelix.ipg 2020-12-18 15:49:12)
SIM	1626362639	DESKTOP-35MN2A9			0	0	0
SIM	1626362646	DESKTOP-35MN2A9	student	Examples/BasicFunctions/Driver/ChangingLanes	1	9.001	172.044


SYSTEM_START	-	DESKTOP-35MN2A9	DESKTOP-35MN2A9	2021-07-15 17:25:05


SYSTEM_INFO	Car_Generic &lt;insert.your.version.no&gt; #155	student@desktop-35mn2a9 2021-07-15 17:24:48	(9.1.1 fh@obelix.ipg 2020-12-18 15:49:12)
SIM	1626362705	DESKTOP-35MN2A9			0	0	0
SIM	1626362718	DESKTOP-35MN2A9	student	Examples/BasicFunctions/Driver/ChangingLanes	0	42.68	1388.61


SYSTEM_START	-	DESKTOP-35MN2A9	DESKTOP-35MN2A9	2021-07-15 17:27:30


SYSTEM_INFO	Car_Generic &lt;insert.your.version.no&gt; #157	student@desktop-35mn2a9 2021-07-15 17:27:20	(9.1.1 fh@obelix.ipg 2020-12-18 15:49:12)
SIM	1626362851	DESKTOP-35MN2A9			0	0	0
SIM	1626362857	DESKTOP-35MN2A9	student	Examples/BasicFunctions/Driver/ChangingLanes	0	6.641	93.8641
SIM	1626362958	DESKTOP-35MN2A9	student	Examples/BasicFunctions/Driver/ChangingLanes	0	8.122	142.722
SIM	1626363061	DESKTOP-35MN2A9	student	Examples/BasicFunctions/Driver/ChangingLanes	0	49.269	1598.65


SYSTEM_START	-	DESKTOP-35MN2A9	DESKTOP-35MN2A9	2021-07-22 10:32:49


SYSTEM_INFO	Car_Generic &lt;insert.your.version.no&gt; #158	student@desktop-35mn2a9 2021-07-22 10:31:16	(9.1.1 fh@obelix.ipg 2020-12-18 15:49:12)
SIM	1626942769	DESKTOP-35MN2A9			0	0	0
SIM	1626942813	DESKTOP-35MN2A9	student	Examples/BasicFunctions/Driver/ChangingLanes	0	24.781	681.823
SIM	1626942956	DESKTOP-35MN2A9	student	Examples/BasicFunctions/Driver/ChangingLanes	0	52.214	1690.45
SIM	1626943239	DESKTOP-35MN2A9	student	Examples/BasicFunctions/Driver/ChangingLanes	0	93.367	2630.55


SYSTEM_START	-	DESKTOP-35MN2A9	DESKTOP-35MN2A9	2021-07-22 10:53:23


SYSTEM_INFO	Car_Generic &lt;insert.your.version.no&gt; #159	student@desktop-35mn2a9 2021-07-22 10:53:04	(9.1.1 fh@obelix.ipg 2020-12-18 15:49:12)
SIM	1626944003	DESKTOP-35MN2A9			0	0	0
SIM	1626944015	DESKTOP-35MN2A9	student	Examples/BasicFunctions/Driver/ChangingLanes	0	85.301	2460.36


SYSTEM_START	-	DESKTOP-35MN2A9	DESKTOP-35MN2A9	2021-07-22 10:58:02


SYSTEM_INFO	Car_Generic &lt;insert.your.version.no&gt; #160	student@desktop-35mn2a9 2021-07-22 10:57:46	(9.1.1 fh@obelix.ipg 2020-12-18 15:49:12)
SIM	1626944283	DESKTOP-35MN2A9			0	0	0
SIM	1626944291	DESKTOP-35MN2A9	student	Examples/BasicFunctions/Driver/ChangingLanes	0	93.474	2630.55


SYSTEM_START	-	DESKTOP-35MN2A9	DESKTOP-35MN2A9	2021-07-22 11:10:26


SYSTEM_INFO	Car_Generic &lt;insert.your.version.no&gt; #163	student@desktop-35mn2a9 2021-07-22 11:10:10	(9.1.1 fh@obelix.ipg 2020-12-18 15:49:12)
SIM	1626945027	DESKTOP-35MN2A9			0	0	0
SIM	1626945038	DESKTOP-35MN2A9	student	Examples/BasicFunctions/Driver/ChangingLanes	0	35.572	1195.34


SYSTEM_START	-	DESKTOP-35MN2A9	DESKTOP-35MN2A9	2021-07-22 11:15:17


SYSTEM_INFO	Car_Generic &lt;insert.your.version.no&gt; #164	student@desktop-35mn2a9 2021-07-22 11:13:54	(9.1.1 fh@obelix.ipg 2020-12-18 15:49:12)
SIM	1626945318	DESKTOP-35MN2A9			0	0	0
SIM	1626945345	DESKTOP-35MN2A9	student	Examples/BasicFunctions/Driver/ChangingLanes	0	72.291	2211.99


SYSTEM_START	-	DESKTOP-35MN2A9	DESKTOP-35MN2A9	2021-07-22 11:18:42


SYSTEM_INFO	Car_Generic &lt;insert.your.version.no&gt; #165	student@desktop-35mn2a9 2021-07-22 11:18:26	(9.1.1 fh@obelix.ipg 2020-12-18 15:49:12)
SIM	1626945523	DESKTOP-35MN2A9			0	0	0
SIM	1626945530	DESKTOP-35MN2A9	student	Examples/BasicFunctions/Driver/ChangingLanes	0	40.815	1362.39


SYSTEM_START	-	DESKTOP-35MN2A9	DESKTOP-35MN2A9	2021-07-22 11:23:29


SYSTEM_INFO	Car_Generic &lt;insert.your.version.no&gt; #167	student@desktop-35mn2a9 2021-07-22 11:23:07	(9.1.1 fh@obelix.ipg 2020-12-18 15:49:12)
SIM	1626945809	DESKTOP-35MN2A9			0	0	0
SIM	1626945826	DESKTOP-35MN2A9	student	Examples/BasicFunctions/Driver/ChangingLanes	0	75.828	2255.51


SYSTEM_START	-	DESKTOP-35MN2A9	DESKTOP-35MN2A9	2021-07-22 11:25:49


SYSTEM_INFO	Car_Generic &lt;insert.your.version.no&gt; #168	student@desktop-35mn2a9 2021-07-22 11:25:20	(9.1.1 fh@obelix.ipg 2020-12-18 15:49:12)
SIM	1626945949	DESKTOP-35MN2A9			0	0	0


SYSTEM_START	-	DESKTOP-35MN2A9	DESKTOP-35MN2A9	2021-07-22 11:32:59


SYSTEM_INFO	Car_Generic &lt;insert.your.version.no&gt; #169	student@desktop-35mn2a9 2021-07-22 11:32:34	(9.1.1 fh@obelix.ipg 2020-12-18 15:49:12)
SIM	1626946380	DESKTOP-35MN2A9			0	0	0
SIM	1626946390	DESKTOP-35MN2A9	student	Examples/BasicFunctions/Driver/ChangingLanes	0	93.474	2630.55


SYSTEM_START	-	DESKTOP-35MN2A9	DESKTOP-35MN2A9	2021-07-22 11:41:59


SYSTEM_INFO	Car_Generic &lt;insert.your.version.no&gt; #170	student@desktop-35mn2a9 2021-07-22 11:41:40	(9.1.1 fh@obelix.ipg 2020-12-18 15:49:12)
SIM	1626946920	DESKTOP-35MN2A9			0	0	0
SIM	1626946931	DESKTOP-35MN2A9	student	Examples/BasicFunctions/Driver/ChangingLanes	0	93.474	2630.55


SYSTEM_START	-	DESKTOP-35MN2A9	DESKTOP-35MN2A9	2021-07-22 11:46:02


SYSTEM_INFO	Car_Generic &lt;insert.your.version.no&gt; #171	student@desktop-35mn2a9 2021-07-22 11:45:46	(9.1.1 fh@obelix.ipg 2020-12-18 15:49:12)
SIM	1626947163	DESKTOP-35MN2A9			0	0	0
SIM	1626947170	DESKTOP-35MN2A9	student	Examples/BasicFunctions/Driver/ChangingLanes	0	33.937	1135.48


SYSTEM_START	-	DESKTOP-35MN2A9	DESKTOP-35MN2A9	2021-07-22 15:38:26


SYSTEM_INFO	Car_Generic &lt;insert.your.version.no&gt; #176	student@desktop-35mn2a9 2021-07-22 15:37:35	(9.1.1 fh@obelix.ipg 2020-12-18 15:49:12)
SIM	1626961106	DESKTOP-35MN2A9			0	0	0
SIM	1626961138	DESKTOP-35MN2A9	student	Examples/BasicFunctions/Driver/ChangingLanes	0	96.937	2631.4
SIM	1626961263	DESKTOP-35MN2A9	student	Examples/BasicFunctions/Driver/ChangingLanes	0	96.541	2631.64
SIM	1626961505	DESKTOP-35MN2A9	student	Examples/BasicFunctions/Driver/ChangingLanes	0	60.894	1894.3
SIM	1626961576	DESKTOP-35MN2A9	student	Examples/BasicFunctions/Driver/ChangingLanes	0	96.535	2631.4


SYSTEM_START	-	DESKTOP-35MN2A9	DESKTOP-35MN2A9	2021-07-22 17:37:23


SYSTEM_INFO	Car_Generic &lt;insert.your.version.no&gt; #179	student@desktop-35mn2a9 2021-07-22 17:36:15	(9.1.1 fh@obelix.ipg 2020-12-18 15:49:12)
SIM	1626968244	DESKTOP-35MN2A9			0	0	0
SIM	1626968258	DESKTOP-35MN2A9	student	Examples/BasicFunctions/Driver/ChangingLanes	2	0	0
SIM	1626968461	DESKTOP-35MN2A9	student	Examples/BasicFunctions/Driver/ChangingLanes	0	52.211	1517.52


SYSTEM_START	-	DESKTOP-35MN2A9	DESKTOP-35MN2A9	2021-07-22 17:42:37


SYSTEM_INFO	Car_Generic &lt;insert.your.version.no&gt; #180	student@desktop-35mn2a9 2021-07-22 17:42:10	(9.1.1 fh@obelix.ipg 2020-12-18 15:49:12)
SIM	1626968558	DESKTOP-35MN2A9			0	0	0
SIM	1626968563	DESKTOP-35MN2A9	student	Examples/BasicFunctions/Driver/ChangingLanes	0	41.747	1238.25


SYSTEM_START	-	DESKTOP-35MN2A9	DESKTOP-35MN2A9	2021-07-22 17:43:50


SYSTEM_INFO	Car_Generic &lt;insert.your.version.no&gt; #181	student@desktop-35mn2a9 2021-07-22 17:43:36	(9.1.1 fh@obelix.ipg 2020-12-18 15:49:12)
SIM	1626968630	DESKTOP-35MN2A9			0	0	0
SIM	1626968635	DESKTOP-35MN2A9	student	Examples/BasicFunctions/Driver/ChangingLanes	0	49.185	1479.99


SYSTEM_START	-	DESKTOP-35MN2A9	DESKTOP-35MN2A9	2021-07-22 17:47:09


SYSTEM_INFO	Car_Generic &lt;insert.your.version.no&gt; #182	student@desktop-35mn2a9 2021-07-22 17:46:56	(9.1.1 fh@obelix.ipg 2020-12-18 15:49:12)
SIM	1626968830	DESKTOP-35MN2A9			0	0	0
SIM	1626968836	DESKTOP-35MN2A9	student	Examples/BasicFunctions/Driver/ChangingLanes	0	105.972	2631.38


SYSTEM_START	-	DESKTOP-35MN2A9	DESKTOP-35MN2A9	2021-07-22 17:57:23


SYSTEM_INFO	Car_Generic &lt;insert.your.version.no&gt; #185	student@desktop-35mn2a9 2021-07-22 17:55:42	(9.1.1 fh@obelix.ipg 2020-12-18 15:49:12)
SIM	1626969443	DESKTOP-35MN2A9			0	0	0
SIM	1626969473	DESKTOP-35MN2A9	student	Examples/BasicFunctions/Driver/ChangingLanes	0	65.573	1850.5


SYSTEM_START	-	DESKTOP-35MN2A9	DESKTOP-35MN2A9	2021-07-29 10:56:38


SYSTEM_INFO	Car_Generic &lt;insert.your.version.no&gt; #188	student@desktop-35mn2a9 2021-07-29 10:54:28	(9.1.1 fh@obelix.ipg 2020-12-18 15:49:12)
SIM	1627548999	DESKTOP-35MN2A9			0	0	0
SIM	1627549019	DESKTOP-35MN2A9	student	Examples/BasicFunctions/Driver/ChangingLanes	2	0	0
SIM	1627549062	DESKTOP-35MN2A9	student	Examples/BasicFunctions/Driver/ChangingLanes	2	0	0
SIM	1627549067	DESKTOP-35MN2A9	student	Examples/BasicFunctions/Driver/ChangingLanes	2	0	0
SIM	1627549104	DESKTOP-35MN2A9	student	Examples/BasicFunctions/Driver/ChangingLanes	2	0	0
SIM	1627549311	DESKTOP-35MN2A9	student	Examples/BasicFunctions/Driver/ChangingLanes	0	105.972	2631.38
SIM	1627549448	DESKTOP-35MN2A9	student	Examples/BasicFunctions/Driver/ChangingLanes	0	65.692	1854.04


SYSTEM_START	-	DESKTOP-35MN2A9	DESKTOP-35MN2A9	2021-07-29 11:13:22


SYSTEM_INFO	Car_Generic &lt;insert.your.version.no&gt; #189	student@desktop-35mn2a9 2021-07-29 11:12:58	(9.1.1 fh@obelix.ipg 2020-12-18 15:49:12)
SIM	1627550003	DESKTOP-35MN2A9			0	0	0
SIM	1627550011	DESKTOP-35MN2A9	student	Examples/BasicFunctions/Driver/ChangingLanes	0	21.644	701.037


SYSTEM_START	-	DESKTOP-35MN2A9	DESKTOP-35MN2A9	2021-07-29 11:23:00


SYSTEM_INFO	Car_Generic &lt;insert.your.version.no&gt; #190	student@desktop-35mn2a9 2021-07-29 11:22:27	(9.1.1 fh@obelix.ipg 2020-12-18 15:49:12)
SIM	1627550581	DESKTOP-35MN2A9			0	0	0
SIM	1627550599	DESKTOP-35MN2A9	student	Examples/BasicFunctions/Driver/ChangingLanes	0	80.46	2240.18


SYSTEM_START	-	DESKTOP-35MN2A9	DESKTOP-35MN2A9	2021-07-29 11:30:28


SYSTEM_INFO	Car_Generic &lt;insert.your.version.no&gt; #191	student@desktop-35mn2a9 2021-07-29 11:30:16	(9.1.1 fh@obelix.ipg 2020-12-18 15:49:12)
SIM	1627551029	DESKTOP-35MN2A9			0	0	0
SIM	1627551040	DESKTOP-35MN2A9	student	Examples/BasicFunctions/Driver/ChangingLanes	0	57.902	1566.29


SYSTEM_START	-	DESKTOP-35MN2A9	DESKTOP-35MN2A9	2021-07-29 11:33:36


SYSTEM_INFO	Car_Generic &lt;insert.your.version.no&gt; #192	student@desktop-35mn2a9 2021-07-29 11:33:23	(9.1.1 fh@obelix.ipg 2020-12-18 15:49:12)
SIM	1627551217	DESKTOP-35MN2A9			0	0	0
SIM	1627551246	DESKTOP-35MN2A9	student	Examples/BasicFunctions/Driver/ChangingLanes	1	71.472	2090.45


SYSTEM_START	-	DESKTOP-35MN2A9	DESKTOP-35MN2A9	2021-07-29 13:55:27


SYSTEM_INFO	Car_Generic &lt;insert.your.version.no&gt; #194	student@desktop-35mn2a9 2021-07-29 13:54:26	(9.1.1 fh@obelix.ipg 2020-12-18 15:49:12)
SIM	1627559728	DESKTOP-35MN2A9			0	0	0
SIM	1627559731	DESKTOP-35MN2A9	student	Examples/BasicFunctions/Driver/ChangingLanes	2	0	0
SIM	1627559800	DESKTOP-35MN2A9	student	Examples/BasicFunctions/Driver/ChangingLanes	0	0	0


SYSTEM_START	-	DESKTOP-35MN2A9	DESKTOP-35MN2A9	2021-07-29 13:56:51


SYSTEM_INFO	Car_Generic &lt;insert.your.version.no&gt; #194	student@desktop-35mn2a9 2021-07-29 13:54:26	(9.1.1 fh@obelix.ipg 2020-12-18 15:49:12)
SIM	1627559811	DESKTOP-35MN2A9			0	0	0


SYSTEM_START	-	DESKTOP-35MN2A9	DESKTOP-35MN2A9	2021-07-29 13:57:01


SYSTEM_INFO	Car_Generic &lt;insert.your.version.no&gt; #194	student@desktop-35mn2a9 2021-07-29 13:54:26	(9.1.1 fh@obelix.ipg 2020-12-18 15:49:12)
SIM	1627559822	DESKTOP-35MN2A9			0	0	0
SIM	1627559828	DESKTOP-35MN2A9	student	Examples/BasicFunctions/Driver/ChangingLanes	0	39.391	1341.94


SYSTEM_START	-	DESKTOP-35MN2A9	DESKTOP-35MN2A9	2021-07-29 14:03:06


SYSTEM_INFO	Car_Generic &lt;insert.your.version.no&gt; #195	student@desktop-35mn2a9 2021-07-29 14:01:16	(9.1.1 fh@obelix.ipg 2020-12-18 15:49:12)
SIM	1627560186	DESKTOP-35MN2A9			0	0	0
SIM	1627560193	DESKTOP-35MN2A9	student	Examples/BasicFunctions/Driver/ChangingLanes	1	65.348	2093.76
SIM	1627560443	DESKTOP-35MN2A9	student	Examples/BasicFunctions/Driver/ChangingLanes	0	91.049	2634.87


SYSTEM_START	-	DESKTOP-35MN2A9	DESKTOP-35MN2A9	2021-07-29 14:26:19


SYSTEM_INFO	Car_Generic &lt;insert.your.version.no&gt; #195	student@desktop-35mn2a9 2021-07-29 14:01:16	(9.1.1 fh@obelix.ipg 2020-12-18 15:49:12)
SIM	1627561580	DESKTOP-35MN2A9			0	0	0
SIM	1627561599	DESKTOP-35MN2A9	student	Examples/BasicFunctions/Driver/ChangingLanes	2	0	0
SIM	1627561622	DESKTOP-35MN2A9	student	Examples/BasicFunctions/Driver/ChangingLanes	0	23.023	750.853
SIM	1627561795	DESKTOP-35MN2A9	student	Examples/BasicFunctions/Driver/ChangingLanes	0	43.235	1469.66


SYSTEM_START	-	DESKTOP-35MN2A9	DESKTOP-35MN2A9	2021-07-29 15:10:27


SYSTEM_INFO	Car_Generic &lt;insert.your.version.no&gt; #196	student@desktop-35mn2a9 2021-07-29 15:10:07	(9.1.1 fh@obelix.ipg 2020-12-18 15:49:12)
SIM	1627564227	DESKTOP-35MN2A9			0	0	0
SIM	1627564239	DESKTOP-35MN2A9	student	Examples/BasicFunctions/Driver/ChangingLanes	0	70.335	2212.15
SIM	1627564477	DESKTOP-35MN2A9	student	Examples/BasicFunctions/Driver/ChangingLanes	0	81.36	2232.65
SIM	1627564569	DESKTOP-35MN2A9	student	Examples/BasicFunctions/Driver/ChangingLanes	0	45.96	1469.69


SYSTEM_START	-	DESKTOP-35MN2A9	DESKTOP-35MN2A9	2021-07-29 15:35:35


SYSTEM_INFO	Car_Generic &lt;insert.your.version.no&gt; #197	student@desktop-35mn2a9 2021-07-29 15:35:18	(9.1.1 fh@obelix.ipg 2020-12-18 15:49:12)
SIM	1627565736	DESKTOP-35MN2A9			0	0	0
SIM	1627565755	DESKTOP-35MN2A9	student	Examples/BasicFunctions/Driver/ChangingLanes	1	13.301	406.176


SYSTEM_START	-	DESKTOP-35MN2A9	DESKTOP-35MN2A9	2021-07-29 15:37:29


SYSTEM_INFO	Car_Generic &lt;insert.your.version.no&gt; #197	student@desktop-35mn2a9 2021-07-29 15:35:18	(9.1.1 fh@obelix.ipg 2020-12-18 15:49:12)
SIM	1627565850	DESKTOP-35MN2A9			0	0	0
SIM	1627565856	DESKTOP-35MN2A9	student	Examples/BasicFunctions/Driver/ChangingLanes	0	8.426	236.938


SYSTEM_START	-	DESKTOP-35MN2A9	DESKTOP-35MN2A9	2021-07-29 15:41:35


SYSTEM_INFO	Car_Generic &lt;insert.your.version.no&gt; #198	student@desktop-35mn2a9 2021-07-29 15:41:07	(9.1.1 fh@obelix.ipg 2020-12-18 15:49:12)
SIM	1627566096	DESKTOP-35MN2A9			0	0	0
SIM	1627566103	DESKTOP-35MN2A9	student	Examples/BasicFunctions/Driver/ChangingLanes	1	13.801	424.019


SYSTEM_START	-	DESKTOP-35MN2A9	DESKTOP-35MN2A9	2021-07-29 15:43:38


SYSTEM_INFO	Car_Generic &lt;insert.your.version.no&gt; #199	student@desktop-35mn2a9 2021-07-29 15:43:27	(9.1.1 fh@obelix.ipg 2020-12-18 15:49:12)
SIM	1627566219	DESKTOP-35MN2A9			0	0	0
SIM	1627566236	DESKTOP-35MN2A9	student	Examples/BasicFunctions/Driver/ChangingLanes	0	100.983	2634.85


SYSTEM_START	-	DESKTOP-35MN2A9	DESKTOP-35MN2A9	2021-07-29 15:49:03


SYSTEM_INFO	Car_Generic &lt;insert.your.version.no&gt; #200	student@desktop-35mn2a9 2021-07-29 15:48:47	(9.1.1 fh@obelix.ipg 2020-12-18 15:49:12)
SIM	1627566544	DESKTOP-35MN2A9			0	0	0
SIM	1627566550	DESKTOP-35MN2A9	student	Examples/BasicFunctions/Driver/ChangingLanes	0	8.767	248.363


SYSTEM_START	-	DESKTOP-35MN2A9	DESKTOP-35MN2A9	2021-07-29 15:54:11


SYSTEM_INFO	Car_Generic &lt;insert.your.version.no&gt; #201	student@desktop-35mn2a9 2021-07-29 15:53:59	(9.1.1 fh@obelix.ipg 2020-12-18 15:49:12)
SIM	1627566852	DESKTOP-35MN2A9			0	0	0
SIM	1627566860	DESKTOP-35MN2A9	student	Examples/BasicFunctions/Driver/ChangingLanes	1	15.701	492.156


SYSTEM_START	-	DESKTOP-35MN2A9	DESKTOP-35MN2A9	2021-07-29 16:04:58


SYSTEM_INFO	Car_Generic &lt;insert.your.version.no&gt; #202	student@desktop-35mn2a9 2021-07-29 16:04:38	(9.1.1 fh@obelix.ipg 2020-12-18 15:49:12)
SIM	1627567498	DESKTOP-35MN2A9			0	0	0
SIM	1627567510	DESKTOP-35MN2A9	student	Examples/BasicFunctions/Driver/ChangingLanes	1	4.801	119.604


SYSTEM_START	-	DESKTOP-35MN2A9	DESKTOP-35MN2A9	2021-07-29 16:06:39


SYSTEM_INFO	Car_Generic &lt;insert.your.version.no&gt; #203	student@desktop-35mn2a9 2021-07-29 16:06:21	(9.1.1 fh@obelix.ipg 2020-12-18 15:49:12)
SIM	1627567599	DESKTOP-35MN2A9			0	0	0
SIM	1627567606	DESKTOP-35MN2A9	student	Examples/BasicFunctions/Driver/ChangingLanes	0	15.128	471.563


SYSTEM_START	-	DESKTOP-35MN2A9	DESKTOP-35MN2A9	2021-07-29 16:11:19


SYSTEM_INFO	Car_Generic &lt;insert.your.version.no&gt; #204	student@desktop-35mn2a9 2021-07-29 16:11:01	(9.1.1 fh@obelix.ipg 2020-12-18 15:49:12)
SIM	1627567880	DESKTOP-35MN2A9			0	0	0
SIM	1627567885	DESKTOP-35MN2A9	student	Examples/BasicFunctions/Driver/ChangingLanes	0	0	0


SYSTEM_START	-	DESKTOP-35MN2A9	DESKTOP-35MN2A9	2021-07-29 16:11:36


SYSTEM_INFO	Car_Generic &lt;insert.your.version.no&gt; #204	student@desktop-35mn2a9 2021-07-29 16:11:01	(9.1.1 fh@obelix.ipg 2020-12-18 15:49:12)
SIM	1627567897	DESKTOP-35MN2A9			0	0	0
SIM	1627567905	DESKTOP-35MN2A9	student	Examples/BasicFunctions/Driver/ChangingLanes	0	22.682	743.984


SYSTEM_START	-	DESKTOP-35MN2A9	DESKTOP-35MN2A9	2021-07-29 16:15:44


SYSTEM_INFO	Car_Generic &lt;insert.your.version.no&gt; #206	student@desktop-35mn2a9 2021-07-29 16:15:28	(9.1.1 fh@obelix.ipg 2020-12-18 15:49:12)
SIM	1627568145	DESKTOP-35MN2A9			0	0	0
SIM	1627568151	DESKTOP-35MN2A9	student	Examples/BasicFunctions/Driver/ChangingLanes	1	84.301	2273.51
SIM	1627568550	DESKTOP-35MN2A9	student	Examples/BasicFunctions/Driver/ChangingLanes	1	73.747	2095.53
SIM	1627568748	DESKTOP-35MN2A9	student	Examples/BasicFunctions/Driver/ChangingLanes	0	23.427	771.224
SIM	1627568848	DESKTOP-35MN2A9	student	Examples/BasicFunctions/Driver/ChangingLanes	0	14.337	443.222
SIM	1627568874	DESKTOP-35MN2A9	student	Examples/BasicFunctions/Driver/ChangingLanes	0	12.304	371.353
SIM	1627568927	DESKTOP-35MN2A9	student	Examples/BasicFunctions/Driver/ChangingLanes	0	21.358	697.034
SIM	1627568999	DESKTOP-35MN2A9	student	Examples/BasicFunctions/Driver/ChangingLanes	0	35.589	1041.06


SYSTEM_START	-	DESKTOP-35MN2A9	DESKTOP-35MN2A9	2021-07-29 16:33:47


SYSTEM_INFO	Car_Generic &lt;insert.your.version.no&gt; #207	student@desktop-35mn2a9 2021-07-29 16:33:33	(9.1.1 fh@obelix.ipg 2020-12-18 15:49:12)
SIM	1627569227	DESKTOP-35MN2A9			0	0	0
SIM	1627569247	DESKTOP-35MN2A9	student	Examples/BasicFunctions/Driver/ChangingLanes	1	13.401	409.404


SYSTEM_START	-	DESKTOP-35MN2A9	DESKTOP-35MN2A9	2021-07-29 16:35:28


SYSTEM_INFO	Car_Generic &lt;insert.your.version.no&gt; #208	student@desktop-35mn2a9 2021-07-29 16:35:17	(9.1.1 fh@obelix.ipg 2020-12-18 15:49:12)
SIM	1627569329	DESKTOP-35MN2A9			0	0	0
SIM	1627569337	DESKTOP-35MN2A9	student	Examples/BasicFunctions/Driver/ChangingLanes	0	47.351	1437.42


SYSTEM_START	-	DESKTOP-35MN2A9	DESKTOP-35MN2A9	2021-07-29 16:48:24


SYSTEM_INFO	Car_Generic &lt;insert.your.version.no&gt; #209	student@desktop-35mn2a9 2021-07-29 16:47:57	(9.1.1 fh@obelix.ipg 2020-12-18 15:49:12)
SIM	1627570105	DESKTOP-35MN2A9			0	0	0
SIM	1627570115	DESKTOP-35MN2A9	student	Examples/BasicFunctions/Driver/ChangingLanes	0	90.365	2229.12
SIM	1627570217	DESKTOP-35MN2A9	student	Examples/BasicFunctions/Driver/ChangingLanes	0	16.629	526.301


SYSTEM_START	-	DESKTOP-35MN2A9	DESKTOP-35MN2A9	2021-07-29 16:50:50


SYSTEM_INFO	Car_Generic &lt;insert.your.version.no&gt; #209	student@desktop-35mn2a9 2021-07-29 16:47:57	(9.1.1 fh@obelix.ipg 2020-12-18 15:49:12)
SIM	1627570251	DESKTOP-35MN2A9			0	0	0
SIM	1627570258	DESKTOP-35MN2A9	student	Examples/BasicFunctions/Driver/ChangingLanes	0	94.348	2496.98
SIM	1627570447	DESKTOP-35MN2A9	student	Examples/BasicFunctions/Driver/ChangingLanes	0	88.543	2251.53
SIM	1627570634	DESKTOP-35MN2A9	student	Examples/BasicFunctions/Driver/ChangingLanes	0	46.177	1401.2


SYSTEM_START	-	DESKTOP-35MN2A9	DESKTOP-35MN2A9	2021-07-29 17:00:52


SYSTEM_INFO	Car_Generic &lt;insert.your.version.no&gt; #210	student@desktop-35mn2a9 2021-07-29 17:00:19	(9.1.1 fh@obelix.ipg 2020-12-18 15:49:12)
SIM	1627570852	DESKTOP-35MN2A9			0	0	0
SIM	1627570867	DESKTOP-35MN2A9	student	Examples/BasicFunctions/Driver/ChangingLanes	0	81.702	1183.86


SYSTEM_START	-	DESKTOP-35MN2A9	DESKTOP-35MN2A9	2021-07-29 17:03:46


SYSTEM_INFO	Car_Generic &lt;insert.your.version.no&gt; #211	student@desktop-35mn2a9 2021-07-29 17:03:13	(9.1.1 fh@obelix.ipg 2020-12-18 15:49:12)
SIM	1627571026	DESKTOP-35MN2A9			0	0	0
SIM	1627571033	DESKTOP-35MN2A9	student	Examples/BasicFunctions/Driver/ChangingLanes	0	86.833	2555.1


SYSTEM_START	-	DESKTOP-35MN2A9	DESKTOP-35MN2A9	2021-07-29 17:20:33


SYSTEM_INFO	Car_Generic &lt;insert.your.version.no&gt; #212	student@desktop-35mn2a9 2021-07-29 17:19:58	(9.1.1 fh@obelix.ipg 2020-12-18 15:49:12)
SIM	1627572033	DESKTOP-35MN2A9			0	0	0
SIM	1627572043	DESKTOP-35MN2A9	student	Examples/BasicFunctions/Driver/ChangingLanes	0	90.212	2626.07
SIM	1627572243	DESKTOP-35MN2A9	student	Examples/BasicFunctions/Driver/ChangingLanes	1	14.469	452.696
SIM	1627572293	DESKTOP-35MN2A9	student	Examples/BasicFunctions/Driver/ChangingLanes	1	5.401	139.234
SIM	1627572315	DESKTOP-35MN2A9	student	Examples/BasicFunctions/Driver/ChangingLanes	1	5.401	139.081


SYSTEM_START	-	DESKTOP-35MN2A9	DESKTOP-35MN2A9	2021-07-29 17:25:53


SYSTEM_INFO	Car_Generic &lt;insert.your.version.no&gt; #212	student@desktop-35mn2a9 2021-07-29 17:19:58	(9.1.1 fh@obelix.ipg 2020-12-18 15:49:12)
SIM	1627572353	DESKTOP-35MN2A9			0	0	0
SIM	1627572368	DESKTOP-35MN2A9	student	Examples/BasicFunctions/Driver/ChangingLanes	0	90.513	2632.63
SIM	1627572578	DESKTOP-35MN2A9	student	Examples/BasicFunctions/Driver/ChangingLanes	0	2.357	49.1972
SIM	1627572603	DESKTOP-35MN2A9	student	Examples/BasicFunctions/Driver/ChangingLanes	1	3.29	74.6675


SYSTEM_START	-	DESKTOP-35MN2A9	DESKTOP-35MN2A9	2021-07-29 17:30:29


SYSTEM_INFO	Car_Generic &lt;insert.your.version.no&gt; #212	student@desktop-35mn2a9 2021-07-29 17:19:58	(9.1.1 fh@obelix.ipg 2020-12-18 15:49:12)
SIM	1627572629	DESKTOP-35MN2A9			0	0	0
SIM	1627572635	DESKTOP-35MN2A9	student	Examples/BasicFunctions/Driver/ChangingLanes	0	32.76	1112.99


SYSTEM_START	-	DESKTOP-35MN2A9	DESKTOP-35MN2A9	2021-08-03 21:56:55


SYSTEM_INFO	Car_Generic &lt;insert.your.version.no&gt; #213	student@desktop-35mn2a9 2021-08-03 21:55:48	(9.1.1 fh@obelix.ipg 2020-12-18 15:49:12)
SIM	1628020615	DESKTOP-35MN2A9			0	0	0
SIM	1628020636	DESKTOP-35MN2A9	student	Examples/BasicFunctions/Driver/ChangingLanes	0	26.03	864.849
SIM	1628020889	DESKTOP-35MN2A9	student	Examples/BasicFunctions/Driver/ChangingLanes	0	90.517	2631.39
SIM	1628021061	DESKTOP-35MN2A9	student	Examples/BasicFunctions/Driver/ChangingLanes	0	90.522	2631.66


SYSTEM_START	-	DESKTOP-35MN2A9	DESKTOP-35MN2A9	2021-08-03 22:08:56


SYSTEM_INFO	Car_Generic &lt;insert.your.version.no&gt; #215	student@desktop-35mn2a9 2021-08-03 22:08:27	(9.1.1 fh@obelix.ipg 2020-12-18 15:49:12)
SIM	1628021336	DESKTOP-35MN2A9			0	0	0
SIM	1628021343	DESKTOP-35MN2A9	student	Examples/BasicFunctions/Driver/ChangingLanes	0	90.729	2633.55


SYSTEM_START	-	DESKTOP-35MN2A9	DESKTOP-35MN2A9	2021-08-03 22:13:36


SYSTEM_INFO	Car_Generic &lt;insert.your.version.no&gt; #216	student@desktop-35mn2a9 2021-08-03 22:13:07	(9.1.1 fh@obelix.ipg 2020-12-18 15:49:12)
SIM	1628021616	DESKTOP-35MN2A9			0	0	0
SIM	1628021625	DESKTOP-35MN2A9	student	Examples/BasicFunctions/Driver/ChangingLanes	1	73.301	2272.93


SYSTEM_START	-	DESKTOP-35MN2A9	DESKTOP-35MN2A9	2021-08-03 22:20:21


SYSTEM_INFO	Car_Generic &lt;insert.your.version.no&gt; #217	student@desktop-35mn2a9 2021-08-03 22:19:55	(9.1.1 fh@obelix.ipg 2020-12-18 15:49:12)
SIM	1628022021	DESKTOP-35MN2A9			0	0	0
SIM	1628022031	DESKTOP-35MN2A9	student	Examples/BasicFunctions/Driver/ChangingLanes	0	15.121	471.1


SYSTEM_START	-	DESKTOP-35MN2A9	DESKTOP-35MN2A9	2021-08-03 22:39:34


SYSTEM_INFO	Car_Generic &lt;insert.your.version.no&gt; #220	student@desktop-35mn2a9 2021-08-03 22:39:03	(9.1.1 fh@obelix.ipg 2020-12-18 15:49:12)
SIM	1628023175	DESKTOP-35MN2A9			0	0	0
SIM	1628023182	DESKTOP-35MN2A9	student	Examples/BasicFunctions/Driver/ChangingLanes	0	80.706	2424.09


SYSTEM_START	-	DESKTOP-35MN2A9	DESKTOP-35MN2A9	2021-08-03 22:46:04


SYSTEM_INFO	Car_Generic &lt;insert.your.version.no&gt; #220	student@desktop-35mn2a9 2021-08-03 22:39:03	(9.1.1 fh@obelix.ipg 2020-12-18 15:49:12)
SIM	1628023564	DESKTOP-35MN2A9			0	0	0


SYSTEM_START	-	DESKTOP-35MN2A9	DESKTOP-35MN2A9	2021-08-03 22:46:31


SYSTEM_INFO	Car_Generic &lt;insert.your.version.no&gt; #221	student@desktop-35mn2a9 2021-08-03 22:46:09	(9.1.1 fh@obelix.ipg 2020-12-18 15:49:12)
SIM	1628023592	DESKTOP-35MN2A9			0	0	0
SIM	1628023601	DESKTOP-35MN2A9	student	Examples/BasicFunctions/Driver/ChangingLanes	0	12.424	374.306


SYSTEM_START	-	DESKTOP-35MN2A9	DESKTOP-35MN2A9	2021-08-03 22:48:50


SYSTEM_INFO	Car_Generic &lt;insert.your.version.no&gt; #222	student@desktop-35mn2a9 2021-08-03 22:48:34	(9.1.1 fh@obelix.ipg 2020-12-18 15:49:12)
SIM	1628023731	DESKTOP-35MN2A9			0	0	0
SIM	1628023740	DESKTOP-35MN2A9	student	Examples/BasicFunctions/Driver/ChangingLanes	0	90.659	2632.42


SYSTEM_START	-	DESKTOP-35MN2A9	DESKTOP-35MN2A9	2021-08-03 22:54:22


SYSTEM_INFO	Car_Generic &lt;insert.your.version.no&gt; #224	student@desktop-35mn2a9 2021-08-03 22:54:09	(9.1.1 fh@obelix.ipg 2020-12-18 15:49:12)
SIM	1628024062	DESKTOP-35MN2A9			0	0	0
SIM	1628024069	DESKTOP-35MN2A9	student	Examples/BasicFunctions/Driver/ChangingLanes	0	48.615	1629.22
SIM	1628024178	DESKTOP-35MN2A9	student	Examples/BasicFunctions/Driver/ChangingLanes	0	65.275	2093.96
SIM	1628024271	DESKTOP-35MN2A9	student	Examples/BasicFunctions/Driver/ChangingLanes	0	49.903	1666.06
SIM	1628024350	DESKTOP-35MN2A9	student	Examples/BasicFunctions/Driver/ChangingLanes	0	80.604	2423.25
SIM	1628024457	DESKTOP-35MN2A9	student	Examples/BasicFunctions/Driver/ChangingLanes	0	58.886	1916.44


SYSTEM_START	-	DESKTOP-35MN2A9	DESKTOP-35MN2A9	2021-08-03 23:03:36


SYSTEM_INFO	Car_Generic &lt;insert.your.version.no&gt; #226	student@desktop-35mn2a9 2021-08-03 23:03:24	(9.1.1 fh@obelix.ipg 2020-12-18 15:49:12)
SIM	1628024616	DESKTOP-35MN2A9			0	0	0
SIM	1628024622	DESKTOP-35MN2A9	student	Examples/BasicFunctions/Driver/ChangingLanes	0	52.998	1752.23


SYSTEM_START	-	DESKTOP-35MN2A9	DESKTOP-35MN2A9	2021-08-03 23:07:15


SYSTEM_INFO	Car_Generic &lt;insert.your.version.no&gt; #229	student@desktop-35mn2a9 2021-08-03 23:06:46	(9.1.1 fh@obelix.ipg 2020-12-18 15:49:12)
SIM	1628024836	DESKTOP-35MN2A9			0	0	0
SIM	1628024842	DESKTOP-35MN2A9	student	Examples/BasicFunctions/Driver/ChangingLanes	0	90.466	2629.16


SYSTEM_START	-	DESKTOP-35MN2A9	DESKTOP-35MN2A9	2021-08-03 23:16:13


SYSTEM_INFO	Car_Generic &lt;insert.your.version.no&gt; #235	student@desktop-35mn2a9 2021-08-03 23:16:00	(9.1.1 fh@obelix.ipg 2020-12-18 15:49:12)
SIM	1628025373	DESKTOP-35MN2A9			0	0	0
SIM	1628025380	DESKTOP-35MN2A9	student	Examples/BasicFunctions/Driver/ChangingLanes	0	32.885	1112.36


SYSTEM_START	-	DESKTOP-35MN2A9	DESKTOP-35MN2A9	2021-08-03 23:21:08


SYSTEM_INFO	Car_Generic &lt;insert.your.version.no&gt; #236	student@desktop-35mn2a9 2021-08-03 23:20:52	(9.1.1 fh@obelix.ipg 2020-12-18 15:49:12)
SIM	1628025668	DESKTOP-35MN2A9			0	0	0
SIM	1628025676	DESKTOP-35MN2A9	student	Examples/BasicFunctions/Driver/ChangingLanes	0	5.259	129.873
SIM	1628025693	DESKTOP-35MN2A9	student	Examples/BasicFunctions/Driver/ChangingLanes	0	39.456	1350.2


SYSTEM_START	-	DESKTOP-35MN2A9	DESKTOP-35MN2A9	2021-08-04 12:29:46


SYSTEM_INFO	Car_Generic &lt;insert.your.version.no&gt; #240	student@desktop-35mn2a9 2021-08-04 12:27:43	(9.1.1 fh@obelix.ipg 2020-12-18 15:49:12)
SIM	1628072986	DESKTOP-35MN2A9			0	0	0
SIM	1628073018	DESKTOP-35MN2A9	student	Examples/BasicFunctions/Driver/ChangingLanes	0	170.038	2631.2
SIM	1628073207	DESKTOP-35MN2A9	student	Examples/BasicFunctions/Driver/ChangingLanes	0	170.038	2631.32
SIM	1628073385	DESKTOP-35MN2A9	student	Examples/BasicFunctions/Driver/ChangingLanes	0	170.038	2631.32


SYSTEM_START	-	DESKTOP-35MN2A9	DESKTOP-35MN2A9	2021-08-04 12:42:35


SYSTEM_INFO	Car_Generic &lt;insert.your.version.no&gt; #242	student@desktop-35mn2a9 2021-08-04 12:42:21	(9.1.1 fh@obelix.ipg 2020-12-18 15:49:12)
SIM	1628073756	DESKTOP-35MN2A9			0	0	0
SIM	1628073757	DESKTOP-35MN2A9	student	Examples/BasicFunctions/Driver/ChangingLanes	0	94.235	2629.09
SIM	1628073893	DESKTOP-35MN2A9	student	Examples/BasicFunctions/Driver/ChangingLanes	0	94.233	2629.11


SYSTEM_START	-	DESKTOP-35MN2A9	DESKTOP-35MN2A9	2021-08-04 14:56:54


SYSTEM_INFO	Car_Generic &lt;insert.your.version.no&gt; #242	student@desktop-35mn2a9 2021-08-04 12:42:21	(9.1.1 fh@obelix.ipg 2020-12-18 15:49:12)
SIM	1628081814	DESKTOP-35MN2A9			0	0	0
SIM	1628081816	DESKTOP-35MN2A9	student	Examples/BasicFunctions/Driver/ChangingLanes	0	94.235	2629.09
SIM	1628081923	DESKTOP-35MN2A9	student	Examples/BasicFunctions/Driver/ChangingLanes	0	94.233	2629.11


SYSTEM_START	-	DESKTOP-35MN2A9	DESKTOP-35MN2A9	2021-08-04 15:08:47


SYSTEM_INFO	Car_Generic &lt;insert.your.version.no&gt; #245	student@desktop-35mn2a9 2021-08-04 15:08:37	(9.1.1 fh@obelix.ipg 2020-12-18 15:49:12)
SIM	1628082527	DESKTOP-35MN2A9			0	0	0
SIM	1628082529	DESKTOP-35MN2A9	student	Examples/BasicFunctions/Driver/ChangingLanes	0	17.968	504.732
SIM	1628082553	DESKTOP-35MN2A9	student	Examples/BasicFunctions/Driver/ChangingLanes	0	32.157	1038.36
SIM	1628082597	DESKTOP-35MN2A9	student	Examples/BasicFunctions/Driver/ChangingLanes	0	60.978	1909.42
SIM	1628082936	DESKTOP-35MN2A9	student	Examples/BasicFunctions/Driver/ChangingLanes	0	65.523	2028.54
SIM	1628083208	DESKTOP-35MN2A9	student	Examples/BasicFunctions/Driver/ChangingLanes	0	58.351	1830.09


SYSTEM_START	-	DESKTOP-35MN2A9	DESKTOP-35MN2A9	2021-08-04 15:26:10


SYSTEM_INFO	Car_Generic &lt;insert.your.version.no&gt; #246	student@desktop-35mn2a9 2021-08-04 15:26:02	(9.1.1 fh@obelix.ipg 2020-12-18 15:49:12)
SIM	1628083571	DESKTOP-35MN2A9			0	0	0
SIM	1628083573	DESKTOP-35MN2A9	student	Examples/BasicFunctions/Driver/ChangingLanes	0	42.241	1372.12


SYSTEM_START	-	DESKTOP-35MN2A9	DESKTOP-35MN2A9	2021-08-04 15:27:56


SYSTEM_INFO	Car_Generic &lt;insert.your.version.no&gt; #247	student@desktop-35mn2a9 2021-08-04 15:27:46	(9.1.1 fh@obelix.ipg 2020-12-18 15:49:12)
SIM	1628083677	DESKTOP-35MN2A9			0	0	0
SIM	1628083679	DESKTOP-35MN2A9	student	Examples/BasicFunctions/Driver/ChangingLanes	1	13.701	332.54


SYSTEM_START	-	DESKTOP-35MN2A9	DESKTOP-35MN2A9	2021-08-04 15:30:13


SYSTEM_INFO	Car_Generic &lt;insert.your.version.no&gt; #248	student@desktop-35mn2a9 2021-08-04 15:29:56	(9.1.1 fh@obelix.ipg 2020-12-18 15:49:12)
SIM	1628083813	DESKTOP-35MN2A9			0	0	0
SIM	1628083815	DESKTOP-35MN2A9	student	Examples/BasicFunctions/Driver/ChangingLanes	0	98.541	2287.76


SYSTEM_START	-	DESKTOP-35MN2A9	DESKTOP-35MN2A9	2021-08-04 15:36:20


SYSTEM_INFO	Car_Generic &lt;insert.your.version.no&gt; #249	student@desktop-35mn2a9 2021-08-04 15:36:10	(9.1.1 fh@obelix.ipg 2020-12-18 15:49:12)
SIM	1628084180	DESKTOP-35MN2A9			0	0	0
SIM	1628084182	DESKTOP-35MN2A9	student	Examples/BasicFunctions/Driver/ChangingLanes	0	47.454	1522.57


SYSTEM_START	-	DESKTOP-35MN2A9	DESKTOP-35MN2A9	2021-08-04 15:39:29


SYSTEM_INFO	Car_Generic &lt;insert.your.version.no&gt; #250	student@desktop-35mn2a9 2021-08-04 15:39:17	(9.1.1 fh@obelix.ipg 2020-12-18 15:49:12)
SIM	1628084369	DESKTOP-35MN2A9			0	0	0
SIM	1628084371	DESKTOP-35MN2A9	student	Examples/BasicFunctions/Driver/ChangingLanes	0	42.227	1371.08


SYSTEM_START	-	DESKTOP-35MN2A9	DESKTOP-35MN2A9	2021-08-04 15:41:41


SYSTEM_INFO	Car_Generic &lt;insert.your.version.no&gt; #252	student@desktop-35mn2a9 2021-08-04 15:41:34	(9.1.1 fh@obelix.ipg 2020-12-18 15:49:12)
SIM	1628084502	DESKTOP-35MN2A9			0	0	0
SIM	1628084504	DESKTOP-35MN2A9	student	Examples/BasicFunctions/Driver/ChangingLanes	0	44.666	1356.03


SYSTEM_START	-	DESKTOP-35MN2A9	DESKTOP-35MN2A9	2021-08-04 15:44:14


SYSTEM_INFO	Car_Generic &lt;insert.your.version.no&gt; #253	student@desktop-35mn2a9 2021-08-04 15:44:04	(9.1.1 fh@obelix.ipg 2020-12-18 15:49:12)
SIM	1628084654	DESKTOP-35MN2A9			0	0	0
SIM	1628084656	DESKTOP-35MN2A9	student	Examples/BasicFunctions/Driver/ChangingLanes	0	63.897	1972.19


SYSTEM_START	-	DESKTOP-35MN2A9	DESKTOP-35MN2A9	2021-08-04 15:49:03


SYSTEM_INFO	Car_Generic &lt;insert.your.version.no&gt; #254	student@desktop-35mn2a9 2021-08-04 15:48:36	(9.1.1 fh@obelix.ipg 2020-12-18 15:49:12)
SIM	1628084943	DESKTOP-35MN2A9			0	0	0
SIM	1628084945	DESKTOP-35MN2A9	student	Examples/BasicFunctions/Driver/ChangingLanes	0	93.462	2629.01
SIM	1628085090	DESKTOP-35MN2A9	student	Examples/BasicFunctions/Driver/ChangingLanes	0	43.662	1386.7
SIM	1628086975	DESKTOP-35MN2A9	student	Examples/BasicFunctions/Driver/ChangingLanes_followCar	0	13.298	435.54
SIM	1628086993	DESKTOP-35MN2A9	student	Examples/BasicFunctions/Driver/ChangingLanes_followCar	0	24.87	855.236
SIM	1628087117	DESKTOP-35MN2A9	student	Examples/BasicFunctions/Driver/ChangingLanes_followCar	0	94.92	2631.35
SIM	1628087297	DESKTOP-35MN2A9	student	Examples/BasicFunctions/Driver/ChangingLanes_followCar	0	84.321	2409.37
SIM	1628087425	DESKTOP-35MN2A9	student	Examples/BasicFunctions/Driver/ChangingLanes_followCar	0	29.041	833.35
SIM	1628087477	DESKTOP-35MN2A9	student	Examples/BasicFunctions/Driver/ChangingLanes_followCar	0	99.901	2631.34


SYSTEM_START	-	DESKTOP-35MN2A9	DESKTOP-35MN2A9	2021-08-04 17:17:01


SYSTEM_INFO	Car_Generic &lt;insert.your.version.no&gt; #256	student@desktop-35mn2a9 2021-08-04 17:16:49	(9.1.1 fh@obelix.ipg 2020-12-18 15:49:12)
SIM	1628090221	DESKTOP-35MN2A9			0	0	0
SIM	1628090223	DESKTOP-35MN2A9	student	Examples/BasicFunctions/Driver/ChangingLanes_followCar	0	13.207	371.592
SIM	1628090260	DESKTOP-35MN2A9	student	Examples/BasicFunctions/Driver/ChangingLanes_followCar	0	8.861	245.565


SYSTEM_START	-	DESKTOP-35MN2A9	DESKTOP-35MN2A9	2021-08-04 19:11:27


SYSTEM_INFO	Car_Generic &lt;insert.your.version.no&gt; #268	student@desktop-35mn2a9 2021-08-04 19:09:25	(9.1.1 fh@obelix.ipg 2020-12-18 15:49:12)
SIM	1628097087	DESKTOP-35MN2A9			0	0	0
SIM	1628097094	DESKTOP-35MN2A9	student	Examples/BasicFunctions/Driver/ChangingLanes_follow_leftLaneBlocked	2	0	0


SYSTEM_START	-	DESKTOP-35MN2A9	DESKTOP-35MN2A9	2021-08-04 19:12:46


SYSTEM_INFO	Car_Generic &lt;insert.your.version.no&gt; #268	student@desktop-35mn2a9 2021-08-04 19:09:25	(9.1.1 fh@obelix.ipg 2020-12-18 15:49:12)
SIM	1628097167	DESKTOP-35MN2A9			0	0	0
SIM	1628097178	DESKTOP-35MN2A9	student	Examples/BasicFunctions/Driver/ChangingLanes_follow_leftLaneBlocked	0	122.694	2631.01
SIM	1628097468	DESKTOP-35MN2A9	student	Examples/BasicFunctions/Driver/ChangingLanes_follow_leftLaneBlocked	0	122.694	2631.1
