u:\repo3\pse_2021_gruppe_01\src\debug\carmaker-win64\vc142.pdb
u:\repo3\pse_2021_gruppe_01\src\debug\carmaker-win64\cm_main.obj
u:\repo3\pse_2021_gruppe_01\src\debug\carmaker-win64\cm_vehicle.obj
u:\repo3\pse_2021_gruppe_01\src\debug\carmaker-win64\user.obj
u:\repo3\pse_2021_gruppe_01\src\debug\carmaker-win64\pid_controller.obj
u:\repo3\pse_2021_gruppe_01\src\debug\carmaker-win64\longcontroller.obj
u:\repo3\pse_2021_gruppe_01\src\debug\carmaker-win64\latcontroller.obj
u:\repo3\pse_2021_gruppe_01\src\debug\carmaker-win64\highway_pilot.obj
u:\repo3\pse_2021_gruppe_01\src\debug\carmaker-win64\app_tmp.obj
\\sccfs.scc.kit.edu\stud-home\projekt_se\pse_2021_gruppe_01\src\./debug/carmaker-win64/vcpkg.applocal.log
u:\repo3\pse_2021_gruppe_01\src\./debug/carmaker-win64/vcpkg.applocal.log
u:\repo3\pse_2021_gruppe_01\src\carmaker.win64.exe
u:\repo3\pse_2021_gruppe_01\src\carmaker.win64.pdb
u:\repo3\pse_2021_gruppe_01\src\debug\carmaker-win64\carmaker.tlog\cl.command.1.tlog
u:\repo3\pse_2021_gruppe_01\src\debug\carmaker-win64\carmaker.tlog\cl.write.1.tlog
u:\repo3\pse_2021_gruppe_01\src\debug\carmaker-win64\carmaker.tlog\cl.read.1.tlog
u:\repo3\pse_2021_gruppe_01\src\debug\carmaker-win64\carmaker.tlog\link.command.1.tlog
u:\repo3\pse_2021_gruppe_01\src\debug\carmaker-win64\carmaker.tlog\link.read.1.tlog
u:\repo3\pse_2021_gruppe_01\src\debug\carmaker-win64\carmaker.tlog\carmaker.write.1u.tlog
u:\repo3\pse_2021_gruppe_01\src\debug\carmaker-win64\carmaker.tlog\link.write.1.tlog
